.\Release\filesystem_stdio.pdb
C:\Users\blue2\Desktop\SM\HLS1 AZ - gameui dlll SECOND BAKKUPO\filesystem\filesystem_stdio\.\Release\filesystem_stdio.dll
C:\Users\blue2\Desktop\SM\HLS1 AZ - gameui dlll SECOND BAKKUPO\filesystem\filesystem_stdio\.\Release\filesystem_stdio.dll.intermediate.manifest
C:\USERS\BLUE2\DESKTOP\SM\HLS1 AZ - GAMEUI DLLL SECOND BAKKUPO\FILESYSTEM\FILESYSTEM_STDIO\RELEASE\BASEFILESYSTEM.OBJ
C:\USERS\BLUE2\DESKTOP\SM\HLS1 AZ - GAMEUI DLLL SECOND BAKKUPO\FILESYSTEM\FILESYSTEM_STDIO\RELEASE\CHARACTERSET.OBJ
C:\Users\blue2\Desktop\SM\HLS1 AZ - gameui dlll SECOND BAKKUPO\filesystem\filesystem_stdio\Release\cl.command.1.tlog
C:\Users\blue2\Desktop\SM\HLS1 AZ - gameui dlll SECOND BAKKUPO\filesystem\filesystem_stdio\Release\CL.read.1.tlog
C:\Users\blue2\Desktop\SM\HLS1 AZ - gameui dlll SECOND BAKKUPO\filesystem\filesystem_stdio\Release\CL.write.1.tlog
C:\USERS\BLUE2\DESKTOP\SM\HLS1 AZ - GAMEUI DLLL SECOND BAKKUPO\FILESYSTEM\FILESYSTEM_STDIO\RELEASE\FILESYSTEM_STDIO.DLL
C:\USERS\BLUE2\DESKTOP\SM\HLS1 AZ - GAMEUI DLLL SECOND BAKKUPO\FILESYSTEM\FILESYSTEM_STDIO\RELEASE\FILESYSTEM_STDIO.DLL.INTERMEDIATE.MANIFEST
C:\Users\blue2\Desktop\SM\HLS1 AZ - gameui dlll SECOND BAKKUPO\filesystem\filesystem_stdio\Release\filesystem_stdio.exp
C:\Users\blue2\Desktop\SM\HLS1 AZ - gameui dlll SECOND BAKKUPO\filesystem\filesystem_stdio\Release\filesystem_stdio.lib
C:\USERS\BLUE2\DESKTOP\SM\HLS1 AZ - GAMEUI DLLL SECOND BAKKUPO\FILESYSTEM\FILESYSTEM_STDIO\RELEASE\FILESYSTEM_STDIO.MAP
C:\USERS\BLUE2\DESKTOP\SM\HLS1 AZ - GAMEUI DLLL SECOND BAKKUPO\FILESYSTEM\FILESYSTEM_STDIO\RELEASE\FILESYSTEM_STDIO.OBJ
C:\USERS\BLUE2\DESKTOP\SM\HLS1 AZ - GAMEUI DLLL SECOND BAKKUPO\FILESYSTEM\FILESYSTEM_STDIO\RELEASE\FILESYSTEM_STDIO.PDB
C:\Users\blue2\Desktop\SM\HLS1 AZ - gameui dlll SECOND BAKKUPO\filesystem\filesystem_stdio\Release\filesystem_stdio.write.1.tlog
C:\USERS\BLUE2\DESKTOP\SM\HLS1 AZ - GAMEUI DLLL SECOND BAKKUPO\FILESYSTEM\FILESYSTEM_STDIO\RELEASE\FILESYSTEM_STEAM.OBJ
C:\USERS\BLUE2\DESKTOP\SM\HLS1 AZ - GAMEUI DLLL SECOND BAKKUPO\FILESYSTEM\FILESYSTEM_STDIO\RELEASE\INTERFACE.OBJ
C:\Users\blue2\Desktop\SM\HLS1 AZ - gameui dlll SECOND BAKKUPO\filesystem\filesystem_stdio\Release\link.command.1.tlog
C:\Users\blue2\Desktop\SM\HLS1 AZ - gameui dlll SECOND BAKKUPO\filesystem\filesystem_stdio\Release\link.read.1.tlog
C:\Users\blue2\Desktop\SM\HLS1 AZ - gameui dlll SECOND BAKKUPO\filesystem\filesystem_stdio\Release\link.write.1.tlog
C:\USERS\BLUE2\DESKTOP\SM\HLS1 AZ - GAMEUI DLLL SECOND BAKKUPO\FILESYSTEM\FILESYSTEM_STDIO\RELEASE\MEMOVERRIDE.OBJ
C:\Users\blue2\Desktop\SM\HLS1 AZ - gameui dlll SECOND BAKKUPO\filesystem\filesystem_stdio\Release\mt.command.1.tlog
C:\Users\blue2\Desktop\SM\HLS1 AZ - gameui dlll SECOND BAKKUPO\filesystem\filesystem_stdio\Release\mt.read.1.tlog
C:\Users\blue2\Desktop\SM\HLS1 AZ - gameui dlll SECOND BAKKUPO\filesystem\filesystem_stdio\Release\mt.write.1.tlog
C:\USERS\BLUE2\DESKTOP\SM\HLS1 AZ - GAMEUI DLLL SECOND BAKKUPO\FILESYSTEM\FILESYSTEM_STDIO\RELEASE\STEAM.OBJ
C:\Users\blue2\Desktop\SM\HLS1 AZ - gameui dlll SECOND BAKKUPO\filesystem\filesystem_stdio\Release\tier0.dll.intermediate.manifest
C:\Users\blue2\Desktop\SM\HLS1 AZ - gameui dlll SECOND BAKKUPO\filesystem\filesystem_stdio\Release\tier0.exp
C:\Users\blue2\Desktop\SM\HLS1 AZ - gameui dlll SECOND BAKKUPO\filesystem\filesystem_stdio\Release\tier0.pdb
C:\USERS\BLUE2\DESKTOP\SM\HLS1 AZ - GAMEUI DLLL SECOND BAKKUPO\FILESYSTEM\FILESYSTEM_STDIO\RELEASE\UTLSYMBOL.OBJ
C:\USERS\BLUE2\DESKTOP\SM\HLS1 AZ - GAMEUI DLLL SECOND BAKKUPO\FILESYSTEM\FILESYSTEM_STDIO\RELEASE\VC100.PDB
