hlcsg v3.4 Final (Feb 25 2006)
Zoner's Half-Life Compilation Tools -- Custom Build
Based on code modifications by Sean 'Zoner' Cavanaugh
Based on Valve's version, modified with permission.
Submit detailed bug reports to (amckern@yahoo.com)
-----  BEGIN  hlcsg -----
Command line: C:\Users\ZAXONS~1\Desktop\Stuff\hlcsg.exe "C:\Program Files (x86)\Steam\steamapps\zaxon\half-life\valve\Beta_fort"
Entering C:\Program Files (x86)\Steam\steamapps\zaxon\half-life\valve\Beta_fort.map

Current hlcsg Settings
Name                 |  Setting  |  Default
---------------------|-----------|-------------------------
threads               [       4 ] [  Varies ]
verbose               [     off ] [     off ]
log                   [      on ] [      on ]
developer             [       0 ] [       0 ]
chart                 [     off ] [     off ]
estimate              [     off ] [     off ]
max texture memory    [ 4194304 ] [ 4194304 ]
max lighting memory   [ 6291456 ] [ 6291456 ]
priority              [  Normal ] [  Normal ]

noclip                [     off ] [     off ]
null texture stripping[      on ] [      on ]
clipnode economy mode [      on ] [      on ]
clip hull type        [  legacy ] [  legacy ]
onlyents              [     off ] [     off ]
wadtextures           [      on ] [      on ]
skyclip               [      on ] [      on ]
hullfile              [    None ] [    None ]
nullfile              [    None ] [    None ]
min surface area      [   0.500 ] [   0.500 ]
brush union threshold [   0.000 ] [   0.000 ]

Using mapfile wad configuration
Wadinclude list :
[zhlt.wad]

0 brushes (totalling 0 sides) discarded from clipping hulls
CreateBrush:
Error: Entity 0, Brush 8, Side 0: plane with no normal
Error: Entity 0, Brush 19: outside world(+/-4096): (-384,-10000,197)-(10000,10000,10000)
Error: plane with no normal
Description: The map has a problem which must be fixed
Howto Fix: Check the file http://www.zhlt.info/common-mapping-problems.html for a detailed explanation of this problem

Error: Entity 0, Brush 8, Side 2: plane with no normal
Error: Entity 0, Brush 19: outside world(+/-4096): (-384,-10000,197)-(10000,10000,10000)
Error: Entity 0, Brush 19: outside world(+/-4096): (-384,-10000,197)-(10000,10000,10000)
Error: Entity 0, Brush 8, Side 2: has a coplanar plane at (-397, -948, 306), texture TNNL_FLR4
Error: Entity 0, BrusError: Enh 19: otity 0, Bruutside worldsh 8, Sid(+/-4096): e 3: plane with no normal
(-400,-10016,161)-(10016,10016,10036)
Error: Entity 0, Brush 8, Side 3: has a coplanar plane at (-384, -1060, 306), texture TNNL_FLR4
Error: Entity 0, Brush 19: outside world(+/-4096): (-400,-10016,161)-(10016,10016,10036)
Error: Entity 0, Brush 8, Side 3: has a coplanar plane at (-384, -1060, 306), texture TNNL_FLR4
Error: Entity 0, Brush 19: outside world(+/-4096): (-400,-10016,161)-(10016,10016,10036)
Error: Entity 0, Brush 8, Side 4: plane with no normal
Error: Entity 0, Brush 19: outside world(+/-4096): (-416,-10032,165)-(10032,10032,10032)
Error: Entity 0, Brush 8, Side 4: has a coplanar plane at (-384, -948, 306), texture TNNL_FLR4
Error: Entity 0, Brush 19: outside world(+/-4096): (-416,-10032,165)-(10032,10032,10032)
Error: Entity 0, Brush 8, Side 4: has a coplanar plane at (-384, -948, 306), texture TNNL_FLR4
Error: Entity 0, Brush 19: outside world(+/-4096): (-416,-10032,165)-(10032,10032,10032)
Error: Entity 0, Brush 8, Side 4: has a coplanar plane at (-384, -948, 306), texture TNNL_FLR4
Error: Entity 0, Brush 19: outside world(+/-4096): (-400,-10016,179)-(10016,10016,10018)
Error: Entity 0, Brush 19: outError: Entity 0, side world(+/-4096): (-400,-10016,179)-(10016,Brush 8, Side 5: has a coplan10016,10018)
ar plane at (-397, -948, 306), texture TNNL_FLR4
Error: Entity 0, Brush 19: outside world(+/-4096): (-400,-10016,179)-(10016,10016,10018)
Error: Entity 0, Brush 8: outside world(+/-4096): (999999984,-10000,-10000)-(999999984,10000,10000)
Error: Entity 0, Brush 8: outside world(+/-4096): (999999984,-10000,-10000)-(999999984,10000,10000)
Error: Entity 0, Brush 8: outside world(+/-4096): (999999984,-10000,-10000)-(999999984,10000,10000)
Error: Entity 0, Brush 8: outside world(+/-4096): (999999968,-10000,-10000)-(999999968,10000,10000)
Error: Entity 0, Brush 8: outside world(+/-4096): (999999968,-10000,-10000)-(999999968,10000,10000)
Error: Entity 0, Brush 8: outside world(+/-4096): (999999968,-10000,-10000)-(999999968,10000,10000)
Error: Entity 0, Brush 8: outside world(+/-4096): (999999984,-10000,-10000)-(999999984,10000,10000)
Error: Entity 0, Brush 8: outside world(+/-4096): (999999984,-10000,-10000)-(999999984,10000,10000)
Error: Entity 0, Brush 8: outside world(+/-4096): (999999984,-10000,-10000)-(999999984,10000,10000)
 (0.97 seconds)

-----   END   hlcsg -----



hlbsp v3.4 Final (Feb 25 2006)
Zoner's Half-Life Compilation Tools -- Custom Build
Based on code modifications by Sean 'Zoner' Cavanaugh
Based on Valve's version, modified with permission.
Submit detailed bug reports to (amckern@yahoo.com)
-----  BEGIN  hlbsp -----
Command line: C:\Users\ZAXONS~1\Desktop\Stuff\hlbsp.exe "C:\Program Files (x86)\Steam\steamapps\zaxon\half-life\valve\Beta_fort"
>> There was a problem compiling the map.
>> Check the file C:\Program Files (x86)\Steam\steamapps\zaxon\half-life\valve\Beta_fort.log for the cause.

-----   END   hlbsp -----



