cl : Command line warning D9035: option 'QIfist' has been deprecated and will be removed in a future release
  BaseFileSystem.cpp
  filesystem_stdio.cpp
  Generating Code...
  
  Starting pass 1
  Processed /DEFAULTLIB:LIBCMT
  Processed /DEFAULTLIB:OLDNAMES
  Processed /DEFAULTLIB:uuid.lib
  
  Searching libraries
      Searching C:\Program Files (x86)\Microsoft SDKs\Windows\v7.0A\lib\kernel32.lib:
        Found __imp__LoadLibraryA@4
          Referenced in interface.obj
          Loaded kernel32.lib(KERNEL32.dll)
        Found __imp__FreeLibrary@4
          Referenced in interface.obj
          Loaded kernel32.lib(KERNEL32.dll)
        Found __imp__GetProcAddress@8
          Referenced in interface.obj
          Loaded kernel32.lib(KERNEL32.dll)
        Found __imp__GetModuleHandleA@4
          Referenced in interface.obj
          Loaded kernel32.lib(KERNEL32.dll)
        Found __imp__OutputDebugStringA@4
          Referenced in BaseFileSystem.obj
          Loaded kernel32.lib(KERNEL32.dll)
        Found __imp__GetCurrentDirectoryA@8
          Referenced in BaseFileSystem.obj
          Loaded kernel32.lib(KERNEL32.dll)
        Found __imp__FindFirstFileA@8
          Referenced in filesystem_stdio.obj
          Loaded kernel32.lib(KERNEL32.dll)
        Found __imp__FindNextFileA@8
          Referenced in filesystem_stdio.obj
          Loaded kernel32.lib(KERNEL32.dll)
        Found __imp__FindClose@4
          Referenced in filesystem_stdio.obj
          Loaded kernel32.lib(KERNEL32.dll)
        Found __IMPORT_DESCRIPTOR_KERNEL32
          Referenced in kernel32.lib(KERNEL32.dll)
          Referenced in kernel32.lib(KERNEL32.dll)
          Referenced in kernel32.lib(KERNEL32.dll)
          Referenced in kernel32.lib(KERNEL32.dll)
          Referenced in kernel32.lib(KERNEL32.dll)
          Referenced in kernel32.lib(KERNEL32.dll)
          Referenced in kernel32.lib(KERNEL32.dll)
          Referenced in kernel32.lib(KERNEL32.dll)
          Referenced in kernel32.lib(KERNEL32.dll)
          Loaded kernel32.lib(KERNEL32.dll)
        Found __NULL_IMPORT_DESCRIPTOR
          Referenced in kernel32.lib(KERNEL32.dll)
          Loaded kernel32.lib(KERNEL32.dll)
        Found KERNEL32_NULL_THUNK_DATA
          Referenced in kernel32.lib(KERNEL32.dll)
          Loaded kernel32.lib(KERNEL32.dll)
      Searching C:\Program Files (x86)\Microsoft SDKs\Windows\v7.0A\lib\user32.lib:
      Searching C:\Program Files (x86)\Microsoft SDKs\Windows\v7.0A\lib\gdi32.lib:
      Searching C:\Program Files (x86)\Microsoft SDKs\Windows\v7.0A\lib\winspool.lib:
      Searching C:\Program Files (x86)\Microsoft SDKs\Windows\v7.0A\lib\comdlg32.lib:
      Searching C:\Program Files (x86)\Microsoft SDKs\Windows\v7.0A\lib\advapi32.lib:
      Searching C:\Program Files (x86)\Microsoft SDKs\Windows\v7.0A\lib\shell32.lib:
      Searching C:\Program Files (x86)\Microsoft SDKs\Windows\v7.0A\lib\ole32.lib:
      Searching C:\Program Files (x86)\Microsoft SDKs\Windows\v7.0A\lib\oleaut32.lib:
      Searching C:\Program Files (x86)\Microsoft SDKs\Windows\v7.0A\lib\uuid.lib:
      Searching C:\Program Files (x86)\Microsoft SDKs\Windows\v7.0A\lib\odbc32.lib:
      Searching C:\Program Files (x86)\Microsoft SDKs\Windows\v7.0A\lib\odbccp32.lib:
      Searching ../../lib_vs6/LIB/ACLCLS.LIB:
      Searching ../../lib_vs6/LIB/ACTIVEDS.LIB:
      Searching ../../lib_vs6/LIB/ADDRLKUP.LIB:
      Searching ../../lib_vs6/LIB/ADME.LIB:
      Searching ../../lib_vs6/LIB/ADOID.LIB:
      Searching ../../lib_vs6/LIB/ADPTIF.LIB:
      Searching ../../lib_vs6/LIB/ADSIID.LIB:
      Searching ../../lib_vs6/LIB/ADVAPI32.LIB:
      Searching ../../lib_vs6/LIB/AFTPAPI.LIB:
      Searching ../../lib_vs6/LIB/AMSTRMID.LIB:
      Searching ../../lib_vs6/LIB/ATL.LIB:
      Searching ../../lib_vs6/LIB/BDNAPI.LIB:
      Searching ../../lib_vs6/LIB/BHMON.LIB:
      Searching ../../lib_vs6/LIB/BHSUPP.LIB:
      Searching ../../lib_vs6/LIB/CAP.LIB:
      Searching ../../lib_vs6/LIB/CERTIDL.LIB:
      Searching ../../lib_vs6/LIB/CIUUID.LIB:
      Searching ../../lib_vs6/LIB/CLUADMEX.LIB:
      Searching ../../lib_vs6/LIB/CLUSAPI.LIB:
      Searching ../../lib_vs6/LIB/COMCTL32.LIB:
      Searching ../../lib_vs6/LIB/COMDLG32.LIB:
      Searching ../../lib_vs6/LIB/COMPMGR.LIB:
      Searching ../../lib_vs6/LIB/COMSUPP.LIB:
      Searching ../../lib_vs6/LIB/CRYPT32.LIB:
      Searching ../../lib_vs6/LIB/CTL3D32.LIB:
      Searching ../../lib_vs6/LIB/CTL3D32S.LIB:
      Searching ../../lib_vs6/LIB/D3DRM.LIB:
      Searching ../../lib_vs6/LIB/DACDLL.LIB:
      Searching ../../lib_vs6/LIB/DAGUID.LIB:
      Searching ../../lib_vs6/LIB/DANIM.LIB:
      Searching ../../lib_vs6/LIB/DAOUUID.LIB:
      Searching ../../lib_vs6/LIB/DAPI.LIB:
      Searching ../../lib_vs6/LIB/DBCS.LIB:
      Searching ../../lib_vs6/LIB/DBSETS.LIB:
      Searching ../../lib_vs6/LIB/DDAO35.LIB:
      Searching ../../lib_vs6/LIB/DDAO35D.LIB:
      Searching ../../lib_vs6/LIB/DDAO35U.LIB:
      Searching ../../lib_vs6/LIB/DDAO35UD.LIB:
      Searching ../../lib_vs6/LIB/DDRAW.LIB:
      Searching ../../lib_vs6/LIB/DELAYIMP.LIB:
      Searching ../../lib_vs6/LIB/DFLAYOUT.LIB:
      Searching ../../lib_vs6/LIB/DINPUT.LIB:
      Searching ../../lib_vs6/LIB/DLCAPI.LIB:
      Searching ../../lib_vs6/LIB/DMAPIW32.LIB:
      Searching ../../lib_vs6/LIB/DPLAY.LIB:
      Searching ../../lib_vs6/LIB/DPLAYX.LIB:
      Searching ../../lib_vs6/LIB/DSCERT.LIB:
      Searching ../../lib_vs6/LIB/DSETUP.LIB:
      Searching ../../lib_vs6/LIB/DSOUND.LIB:
      Searching ../../lib_vs6/LIB/DTCCFG.LIB:
      Searching ../../lib_vs6/LIB/DTCCM.LIB:
      Searching ../../lib_vs6/LIB/DTCHELP.LIB:
      Searching ../../lib_vs6/LIB/DTCTRACE.LIB:
      Searching ../../lib_vs6/LIB/DTCUIC.LIB:
      Searching ../../lib_vs6/LIB/DTCUIS.LIB:
      Searching ../../lib_vs6/LIB/DTCUTIL.LIB:
      Searching ../../lib_vs6/LIB/DXGUID.LIB:
      Searching ../../lib_vs6/LIB/DXMRTPID.LIB:
      Searching ../../lib_vs6/LIB/EDBBCLI.LIB:
      Searching ../../lib_vs6/LIB/EDKCFG.LIB:
      Searching ../../lib_vs6/LIB/EDKDEBUG.LIB:
      Searching ../../lib_vs6/LIB/EDKEVENT.LIB:
      Searching ../../lib_vs6/LIB/EDKGUID.LIB:
      Searching ../../lib_vs6/LIB/EDKMAPI.LIB:
      Searching ../../lib_vs6/LIB/EDKMSG.LIB:
      Searching ../../lib_vs6/LIB/EDKSETUP.LIB:
      Searching ../../lib_vs6/LIB/EDKTRACK.LIB:
      Searching ../../lib_vs6/LIB/EDKUTILS.LIB:
      Searching ../../lib_vs6/LIB/EXADMIN.LIB:
      Searching ../../lib_vs6/LIB/EXCHINST.LIB:
      Searching ../../lib_vs6/LIB/EXCHSDK.LIB:
      Searching ../../lib_vs6/LIB/FASTFILE.LIB:
      Searching ../../lib_vs6/LIB/FDI.LIB:
      Searching ../../lib_vs6/LIB/FILTER.LIB:
      Searching ../../lib_vs6/LIB/FMISTR32.LIB:
      Searching ../../lib_vs6/LIB/FRIENDLY.LIB:
      Searching ../../lib_vs6/LIB/GDI32.LIB:
      Searching ../../lib_vs6/LIB/GLAUX.LIB:
      Searching ../../lib_vs6/LIB/GLU32.LIB:
      Searching ../../lib_vs6/LIB/GTRTST32.LIB:
      Searching ../../lib_vs6/LIB/GUIDS.LIB:
      Searching ../../lib_vs6/LIB/GWMAIN.LIB:
      Searching ../../lib_vs6/LIB/GWPERF.LIB:
      Searching ../../lib_vs6/LIB/GWREPORT.LIB:
      Searching ../../lib_vs6/LIB/HEXEDIT.LIB:
      Searching ../../lib_vs6/LIB/HLINK.LIB:
      Searching ../../lib_vs6/LIB/ICMUI.LIB:
      Searching ../../lib_vs6/LIB/IHVLINK.LIB:
      Searching ../../lib_vs6/LIB/IMAGEHLP.LIB:
      Searching ../../lib_vs6/LIB/IMM32.LIB:
      Searching ../../lib_vs6/LIB/JAVADBG.LIB:
      Searching ../../lib_vs6/LIB/KERNEL32.LIB:
      Searching ../../lib_vs6/LIB/KSGUID.LIB:
      Searching ../../lib_vs6/LIB/LARGEINT.LIB:
      Searching ../../lib_vs6/LIB/LIBC.LIB:
        Found _memset
          Referenced in characterset.obj
          Referenced in BaseFileSystem.obj
          Loaded LIBC.LIB(memset.obj)
  module 'LIBC.LIB(memset.obj)' unsafe for SAFESEH image.
        Found _strncmp
          Referenced in interface.obj
          Loaded LIBC.LIB(strncmp.obj)
  module 'LIBC.LIB(strncmp.obj)' unsafe for SAFESEH image.
        Found _strlen
          Referenced in interface.obj
          Referenced in utlsymbol.obj
          Referenced in BaseFileSystem.obj
          Loaded LIBC.LIB(strlen.obj)
  module 'LIBC.LIB(strlen.obj)' unsafe for SAFESEH image.
        Found _strcmp
          Referenced in interface.obj
          Referenced in utlsymbol.obj
          Referenced in BaseFileSystem.obj
          Loaded LIBC.LIB(strcmp.obj)
  module 'LIBC.LIB(strcmp.obj)' unsafe for SAFESEH image.
        Found "void * __cdecl operator new(unsigned int)" (??2@YAPAXI@Z)
          Referenced in utlsymbol.obj
          Referenced in BaseFileSystem.obj
          Loaded LIBC.LIB(new.obj)
  module 'LIBC.LIB(new.obj)' unsafe for SAFESEH image.
        Found _memcpy
          Referenced in utlsymbol.obj
          Referenced in BaseFileSystem.obj
          Loaded LIBC.LIB(memcpy.obj)
  module 'LIBC.LIB(memcpy.obj)' unsafe for SAFESEH image.
        Found _memmove
          Referenced in utlsymbol.obj
          Referenced in BaseFileSystem.obj
          Loaded LIBC.LIB(memmove.obj)
  module 'LIBC.LIB(memmove.obj)' unsafe for SAFESEH image.
        Found _atexit
          Referenced in utlsymbol.obj
          Referenced in BaseFileSystem.obj
          Referenced in filesystem_stdio.obj
          Loaded LIBC.LIB(onexit.obj)
  module 'LIBC.LIB(onexit.obj)' unsafe for SAFESEH image.
        Found "void __cdecl operator delete(void *)" (??3@YAXPAX@Z)
          Referenced in utlsymbol.obj
          Referenced in BaseFileSystem.obj
          Loaded LIBC.LIB(delete.obj)
  module 'LIBC.LIB(delete.obj)' unsafe for SAFESEH image.
        Found "const type_info::`vftable'" (??_7type_info@@6B@)
          Referenced in BaseFileSystem.obj
          Referenced in filesystem_stdio.obj
          Loaded LIBC.LIB(typinfo.obj)
  Processed /DEFAULTLIB:libcp
  module 'LIBC.LIB(typinfo.obj)' unsafe for SAFESEH image.
        Found __purecall
          Referenced in BaseFileSystem.obj
          Loaded LIBC.LIB(purevirt.obj)
  module 'LIBC.LIB(purevirt.obj)' unsafe for SAFESEH image.
        Found _strcpy
          Referenced in BaseFileSystem.obj
          Loaded LIBC.LIB(strcat.obj)
  module 'LIBC.LIB(strcat.obj)' unsafe for SAFESEH image.
        Found _fopen
          Referenced in BaseFileSystem.obj
          Referenced in filesystem_stdio.obj
          Loaded LIBC.LIB(fopen.obj)
  module 'LIBC.LIB(fopen.obj)' unsafe for SAFESEH image.
        Found _getenv
          Referenced in BaseFileSystem.obj
          Loaded LIBC.LIB(getenv.obj)
  module 'LIBC.LIB(getenv.obj)' unsafe for SAFESEH image.
        Found _strrchr
          Referenced in BaseFileSystem.obj
          Loaded LIBC.LIB(strrchr.obj)
  module 'LIBC.LIB(strrchr.obj)' unsafe for SAFESEH image.
        Found _fclose
          Referenced in BaseFileSystem.obj
          Referenced in filesystem_stdio.obj
          Loaded LIBC.LIB(fclose.obj)
  module 'LIBC.LIB(fclose.obj)' unsafe for SAFESEH image.
        Found _sprintf
          Referenced in BaseFileSystem.obj
          Loaded LIBC.LIB(sprintf.obj)
  module 'LIBC.LIB(sprintf.obj)' unsafe for SAFESEH image.
        Found _strncpy
          Referenced in BaseFileSystem.obj
          Referenced in filesystem_stdio.obj
          Loaded LIBC.LIB(strncpy.obj)
  module 'LIBC.LIB(strncpy.obj)' unsafe for SAFESEH image.
        Found _malloc
          Referenced in BaseFileSystem.obj
          Referenced in LIBC.LIB(onexit.obj)
          Loaded LIBC.LIB(malloc.obj)
  module 'LIBC.LIB(malloc.obj)' unsafe for SAFESEH image.
        Found _strstr
          Referenced in BaseFileSystem.obj
          Loaded LIBC.LIB(strstr.obj)
  module 'LIBC.LIB(strstr.obj)' unsafe for SAFESEH image.
        Found _fprintf
          Referenced in BaseFileSystem.obj
          Loaded LIBC.LIB(fprintf.obj)
  module 'LIBC.LIB(fprintf.obj)' unsafe for SAFESEH image.
        Found _strchr
          Referenced in BaseFileSystem.obj
          Loaded LIBC.LIB(strchr.obj)
  module 'LIBC.LIB(strchr.obj)' unsafe for SAFESEH image.
        Found _fgets
          Referenced in BaseFileSystem.obj
          Referenced in filesystem_stdio.obj
          Loaded LIBC.LIB(fgets.obj)
  module 'LIBC.LIB(fgets.obj)' unsafe for SAFESEH image.
        Found _feof
          Referenced in BaseFileSystem.obj
          Referenced in filesystem_stdio.obj
          Loaded LIBC.LIB(feoferr.obj)
  module 'LIBC.LIB(feoferr.obj)' unsafe for SAFESEH image.
        Found _perror
          Referenced in BaseFileSystem.obj
          Loaded LIBC.LIB(perror.obj)
  module 'LIBC.LIB(perror.obj)' unsafe for SAFESEH image.
        Found __stat
          Referenced in BaseFileSystem.obj
          Referenced in filesystem_stdio.obj
          Loaded LIBC.LIB(stat.obj)
  module 'LIBC.LIB(stat.obj)' unsafe for SAFESEH image.
        Found __chkstk
          Referenced in BaseFileSystem.obj
          Loaded LIBC.LIB(chkstk.obj)
  module 'LIBC.LIB(chkstk.obj)' unsafe for SAFESEH image.
        Found _ctime
          Referenced in BaseFileSystem.obj
          Loaded LIBC.LIB(ctime.obj)
  module 'LIBC.LIB(ctime.obj)' unsafe for SAFESEH image.
        Found __mkdir
          Referenced in BaseFileSystem.obj
          Loaded LIBC.LIB(mkdir.obj)
  module 'LIBC.LIB(mkdir.obj)' unsafe for SAFESEH image.
        Found _rename
          Referenced in BaseFileSystem.obj
          Loaded LIBC.LIB(rename.obj)
  module 'LIBC.LIB(rename.obj)' unsafe for SAFESEH image.
        Found _printf
          Referenced in BaseFileSystem.obj
          Loaded LIBC.LIB(printf.obj)
  module 'LIBC.LIB(printf.obj)' unsafe for SAFESEH image.
        Found __vsnprintf
          Referenced in BaseFileSystem.obj
          Loaded LIBC.LIB(vsnprint.obj)
  module 'LIBC.LIB(vsnprint.obj)' unsafe for SAFESEH image.
        Found __fltused
          Referenced in BaseFileSystem.obj
          Referenced in filesystem_stdio.obj
          Loaded LIBC.LIB(fpinit.obj)
  module 'LIBC.LIB(fpinit.obj)' unsafe for SAFESEH image.
        Found _fseek
          Referenced in filesystem_stdio.obj
          Loaded LIBC.LIB(fseek.obj)
  module 'LIBC.LIB(fseek.obj)' unsafe for SAFESEH image.
        Found _ftell
          Referenced in filesystem_stdio.obj
          Referenced in LIBC.LIB(fseek.obj)
          Loaded LIBC.LIB(ftell.obj)
  module 'LIBC.LIB(ftell.obj)' unsafe for SAFESEH image.
        Found _fread
          Referenced in filesystem_stdio.obj
          Loaded LIBC.LIB(fread.obj)
  module 'LIBC.LIB(fread.obj)' unsafe for SAFESEH image.
        Found _fwrite
          Referenced in filesystem_stdio.obj
          Loaded LIBC.LIB(fwrite.obj)
  module 'LIBC.LIB(fwrite.obj)' unsafe for SAFESEH image.
        Found _vfprintf
          Referenced in filesystem_stdio.obj
          Loaded LIBC.LIB(vfprintf.obj)
  module 'LIBC.LIB(vfprintf.obj)' unsafe for SAFESEH image.
        Found _fflush
          Referenced in filesystem_stdio.obj
          Loaded LIBC.LIB(fflush.obj)
  module 'LIBC.LIB(fflush.obj)' unsafe for SAFESEH image.
        Found _setvbuf
          Referenced in filesystem_stdio.obj
          Loaded LIBC.LIB(setvbuf.obj)
  module 'LIBC.LIB(setvbuf.obj)' unsafe for SAFESEH image.
        Found __DllMainCRTStartup@12
          Loaded LIBC.LIB(dllcrt0.obj)
  module 'LIBC.LIB(dllcrt0.obj)' unsafe for SAFESEH image.
        Found _realloc
          Referenced in LIBC.LIB(onexit.obj)
          Loaded LIBC.LIB(realloc.obj)
  module 'LIBC.LIB(realloc.obj)' unsafe for SAFESEH image.
        Found ___onexitend
          Referenced in LIBC.LIB(onexit.obj)
          Loaded LIBC.LIB(crt0dat.obj)
  module 'LIBC.LIB(crt0dat.obj)' unsafe for SAFESEH image.
        Found __msize
          Referenced in LIBC.LIB(onexit.obj)
          Loaded LIBC.LIB(msize.obj)
  module 'LIBC.LIB(msize.obj)' unsafe for SAFESEH image.
        Found _free
          Referenced in LIBC.LIB(delete.obj)
          Referenced in LIBC.LIB(typinfo.obj)
          Referenced in LIBC.LIB(fclose.obj)
          Referenced in LIBC.LIB(realloc.obj)
          Loaded LIBC.LIB(free.obj)
  module 'LIBC.LIB(free.obj)' unsafe for SAFESEH image.
        Found __openfile
          Referenced in LIBC.LIB(fopen.obj)
          Loaded LIBC.LIB(_open.obj)
  module 'LIBC.LIB(_open.obj)' unsafe for SAFESEH image.
        Found __getstream
          Referenced in LIBC.LIB(fopen.obj)
          Loaded LIBC.LIB(stream.obj)
  module 'LIBC.LIB(stream.obj)' unsafe for SAFESEH image.
        Found __mbsnbicoll
          Referenced in LIBC.LIB(getenv.obj)
          Loaded LIBC.LIB(mbsnbico.obj)
  module 'LIBC.LIB(mbsnbico.obj)' unsafe for SAFESEH image.
        Found ___wtomb_environ
          Referenced in LIBC.LIB(getenv.obj)
          Loaded LIBC.LIB(wtombenv.obj)
  module 'LIBC.LIB(wtombenv.obj)' unsafe for SAFESEH image.
        Found __close
          Referenced in LIBC.LIB(fclose.obj)
          Loaded LIBC.LIB(close.obj)
  module 'LIBC.LIB(close.obj)' unsafe for SAFESEH image.
        Found __freebuf
          Referenced in LIBC.LIB(fclose.obj)
          Referenced in LIBC.LIB(setvbuf.obj)
          Loaded LIBC.LIB(_freebuf.obj)
  module 'LIBC.LIB(_freebuf.obj)' unsafe for SAFESEH image.
        Found __flsbuf
          Referenced in LIBC.LIB(sprintf.obj)
          Referenced in LIBC.LIB(vsnprint.obj)
          Referenced in LIBC.LIB(fwrite.obj)
          Loaded LIBC.LIB(_flsbuf.obj)
  module 'LIBC.LIB(_flsbuf.obj)' unsafe for SAFESEH image.
        Found __output
          Referenced in LIBC.LIB(vfprintf.obj)
          Referenced in LIBC.LIB(sprintf.obj)
          Referenced in LIBC.LIB(fprintf.obj)
          Referenced in LIBC.LIB(printf.obj)
          Referenced in LIBC.LIB(vsnprint.obj)
          Loaded LIBC.LIB(output.obj)
  module 'LIBC.LIB(output.obj)' unsafe for SAFESEH image.
        Found __newmode
          Referenced in LIBC.LIB(malloc.obj)
          Referenced in LIBC.LIB(realloc.obj)
          Loaded LIBC.LIB(_newmode.obj)
        Found __callnewh
          Referenced in LIBC.LIB(malloc.obj)
          Referenced in LIBC.LIB(realloc.obj)
          Loaded LIBC.LIB(handler.obj)
  module 'LIBC.LIB(handler.obj)' unsafe for SAFESEH image.
        Found __crtheap
          Referenced in LIBC.LIB(malloc.obj)
          Referenced in LIBC.LIB(realloc.obj)
          Referenced in LIBC.LIB(msize.obj)
          Referenced in LIBC.LIB(free.obj)
          Loaded LIBC.LIB(heapinit.obj)
  module 'LIBC.LIB(heapinit.obj)' unsafe for SAFESEH image.
        Found ___sbh_alloc_block
          Referenced in LIBC.LIB(malloc.obj)
          Referenced in LIBC.LIB(realloc.obj)
          Loaded LIBC.LIB(sbheap.obj)
  module 'LIBC.LIB(sbheap.obj)' unsafe for SAFESEH image.
        Found __ftbuf
          Referenced in LIBC.LIB(fprintf.obj)
          Referenced in LIBC.LIB(printf.obj)
          Referenced in LIBC.LIB(vfprintf.obj)
          Loaded LIBC.LIB(_sftbuf.obj)
  module 'LIBC.LIB(_sftbuf.obj)' unsafe for SAFESEH image.
        Found __filbuf
          Referenced in LIBC.LIB(fgets.obj)
          Referenced in LIBC.LIB(fread.obj)
          Loaded LIBC.LIB(_filbuf.obj)
  module 'LIBC.LIB(_filbuf.obj)' unsafe for SAFESEH image.
        Found __sys_errlist
          Referenced in LIBC.LIB(perror.obj)
          Loaded LIBC.LIB(syserr.obj)
        Found __write
          Referenced in LIBC.LIB(perror.obj)
          Referenced in LIBC.LIB(fwrite.obj)
          Referenced in LIBC.LIB(fflush.obj)
          Referenced in LIBC.LIB(_flsbuf.obj)
          Loaded LIBC.LIB(write.obj)
  module 'LIBC.LIB(write.obj)' unsafe for SAFESEH image.
        Found __mbsicmp
          Referenced in LIBC.LIB(stat.obj)
          Loaded LIBC.LIB(mbsicmp.obj)
  module 'LIBC.LIB(mbsicmp.obj)' unsafe for SAFESEH image.
        Found __mbsrchr
          Referenced in LIBC.LIB(stat.obj)
          Loaded LIBC.LIB(mbsrchr.obj)
  module 'LIBC.LIB(mbsrchr.obj)' unsafe for SAFESEH image.
        Found __dosmaperr
          Referenced in LIBC.LIB(write.obj)
          Referenced in LIBC.LIB(stat.obj)
          Referenced in LIBC.LIB(mkdir.obj)
          Referenced in LIBC.LIB(rename.obj)
          Referenced in LIBC.LIB(close.obj)
          Loaded LIBC.LIB(dosmap.obj)
  module 'LIBC.LIB(dosmap.obj)' unsafe for SAFESEH image.
        Found ___loctotime_t
          Referenced in LIBC.LIB(stat.obj)
          Loaded LIBC.LIB(dtoxtime.obj)
  module 'LIBC.LIB(dtoxtime.obj)' unsafe for SAFESEH image.
        Found __fullpath
          Referenced in LIBC.LIB(stat.obj)
          Loaded LIBC.LIB(fullpath.obj)
  module 'LIBC.LIB(fullpath.obj)' unsafe for SAFESEH image.
        Found __getdrive
          Referenced in LIBC.LIB(stat.obj)
          Loaded LIBC.LIB(drive.obj)
  module 'LIBC.LIB(drive.obj)' unsafe for SAFESEH image.
        Found __mbctolower
          Referenced in LIBC.LIB(stat.obj)
          Loaded LIBC.LIB(mbtolwr.obj)
  module 'LIBC.LIB(mbtolwr.obj)' unsafe for SAFESEH image.
        Found __mbspbrk
          Referenced in LIBC.LIB(stat.obj)
          Loaded LIBC.LIB(mbspbrk.obj)
  module 'LIBC.LIB(mbspbrk.obj)' unsafe for SAFESEH image.
        Found _asctime
          Referenced in LIBC.LIB(ctime.obj)
          Loaded LIBC.LIB(asctime.obj)
  module 'LIBC.LIB(asctime.obj)' unsafe for SAFESEH image.
        Found _localtime
          Referenced in LIBC.LIB(ctime.obj)
          Loaded LIBC.LIB(localtim.obj)
  module 'LIBC.LIB(localtim.obj)' unsafe for SAFESEH image.
        Found __iob
          Referenced in LIBC.LIB(printf.obj)
          Referenced in LIBC.LIB(_flsbuf.obj)
          Referenced in LIBC.LIB(_sftbuf.obj)
          Loaded LIBC.LIB(_file.obj)
  module 'LIBC.LIB(_file.obj)' unsafe for SAFESEH image.
        Found __setdefaultprecision
          Referenced in LIBC.LIB(fpinit.obj)
          Loaded LIBC.LIB(fp8.obj)
  module 'LIBC.LIB(fp8.obj)' unsafe for SAFESEH image.
        Found __ms_p5_mp_test_fdiv
          Referenced in LIBC.LIB(fpinit.obj)
          Loaded LIBC.LIB(testfdiv.obj)
  module 'LIBC.LIB(testfdiv.obj)' unsafe for SAFESEH image.
        Found __positive
          Referenced in LIBC.LIB(fpinit.obj)
          Loaded LIBC.LIB(cvt.obj)
  module 'LIBC.LIB(cvt.obj)' unsafe for SAFESEH image.
        Found __cfltcvt_tab
          Referenced in LIBC.LIB(fpinit.obj)
          Referenced in LIBC.LIB(output.obj)
          Loaded LIBC.LIB(cmiscdat.obj)
        Found __lseek
          Referenced in LIBC.LIB(fseek.obj)
          Referenced in LIBC.LIB(ftell.obj)
          Referenced in LIBC.LIB(_flsbuf.obj)
          Referenced in LIBC.LIB(write.obj)
          Loaded LIBC.LIB(lseek.obj)
  module 'LIBC.LIB(lseek.obj)' unsafe for SAFESEH image.
        Found ___pioinfo
          Referenced in LIBC.LIB(write.obj)
          Referenced in LIBC.LIB(_file.obj)
          Referenced in LIBC.LIB(lseek.obj)
          Referenced in LIBC.LIB(ftell.obj)
          Referenced in LIBC.LIB(close.obj)
          Referenced in LIBC.LIB(_flsbuf.obj)
          Referenced in LIBC.LIB(_filbuf.obj)
          Loaded LIBC.LIB(ioinit.obj)
  module 'LIBC.LIB(ioinit.obj)' unsafe for SAFESEH image.
        Found __read
          Referenced in LIBC.LIB(fread.obj)
          Referenced in LIBC.LIB(_filbuf.obj)
          Loaded LIBC.LIB(read.obj)
  module 'LIBC.LIB(read.obj)' unsafe for SAFESEH image.
        Found __commit
          Referenced in LIBC.LIB(fflush.obj)
          Loaded LIBC.LIB(commit.obj)
  module 'LIBC.LIB(commit.obj)' unsafe for SAFESEH image.
        Found __setenvp
          Referenced in LIBC.LIB(dllcrt0.obj)
          Loaded LIBC.LIB(stdenvp.obj)
  module 'LIBC.LIB(stdenvp.obj)' unsafe for SAFESEH image.
        Found __setargv
          Referenced in LIBC.LIB(dllcrt0.obj)
          Loaded LIBC.LIB(stdargv.obj)
  module 'LIBC.LIB(stdargv.obj)' unsafe for SAFESEH image.
        Found ___crtGetEnvironmentStringsA
          Referenced in LIBC.LIB(dllcrt0.obj)
          Loaded LIBC.LIB(a_env.obj)
  module 'LIBC.LIB(a_env.obj)' unsafe for SAFESEH image.
        Found _DllMain@12
          Referenced in LIBC.LIB(dllcrt0.obj)
          Loaded LIBC.LIB(dllmain.obj)
  module 'LIBC.LIB(dllmain.obj)' unsafe for SAFESEH image.
        Found __NMSG_WRITE
          Referenced in LIBC.LIB(dllcrt0.obj)
          Loaded LIBC.LIB(crt0msg.obj)
  module 'LIBC.LIB(crt0msg.obj)' unsafe for SAFESEH image.
        Found ___xc_a
          Referenced in LIBC.LIB(crt0dat.obj)
          Loaded LIBC.LIB(crt0init.obj)
  Processed /DEFAULTLIB:kernel32.lib
   Processed /DISALLOWLIB:libcd.lib
   Processed /DISALLOWLIB:libcmtd.lib
   Processed /DISALLOWLIB:msvcrt.lib
   Processed /DISALLOWLIB:msvcrtd.lib
        Found __sopen
          Referenced in LIBC.LIB(_open.obj)
          Loaded LIBC.LIB(open.obj)
  module 'LIBC.LIB(open.obj)' unsafe for SAFESEH image.
        Found __commode
          Referenced in LIBC.LIB(_open.obj)
          Loaded LIBC.LIB(ncommode.obj)
        Found ___crtCompareStringA
          Referenced in LIBC.LIB(mbsnbico.obj)
          Loaded LIBC.LIB(a_cmp.obj)
  module 'LIBC.LIB(a_cmp.obj)' unsafe for SAFESEH image.
        Found ___mblcid
          Referenced in LIBC.LIB(mbsnbico.obj)
          Referenced in LIBC.LIB(mbsicmp.obj)
          Referenced in LIBC.LIB(mbtolwr.obj)
          Loaded LIBC.LIB(mbctype.obj)
  module 'LIBC.LIB(mbctype.obj)' unsafe for SAFESEH image.
        Found ___crtsetenv
          Referenced in LIBC.LIB(wtombenv.obj)
          Loaded LIBC.LIB(setenv.obj)
  module 'LIBC.LIB(setenv.obj)' unsafe for SAFESEH image.
        Found __free_osfhnd
          Referenced in LIBC.LIB(close.obj)
          Loaded LIBC.LIB(osfinfo.obj)
  module 'LIBC.LIB(osfinfo.obj)' unsafe for SAFESEH image.
        Found __getbuf
          Referenced in LIBC.LIB(_flsbuf.obj)
          Referenced in LIBC.LIB(_filbuf.obj)
          Loaded LIBC.LIB(_getbuf.obj)
  module 'LIBC.LIB(_getbuf.obj)' unsafe for SAFESEH image.
        Found __isatty
          Referenced in LIBC.LIB(_flsbuf.obj)
          Referenced in LIBC.LIB(_sftbuf.obj)
          Loaded LIBC.LIB(isatty.obj)
  module 'LIBC.LIB(isatty.obj)' unsafe for SAFESEH image.
        Found _wctomb
          Referenced in LIBC.LIB(output.obj)
          Loaded LIBC.LIB(wctomb.obj)
  module 'LIBC.LIB(wctomb.obj)' unsafe for SAFESEH image.
        Found __pctype
          Referenced in LIBC.LIB(output.obj)
          Referenced in LIBC.LIB(cvt.obj)
          Loaded LIBC.LIB(ctype.obj)
        Found __aulldiv
          Referenced in LIBC.LIB(output.obj)
          Loaded LIBC.LIB(ulldiv.obj)
  module 'LIBC.LIB(ulldiv.obj)' unsafe for SAFESEH image.
        Found __aullrem
          Referenced in LIBC.LIB(output.obj)
          Loaded LIBC.LIB(ullrem.obj)
  module 'LIBC.LIB(ullrem.obj)' unsafe for SAFESEH image.
        Found ___crtLCMapStringA
          Referenced in LIBC.LIB(mbsicmp.obj)
          Referenced in LIBC.LIB(mbtolwr.obj)
          Referenced in LIBC.LIB(mbctype.obj)
          Loaded LIBC.LIB(a_map.obj)
  module 'LIBC.LIB(a_map.obj)' unsafe for SAFESEH image.
        Found __stricmp
          Referenced in LIBC.LIB(mbsicmp.obj)
          Loaded LIBC.LIB(stricmp.obj)
  module 'LIBC.LIB(stricmp.obj)' unsafe for SAFESEH image.
        Found __dstbias
          Referenced in LIBC.LIB(dtoxtime.obj)
          Referenced in LIBC.LIB(localtim.obj)
          Loaded LIBC.LIB(timeset.obj)
        Found __isindst
          Referenced in LIBC.LIB(dtoxtime.obj)
          Referenced in LIBC.LIB(localtim.obj)
          Loaded LIBC.LIB(tzset.obj)
  module 'LIBC.LIB(tzset.obj)' unsafe for SAFESEH image.
        Found __days
          Referenced in LIBC.LIB(dtoxtime.obj)
          Referenced in LIBC.LIB(tzset.obj)
          Loaded LIBC.LIB(days.obj)
        Found __getcwd
          Referenced in LIBC.LIB(fullpath.obj)
          Loaded LIBC.LIB(getcwd.obj)
  module 'LIBC.LIB(getcwd.obj)' unsafe for SAFESEH image.
        Found _toupper
          Referenced in LIBC.LIB(drive.obj)
          Loaded LIBC.LIB(toupper.obj)
  module 'LIBC.LIB(toupper.obj)' unsafe for SAFESEH image.
        Found _strpbrk
          Referenced in LIBC.LIB(mbspbrk.obj)
          Loaded LIBC.LIB(strpbrk.obj)
  module 'LIBC.LIB(strpbrk.obj)' unsafe for SAFESEH image.
        Found _gmtime
          Referenced in LIBC.LIB(localtim.obj)
          Loaded LIBC.LIB(gmtime.obj)
  module 'LIBC.LIB(gmtime.obj)' unsafe for SAFESEH image.
        Found _calloc
          Referenced in LIBC.LIB(_file.obj)
          Loaded LIBC.LIB(calloc.obj)
  module 'LIBC.LIB(calloc.obj)' unsafe for SAFESEH image.
        Found __fcloseall
          Referenced in LIBC.LIB(_file.obj)
          Loaded LIBC.LIB(closeall.obj)
  module 'LIBC.LIB(closeall.obj)' unsafe for SAFESEH image.
        Found __controlfp
          Referenced in LIBC.LIB(fp8.obj)
          Loaded LIBC.LIB(ieee87.obj)
  module 'LIBC.LIB(ieee87.obj)' unsafe for SAFESEH image.
        Found ___decimal_point
          Referenced in LIBC.LIB(cvt.obj)
          Loaded LIBC.LIB(nlsdata1.obj)
        Found __isctype
          Referenced in LIBC.LIB(cvt.obj)
          Referenced in LIBC.LIB(toupper.obj)
          Loaded LIBC.LIB(isctype.obj)
  module 'LIBC.LIB(isctype.obj)' unsafe for SAFESEH image.
        Found _tolower
          Referenced in LIBC.LIB(cvt.obj)
          Referenced in LIBC.LIB(stricmp.obj)
          Loaded LIBC.LIB(tolower.obj)
  module 'LIBC.LIB(tolower.obj)' unsafe for SAFESEH image.
        Found __atoflt
          Referenced in LIBC.LIB(cvt.obj)
          Loaded LIBC.LIB(intrncvt.obj)
  module 'LIBC.LIB(intrncvt.obj)' unsafe for SAFESEH image.
        Found __fptostr
          Referenced in LIBC.LIB(cvt.obj)
          Loaded LIBC.LIB(_fptostr.obj)
  module 'LIBC.LIB(_fptostr.obj)' unsafe for SAFESEH image.
        Found __fltout
          Referenced in LIBC.LIB(cvt.obj)
          Loaded LIBC.LIB(cfout.obj)
  module 'LIBC.LIB(cfout.obj)' unsafe for SAFESEH image.
        Found __fptrap
          Referenced in LIBC.LIB(cmiscdat.obj)
          Loaded LIBC.LIB(crt0fp.obj)
  module 'LIBC.LIB(crt0fp.obj)' unsafe for SAFESEH image.
        Found ___crtMessageBoxA
          Referenced in LIBC.LIB(crt0msg.obj)
          Loaded LIBC.LIB(crtmbox.obj)
  module 'LIBC.LIB(crtmbox.obj)' unsafe for SAFESEH image.
        Found __chsize
          Referenced in LIBC.LIB(open.obj)
          Loaded LIBC.LIB(chsize.obj)
  module 'LIBC.LIB(chsize.obj)' unsafe for SAFESEH image.
        Found __fmode
          Referenced in LIBC.LIB(open.obj)
          Loaded LIBC.LIB(txtmode.obj)
        Found ___lc_codepage
          Referenced in LIBC.LIB(tzset.obj)
          Referenced in LIBC.LIB(a_cmp.obj)
          Referenced in LIBC.LIB(mbctype.obj)
          Referenced in LIBC.LIB(wctomb.obj)
          Referenced in LIBC.LIB(a_map.obj)
          Loaded LIBC.LIB(nlsdata2.obj)
        Found __except_list
          Referenced in LIBC.LIB(a_cmp.obj)
          Referenced in LIBC.LIB(a_map.obj)
          Loaded LIBC.LIB(exsup.obj)
  module 'LIBC.LIB(exsup.obj)' unsafe for SAFESEH image.
        Found __except_handler3
          Referenced in LIBC.LIB(a_cmp.obj)
          Referenced in LIBC.LIB(a_map.obj)
          Loaded LIBC.LIB(exsup3.obj)
  module 'LIBC.LIB(exsup3.obj)' unsafe for SAFESEH image.
        Found ___crtGetStringTypeA
          Referenced in LIBC.LIB(mbctype.obj)
          Referenced in LIBC.LIB(isctype.obj)
          Loaded LIBC.LIB(a_str.obj)
  module 'LIBC.LIB(a_str.obj)' unsafe for SAFESEH image.
        Found __mbschr
          Referenced in LIBC.LIB(setenv.obj)
          Loaded LIBC.LIB(mbschr.obj)
  module 'LIBC.LIB(mbschr.obj)' unsafe for SAFESEH image.
        Found __strdup
          Referenced in LIBC.LIB(setenv.obj)
          Loaded LIBC.LIB(strdup.obj)
  module 'LIBC.LIB(strdup.obj)' unsafe for SAFESEH image.
        Found _atol
          Referenced in LIBC.LIB(tzset.obj)
          Loaded LIBC.LIB(atox.obj)
  module 'LIBC.LIB(atox.obj)' unsafe for SAFESEH image.
        Found __pxcptinfoptrs
          Referenced in LIBC.LIB(ieee87.obj)
          Loaded LIBC.LIB(winxfltr.obj)
  module 'LIBC.LIB(winxfltr.obj)' unsafe for SAFESEH image.
        Found ___addl
          Referenced in LIBC.LIB(intrncvt.obj)
          Loaded LIBC.LIB(mantold.obj)
  module 'LIBC.LIB(mantold.obj)' unsafe for SAFESEH image.
        Found ___strgtold12
          Referenced in LIBC.LIB(intrncvt.obj)
          Loaded LIBC.LIB(strgtold.obj)
  module 'LIBC.LIB(strgtold.obj)' unsafe for SAFESEH image.
        Found _$I10_OUTPUT
          Referenced in LIBC.LIB(cfout.obj)
          Loaded LIBC.LIB(x10fout.obj)
  module 'LIBC.LIB(x10fout.obj)' unsafe for SAFESEH image.
        Found __setmode
          Referenced in LIBC.LIB(chsize.obj)
          Loaded LIBC.LIB(setmode.obj)
  module 'LIBC.LIB(setmode.obj)' unsafe for SAFESEH image.
        Found __allmul
          Referenced in LIBC.LIB(atox.obj)
          Loaded LIBC.LIB(llmul.obj)
  module 'LIBC.LIB(llmul.obj)' unsafe for SAFESEH image.
        Found ___multtenpow12
          Referenced in LIBC.LIB(strgtold.obj)
          Referenced in LIBC.LIB(x10fout.obj)
          Loaded LIBC.LIB(tenpow.obj)
  module 'LIBC.LIB(tenpow.obj)' unsafe for SAFESEH image.
        Found __pow10neg
          Referenced in LIBC.LIB(tenpow.obj)
          Loaded LIBC.LIB(constpow.obj)
      Searching ../../lib_vs6/LIB/LIBCI.LIB:
      Searching ../../lib_vs6/LIB/LIBCID.LIB:
      Searching ../../lib_vs6/LIB/LIBCIMT.LIB:
      Searching ../../lib_vs6/LIB/LIBCIMTD.LIB:
      Searching ../../lib_vs6/LIB/LIBCMT.LIB:
      Searching ../../lib_vs6/LIB/LIBCP.LIB:
      Searching ../../lib_vs6/LIB/LIBCPD.LIB:
      Searching ../../lib_vs6/LIB/LIBCPMT.LIB:
      Searching ../../lib_vs6/LIB/LIBCPMTD.LIB:
      Searching ../../lib_vs6/LIB/LOADPERF.LIB:
      Searching ../../lib_vs6/LIB/LOGMGR.LIB:
      Searching ../../lib_vs6/LIB/LSAPI32.LIB:
      Searching ../../lib_vs6/LIB/LZ32.LIB:
      Searching ../../lib_vs6/LIB/MAPI32.LIB:
      Searching ../../lib_vs6/LIB/MBLOGON.LIB:
      Searching ../../lib_vs6/LIB/MEASURE.LIB:
      Searching ../../lib_vs6/LIB/MESGXLAT.LIB:
      Searching ../../lib_vs6/LIB/MFCAPWZ.LIB:
      Searching ../../lib_vs6/LIB/MFCCLWZ.LIB:
      Searching ../../lib_vs6/LIB/MFCUIA32.LIB:
      Searching ../../lib_vs6/LIB/MGMTAPI.LIB:
      Searching ../../lib_vs6/LIB/MMC.LIB:
      Searching ../../lib_vs6/LIB/MONITOR.LIB:
      Searching ../../lib_vs6/LIB/MPR.LIB:
      Searching ../../lib_vs6/LIB/MPRAPI.LIB:
      Searching ../../lib_vs6/LIB/MQOA.LIB:
      Searching ../../lib_vs6/LIB/MQRT.LIB:
      Searching ../../lib_vs6/LIB/MSACM32.LIB:
      Searching ../../lib_vs6/LIB/MSCMS.LIB:
      Searching ../../lib_vs6/LIB/MSCOMSTF.LIB:
      Searching ../../lib_vs6/LIB/MSCONF.LIB:
      Searching ../../lib_vs6/LIB/MSDASC.LIB:
      Searching ../../lib_vs6/LIB/MSDETSTF.LIB:
      Searching ../../lib_vs6/LIB/MSDTCPRX.LIB:
      Searching ../../lib_vs6/LIB/MSDTCTM.LIB:
      Searching ../../lib_vs6/LIB/MSGEMIT.LIB:
      Searching ../../lib_vs6/LIB/MSI.LIB:
      Searching ../../lib_vs6/LIB/MSIMG32.LIB:
      Searching ../../lib_vs6/LIB/MSINSSTF.LIB:
      Searching ../../lib_vs6/LIB/MSJAVA.LIB:
      Searching ../../lib_vs6/LIB/MSLSP32.LIB:
      Searching ../../lib_vs6/LIB/MSRATING.LIB:
      Searching ../../lib_vs6/LIB/MSSHLSTF.LIB:
      Searching ../../lib_vs6/LIB/MSTASK.LIB:
      Searching ../../lib_vs6/LIB/MSUILSTF.LIB:
      Searching ../../lib_vs6/LIB/MSVCIRT.LIB:
      Searching ../../lib_vs6/LIB/MSVCIRTD.LIB:
      Searching ../../lib_vs6/LIB/MSVCPRT.LIB:
      Searching ../../lib_vs6/LIB/MSVCPRTD.LIB:
      Searching ../../lib_vs6/LIB/MSVCRT.LIB:
      Searching ../../lib_vs6/LIB/MSVCRTD.LIB:
      Searching ../../lib_vs6/LIB/MSWSOCK.LIB:
      Searching ../../lib_vs6/LIB/MTX.LIB:
      Searching ../../lib_vs6/LIB/MTXDM.LIB:
      Searching ../../lib_vs6/LIB/MTXGUID.LIB:
      Searching ../../lib_vs6/LIB/MTXIH.LIB:
      Searching ../../lib_vs6/LIB/MTXOCI.LIB:
      Searching ../../lib_vs6/LIB/NAL.LIB:
      Searching ../../lib_vs6/LIB/NDDEAPI.LIB:
      Searching ../../lib_vs6/LIB/NETAPI32.LIB:
      Searching ../../lib_vs6/LIB/NEWPST.LIB:
      Searching ../../lib_vs6/LIB/NMAPI.LIB:
      Searching ../../lib_vs6/LIB/NTMSAPI.LIB:
      Searching ../../lib_vs6/LIB/NTQUERY.LIB:
      Searching ../../lib_vs6/LIB/NTWDBLIB.LIB:
      Searching ../../lib_vs6/LIB/OBJECTTY.LIB:
      Searching ../../lib_vs6/LIB/OCX96.LIB:
      Searching ../../lib_vs6/LIB/ODBC32.LIB:
      Searching ../../lib_vs6/LIB/ODBCCP32.LIB:
      Searching ../../lib_vs6/LIB/OLDNAMES.LIB:
        Found _strcmpi
          Referenced in utlsymbol.obj
          Loaded OLDNAMES.LIB(strcmpi.obj)
        Found _strlwr
          Referenced in BaseFileSystem.obj
          Loaded OLDNAMES.LIB(strlwr.obj)
        Found _strnicmp
          Referenced in BaseFileSystem.obj
          Loaded OLDNAMES.LIB(strnicmp.obj)
        Found _unlink
          Referenced in BaseFileSystem.obj
          Loaded OLDNAMES.LIB(unlink.obj)
      Searching ../../lib_vs6/LIB/OLE32.LIB:
      Searching ../../lib_vs6/LIB/OLEACC.LIB:
      Searching ../../lib_vs6/LIB/OLEAUT32.LIB:
      Searching ../../lib_vs6/LIB/OLEDB.LIB:
      Searching ../../lib_vs6/LIB/OLEDBD.LIB:
      Searching ../../lib_vs6/LIB/OLEDLG.LIB:
      Searching ../../lib_vs6/LIB/OLEPRO32.LIB:
      Searching ../../lib_vs6/LIB/OPENDS60.LIB:
      Searching ../../lib_vs6/LIB/OPENGL32.LIB:
      Searching ../../lib_vs6/LIB/OSPTK.LIB:
      Searching ../../lib_vs6/LIB/PARSER.LIB:
      Searching ../../lib_vs6/LIB/PDH.LIB:
      Searching ../../lib_vs6/LIB/PENTER.LIB:
      Searching ../../lib_vs6/LIB/PENWIN32.LIB:
      Searching ../../lib_vs6/LIB/PKPD32.LIB:
      Searching ../../lib_vs6/LIB/PROPTAG.LIB:
      Searching ../../lib_vs6/LIB/QUARTZ.LIB:
      Searching ../../lib_vs6/LIB/RASAPI32.LIB:
      Searching ../../lib_vs6/LIB/RASDLG.LIB:
      Searching ../../lib_vs6/LIB/RASSAPI.LIB:
      Searching ../../lib_vs6/LIB/RENDID.LIB:
      Searching ../../lib_vs6/LIB/RESUTILS.LIB:
      Searching ../../lib_vs6/LIB/RNDNOTID.LIB:
      Searching ../../lib_vs6/LIB/RPCNDR.LIB:
      Searching ../../lib_vs6/LIB/RPCNS4.LIB:
      Searching ../../lib_vs6/LIB/RPCRT4.LIB:
      Searching ../../lib_vs6/LIB/RTFLIB32.LIB:
      Searching ../../lib_vs6/LIB/RTM.LIB:
      Searching ../../lib_vs6/LIB/RTUTILS.LIB:
      Searching ../../lib_vs6/LIB/RULECLS.LIB:
      Searching ../../lib_vs6/LIB/SADAPI.LIB:
      Searching ../../lib_vs6/LIB/SAMPRM.LIB:
      Searching ../../lib_vs6/LIB/SCARDDLG.LIB:
      Searching ../../lib_vs6/LIB/SCRNSAVE.LIB:
      Searching ../../lib_vs6/LIB/SCRNSAVW.LIB:
      Searching ../../lib_vs6/LIB/SDKUTIL.LIB:
      Searching ../../lib_vs6/LIB/SDPBLBID.LIB:
      Searching ../../lib_vs6/LIB/SETUPAPI.LIB:
      Searching ../../lib_vs6/LIB/SHELL32.LIB:
      Searching ../../lib_vs6/LIB/SHLWAPI.LIB:
      Searching ../../lib_vs6/LIB/SLBS.LIB:
      Searching ../../lib_vs6/LIB/SMSAPI.LIB:
      Searching ../../lib_vs6/LIB/SNACLI.LIB:
      Searching ../../lib_vs6/LIB/SNANLS.LIB:
      Searching ../../lib_vs6/LIB/SNMPAPI.LIB:
      Searching ../../lib_vs6/LIB/SPORDER.LIB:
      Searching ../../lib_vs6/LIB/STATS.LIB:
      Searching ../../lib_vs6/LIB/STRMBASD.LIB:
      Searching ../../lib_vs6/LIB/STRMBASE.LIB:
      Searching ../../lib_vs6/LIB/STRMIIDS.LIB:
      Searching ../../lib_vs6/LIB/SVCSRVL.LIB:
      Searching ../../lib_vs6/LIB/SVRAPI.LIB:
      Searching ../../lib_vs6/LIB/T3IID.LIB:
      Searching ../../lib_vs6/LIB/TAPI32.LIB:
      Searching ../../lib_vs6/LIB/TH32.LIB:
      Searching ../../lib_vs6/LIB/THUNK32.LIB:
      Searching ../../lib_vs6/LIB/TOOLBAR.LIB:
      Searching ../../lib_vs6/LIB/TRNSDT.LIB:
      Searching ../../lib_vs6/LIB/TSSQSEC.LIB:
      Searching ../../lib_vs6/LIB/TSSUTIL.LIB:
      Searching ../../lib_vs6/LIB/URL.LIB:
      Searching ../../lib_vs6/LIB/URLHLINK.LIB:
      Searching ../../lib_vs6/LIB/URLMON.LIB:
      Searching ../../lib_vs6/LIB/USER32.LIB:
      Searching ../../lib_vs6/LIB/UTIL.LIB:
      Searching ../../lib_vs6/LIB/UUID.LIB:
      Searching ../../lib_vs6/LIB/VDMDBG.LIB:
      Searching ../../lib_vs6/LIB/VERSION.LIB:
      Searching ../../lib_vs6/LIB/VFW32.LIB:
      Searching ../../lib_vs6/LIB/WAPPC32.LIB:
      Searching ../../lib_vs6/LIB/WCPIC32.LIB:
      Searching ../../lib_vs6/LIB/WEBPOST.LIB:
      Searching ../../lib_vs6/LIB/WIN32SPL.LIB:
      Searching ../../lib_vs6/LIB/WINCSV32.LIB:
      Searching ../../lib_vs6/LIB/WININET.LIB:
      Searching ../../lib_vs6/LIB/WINMM.LIB:
      Searching ../../lib_vs6/LIB/WINRUI32.LIB:
      Searching ../../lib_vs6/LIB/WINSCARD.LIB:
      Searching ../../lib_vs6/LIB/WINSLI32.LIB:
      Searching ../../lib_vs6/LIB/WINSPOOL.LIB:
      Searching ../../lib_vs6/LIB/WINSTRM.LIB:
      Searching ../../lib_vs6/LIB/WINTRUST.LIB:
      Searching ../../lib_vs6/LIB/WINWRAP.LIB:
      Searching ../../lib_vs6/LIB/WLDAP32.LIB:
      Searching ../../lib_vs6/LIB/WOW32.LIB:
      Searching ../../lib_vs6/LIB/WS2_32.LIB:
      Searching ../../lib_vs6/LIB/WSNMP32.LIB:
      Searching ../../lib_vs6/LIB/WSOCK32.LIB:
      Searching ../../lib_vs6/LIB/WST.LIB:
      Searching ../../lib_vs6/LIB/XASWITCH.LIB:
      Searching ../../lib_vs6/LIB/XOLEHLP.LIB:
      Searching ../../lib/public/vstdlib.lib:
        Found __imp__Q_snprintf
          Referenced in interface.obj
          Loaded vstdlib.lib(vstdlib.dll)
        Found __imp__CommandLine
          Referenced in BaseFileSystem.obj
          Loaded vstdlib.lib(vstdlib.dll)
        Found __IMPORT_DESCRIPTOR_vstdlib
          Referenced in vstdlib.lib(vstdlib.dll)
          Referenced in vstdlib.lib(vstdlib.dll)
          Loaded vstdlib.lib(vstdlib.dll)
        Found vstdlib_NULL_THUNK_DATA
          Referenced in vstdlib.lib(vstdlib.dll)
          Loaded vstdlib.lib(vstdlib.dll)
      Searching ../../lib/public/tier0.lib:
        Found __imp__Plat_Alloc
          Referenced in utlsymbol.obj
          Referenced in BaseFileSystem.obj
          Loaded tier0.lib(tier0.dll)
        Found __imp__Plat_Free
          Referenced in utlsymbol.obj
          Referenced in BaseFileSystem.obj
          Loaded tier0.lib(tier0.dll)
        Found __imp__Plat_Realloc
          Referenced in utlsymbol.obj
          Referenced in BaseFileSystem.obj
          Loaded tier0.lib(tier0.dll)
        Found "__declspec(dllimport) public: void __thiscall CVProfile::EnterScope(char const *,int,char const *,bool)" (__imp_?EnterScope@CVProfile@@QAEXPBDH0_N@Z)
          Referenced in BaseFileSystem.obj
          Loaded tier0.lib(tier0.dll)
        Found __imp__g_VProfCurrentProfile
          Referenced in BaseFileSystem.obj
          Loaded tier0.lib(tier0.dll)
        Found "__declspec(dllimport) public: void __thiscall CVProfile::ExitScope(void)" (__imp_?ExitScope@CVProfile@@QAEXXZ)
          Referenced in BaseFileSystem.obj
          Loaded tier0.lib(tier0.dll)
        Found __IMPORT_DESCRIPTOR_tier0
          Referenced in tier0.lib(tier0.dll)
          Referenced in tier0.lib(tier0.dll)
          Referenced in tier0.lib(tier0.dll)
          Referenced in tier0.lib(tier0.dll)
          Referenced in tier0.lib(tier0.dll)
          Referenced in tier0.lib(tier0.dll)
          Loaded tier0.lib(tier0.dll)
        Found tier0_NULL_THUNK_DATA
          Referenced in tier0.lib(tier0.dll)
          Loaded tier0.lib(tier0.dll)
      Searching C:\Program Files (x86)\Microsoft SDKs\Windows\v7.0A\lib\kernel32.lib:
        Found __imp__HeapAlloc@12
          Referenced in LIBC.LIB(malloc.obj)
          Referenced in LIBC.LIB(realloc.obj)
          Referenced in LIBC.LIB(sbheap.obj)
          Referenced in LIBC.LIB(calloc.obj)
          Loaded kernel32.lib(KERNEL32.dll)
        Found __imp__GetLastError@0
          Referenced in LIBC.LIB(chsize.obj)
          Referenced in LIBC.LIB(read.obj)
          Referenced in LIBC.LIB(commit.obj)
          Referenced in LIBC.LIB(open.obj)
          Referenced in LIBC.LIB(osfinfo.obj)
          Referenced in LIBC.LIB(write.obj)
          Referenced in LIBC.LIB(fullpath.obj)
          Referenced in LIBC.LIB(drive.obj)
          Referenced in LIBC.LIB(lseek.obj)
          Referenced in LIBC.LIB(stat.obj)
          Referenced in LIBC.LIB(mkdir.obj)
          Referenced in LIBC.LIB(rename.obj)
          Referenced in LIBC.LIB(close.obj)
          Loaded kernel32.lib(KERNEL32.dll)
        Found __imp__FileTimeToSystemTime@8
          Referenced in LIBC.LIB(stat.obj)
          Loaded kernel32.lib(KERNEL32.dll)
        Found __imp__FileTimeToLocalFileTime@8
          Referenced in LIBC.LIB(stat.obj)
          Loaded kernel32.lib(KERNEL32.dll)
        Found __imp__GetDriveTypeA@4
          Referenced in LIBC.LIB(stat.obj)
          Referenced in LIBC.LIB(getcwd.obj)
          Loaded kernel32.lib(KERNEL32.dll)
        Found __imp__CreateDirectoryA@8
          Referenced in LIBC.LIB(mkdir.obj)
          Loaded kernel32.lib(KERNEL32.dll)
        Found __imp__MoveFileA@8
          Referenced in LIBC.LIB(rename.obj)
          Loaded kernel32.lib(KERNEL32.dll)
        Found __imp__GetCommandLineA@0
          Referenced in LIBC.LIB(dllcrt0.obj)
          Loaded kernel32.lib(KERNEL32.dll)
        Found __imp__GetVersion@0
          Referenced in LIBC.LIB(dllcrt0.obj)
          Loaded kernel32.lib(KERNEL32.dll)
        Found __imp__HeapReAlloc@16
          Referenced in LIBC.LIB(realloc.obj)
          Referenced in LIBC.LIB(sbheap.obj)
          Loaded kernel32.lib(KERNEL32.dll)
        Found __imp__ExitProcess@4
          Referenced in LIBC.LIB(crt0dat.obj)
          Loaded kernel32.lib(KERNEL32.dll)
        Found __imp__TerminateProcess@8
          Referenced in LIBC.LIB(crt0dat.obj)
          Loaded kernel32.lib(KERNEL32.dll)
        Found __imp__GetCurrentProcess@0
          Referenced in LIBC.LIB(crt0dat.obj)
          Loaded kernel32.lib(KERNEL32.dll)
        Found __imp__HeapSize@12
          Referenced in LIBC.LIB(msize.obj)
          Loaded kernel32.lib(KERNEL32.dll)
        Found __imp__HeapFree@12
          Referenced in LIBC.LIB(free.obj)
          Referenced in LIBC.LIB(heapinit.obj)
          Referenced in LIBC.LIB(sbheap.obj)
          Loaded kernel32.lib(KERNEL32.dll)
        Found __imp__WideCharToMultiByte@32
          Referenced in LIBC.LIB(tzset.obj)
          Referenced in LIBC.LIB(wtombenv.obj)
          Referenced in LIBC.LIB(a_env.obj)
          Referenced in LIBC.LIB(wctomb.obj)
          Referenced in LIBC.LIB(a_map.obj)
          Loaded kernel32.lib(KERNEL32.dll)
        Found __imp__CloseHandle@4
          Referenced in LIBC.LIB(close.obj)
          Referenced in LIBC.LIB(open.obj)
          Loaded kernel32.lib(KERNEL32.dll)
        Found __imp__HeapDestroy@4
          Referenced in LIBC.LIB(heapinit.obj)
          Loaded kernel32.lib(KERNEL32.dll)
        Found __imp__HeapCreate@12
          Referenced in LIBC.LIB(heapinit.obj)
          Loaded kernel32.lib(KERNEL32.dll)
        Found __imp__VirtualFree@12
          Referenced in LIBC.LIB(heapinit.obj)
          Referenced in LIBC.LIB(sbheap.obj)
          Loaded kernel32.lib(KERNEL32.dll)
        Found __imp__VirtualAlloc@16
          Referenced in LIBC.LIB(sbheap.obj)
          Loaded kernel32.lib(KERNEL32.dll)
        Found __imp__IsBadWritePtr@8
          Referenced in LIBC.LIB(sbheap.obj)
          Loaded kernel32.lib(KERNEL32.dll)
        Found __imp__WriteFile@20
          Referenced in LIBC.LIB(write.obj)
          Referenced in LIBC.LIB(crt0msg.obj)
          Loaded kernel32.lib(KERNEL32.dll)
        Found __imp__GetFullPathNameA@16
          Referenced in LIBC.LIB(fullpath.obj)
          Referenced in LIBC.LIB(getcwd.obj)
          Loaded kernel32.lib(KERNEL32.dll)
        Found __imp__SetCurrentDirectoryA@4
          Referenced in LIBC.LIB(drive.obj)
          Loaded kernel32.lib(KERNEL32.dll)
        Found __imp__SetFilePointer@16
          Referenced in LIBC.LIB(lseek.obj)
          Loaded kernel32.lib(KERNEL32.dll)
        Found __imp__SetHandleCount@4
          Referenced in LIBC.LIB(ioinit.obj)
          Loaded kernel32.lib(KERNEL32.dll)
        Found __imp__GetStdHandle@4
          Referenced in LIBC.LIB(ioinit.obj)
          Referenced in LIBC.LIB(crt0msg.obj)
          Loaded kernel32.lib(KERNEL32.dll)
        Found __imp__GetFileType@4
          Referenced in LIBC.LIB(ioinit.obj)
          Referenced in LIBC.LIB(open.obj)
          Referenced in LIBC.LIB(osfinfo.obj)
          Loaded kernel32.lib(KERNEL32.dll)
        Found __imp__GetStartupInfoA@4
          Referenced in LIBC.LIB(ioinit.obj)
          Loaded kernel32.lib(KERNEL32.dll)
        Found __imp__ReadFile@20
          Referenced in LIBC.LIB(read.obj)
          Loaded kernel32.lib(KERNEL32.dll)
        Found __imp__FlushFileBuffers@4
          Referenced in LIBC.LIB(commit.obj)
          Loaded kernel32.lib(KERNEL32.dll)
        Found __imp__GetModuleFileNameA@12
          Referenced in LIBC.LIB(stdargv.obj)
          Referenced in LIBC.LIB(crt0msg.obj)
          Loaded kernel32.lib(KERNEL32.dll)
        Found __imp__FreeEnvironmentStringsA@4
          Referenced in LIBC.LIB(a_env.obj)
          Loaded kernel32.lib(KERNEL32.dll)
        Found __imp__FreeEnvironmentStringsW@4
          Referenced in LIBC.LIB(a_env.obj)
          Loaded kernel32.lib(KERNEL32.dll)
        Found __imp__GetEnvironmentStrings@0
          Referenced in LIBC.LIB(a_env.obj)
          Loaded kernel32.lib(KERNEL32.dll)
        Found __imp__GetEnvironmentStringsW@0
          Referenced in LIBC.LIB(a_env.obj)
          Loaded kernel32.lib(KERNEL32.dll)
        Found __imp__DisableThreadLibraryCalls@4
          Referenced in LIBC.LIB(dllmain.obj)
          Loaded kernel32.lib(KERNEL32.dll)
        Found __imp__CreateFileA@28
          Referenced in LIBC.LIB(open.obj)
          Loaded kernel32.lib(KERNEL32.dll)
        Found __imp__MultiByteToWideChar@24
          Referenced in LIBC.LIB(a_cmp.obj)
          Referenced in LIBC.LIB(a_map.obj)
          Referenced in LIBC.LIB(a_str.obj)
          Loaded kernel32.lib(KERNEL32.dll)
        Found __imp__GetCPInfo@8
          Referenced in LIBC.LIB(a_cmp.obj)
          Referenced in LIBC.LIB(mbctype.obj)
          Loaded kernel32.lib(KERNEL32.dll)
        Found __imp__CompareStringA@24
          Referenced in LIBC.LIB(a_cmp.obj)
          Loaded kernel32.lib(KERNEL32.dll)
        Found __imp__CompareStringW@24
          Referenced in LIBC.LIB(a_cmp.obj)
          Loaded kernel32.lib(KERNEL32.dll)
        Found __imp__GetACP@0
          Referenced in LIBC.LIB(mbctype.obj)
          Loaded kernel32.lib(KERNEL32.dll)
        Found __imp__GetOEMCP@0
          Referenced in LIBC.LIB(mbctype.obj)
          Loaded kernel32.lib(KERNEL32.dll)
        Found __imp__SetEnvironmentVariableA@8
          Referenced in LIBC.LIB(setenv.obj)
          Loaded kernel32.lib(KERNEL32.dll)
        Found __imp__SetStdHandle@8
          Referenced in LIBC.LIB(osfinfo.obj)
          Loaded kernel32.lib(KERNEL32.dll)
        Found __imp__LCMapStringA@24
          Referenced in LIBC.LIB(a_map.obj)
          Loaded kernel32.lib(KERNEL32.dll)
        Found __imp__LCMapStringW@24
          Referenced in LIBC.LIB(a_map.obj)
          Loaded kernel32.lib(KERNEL32.dll)
        Found __imp__GetTimeZoneInformation@4
          Referenced in LIBC.LIB(tzset.obj)
          Loaded kernel32.lib(KERNEL32.dll)
        Found __imp__SetEndOfFile@4
          Referenced in LIBC.LIB(chsize.obj)
          Loaded kernel32.lib(KERNEL32.dll)
        Found _RtlUnwind@16
          Referenced in LIBC.LIB(exsup.obj)
          Loaded kernel32.lib(KERNEL32.dll)
        Found __imp__GetStringTypeA@20
          Referenced in LIBC.LIB(a_str.obj)
          Loaded kernel32.lib(KERNEL32.dll)
        Found __imp__GetStringTypeW@16
          Referenced in LIBC.LIB(a_str.obj)
          Loaded kernel32.lib(KERNEL32.dll)
        Found __imp__UnhandledExceptionFilter@4
          Referenced in LIBC.LIB(winxfltr.obj)
          Loaded kernel32.lib(KERNEL32.dll)
      Searching C:\Program Files (x86)\Microsoft SDKs\Windows\v7.0A\lib\user32.lib:
      Searching C:\Program Files (x86)\Microsoft SDKs\Windows\v7.0A\lib\gdi32.lib:
      Searching C:\Program Files (x86)\Microsoft SDKs\Windows\v7.0A\lib\winspool.lib:
      Searching C:\Program Files (x86)\Microsoft SDKs\Windows\v7.0A\lib\comdlg32.lib:
      Searching C:\Program Files (x86)\Microsoft SDKs\Windows\v7.0A\lib\advapi32.lib:
      Searching C:\Program Files (x86)\Microsoft SDKs\Windows\v7.0A\lib\shell32.lib:
      Searching C:\Program Files (x86)\Microsoft SDKs\Windows\v7.0A\lib\ole32.lib:
      Searching C:\Program Files (x86)\Microsoft SDKs\Windows\v7.0A\lib\oleaut32.lib:
      Searching C:\Program Files (x86)\Microsoft SDKs\Windows\v7.0A\lib\uuid.lib:
      Searching C:\Program Files (x86)\Microsoft SDKs\Windows\v7.0A\lib\odbc32.lib:
      Searching C:\Program Files (x86)\Microsoft SDKs\Windows\v7.0A\lib\odbccp32.lib:
      Searching ../../lib_vs6/LIB/ACLCLS.LIB:
      Searching ../../lib_vs6/LIB/ACTIVEDS.LIB:
      Searching ../../lib_vs6/LIB/ADDRLKUP.LIB:
      Searching ../../lib_vs6/LIB/ADME.LIB:
      Searching ../../lib_vs6/LIB/ADOID.LIB:
      Searching ../../lib_vs6/LIB/ADPTIF.LIB:
      Searching ../../lib_vs6/LIB/ADSIID.LIB:
      Searching ../../lib_vs6/LIB/ADVAPI32.LIB:
      Searching ../../lib_vs6/LIB/AFTPAPI.LIB:
      Searching ../../lib_vs6/LIB/AMSTRMID.LIB:
      Searching ../../lib_vs6/LIB/ATL.LIB:
      Searching ../../lib_vs6/LIB/BDNAPI.LIB:
      Searching ../../lib_vs6/LIB/BHMON.LIB:
      Searching ../../lib_vs6/LIB/BHSUPP.LIB:
      Searching ../../lib_vs6/LIB/CAP.LIB:
      Searching ../../lib_vs6/LIB/CERTIDL.LIB:
      Searching ../../lib_vs6/LIB/CIUUID.LIB:
      Searching ../../lib_vs6/LIB/CLUADMEX.LIB:
      Searching ../../lib_vs6/LIB/CLUSAPI.LIB:
      Searching ../../lib_vs6/LIB/COMCTL32.LIB:
      Searching ../../lib_vs6/LIB/COMDLG32.LIB:
      Searching ../../lib_vs6/LIB/COMPMGR.LIB:
      Searching ../../lib_vs6/LIB/COMSUPP.LIB:
      Searching ../../lib_vs6/LIB/CRYPT32.LIB:
      Searching ../../lib_vs6/LIB/CTL3D32.LIB:
      Searching ../../lib_vs6/LIB/CTL3D32S.LIB:
      Searching ../../lib_vs6/LIB/D3DRM.LIB:
      Searching ../../lib_vs6/LIB/DACDLL.LIB:
      Searching ../../lib_vs6/LIB/DAGUID.LIB:
      Searching ../../lib_vs6/LIB/DANIM.LIB:
      Searching ../../lib_vs6/LIB/DAOUUID.LIB:
      Searching ../../lib_vs6/LIB/DAPI.LIB:
      Searching ../../lib_vs6/LIB/DBCS.LIB:
      Searching ../../lib_vs6/LIB/DBSETS.LIB:
      Searching ../../lib_vs6/LIB/DDAO35.LIB:
      Searching ../../lib_vs6/LIB/DDAO35D.LIB:
      Searching ../../lib_vs6/LIB/DDAO35U.LIB:
      Searching ../../lib_vs6/LIB/DDAO35UD.LIB:
      Searching ../../lib_vs6/LIB/DDRAW.LIB:
      Searching ../../lib_vs6/LIB/DELAYIMP.LIB:
      Searching ../../lib_vs6/LIB/DFLAYOUT.LIB:
      Searching ../../lib_vs6/LIB/DINPUT.LIB:
      Searching ../../lib_vs6/LIB/DLCAPI.LIB:
      Searching ../../lib_vs6/LIB/DMAPIW32.LIB:
      Searching ../../lib_vs6/LIB/DPLAY.LIB:
      Searching ../../lib_vs6/LIB/DPLAYX.LIB:
      Searching ../../lib_vs6/LIB/DSCERT.LIB:
      Searching ../../lib_vs6/LIB/DSETUP.LIB:
      Searching ../../lib_vs6/LIB/DSOUND.LIB:
      Searching ../../lib_vs6/LIB/DTCCFG.LIB:
      Searching ../../lib_vs6/LIB/DTCCM.LIB:
      Searching ../../lib_vs6/LIB/DTCHELP.LIB:
      Searching ../../lib_vs6/LIB/DTCTRACE.LIB:
      Searching ../../lib_vs6/LIB/DTCUIC.LIB:
      Searching ../../lib_vs6/LIB/DTCUIS.LIB:
      Searching ../../lib_vs6/LIB/DTCUTIL.LIB:
      Searching ../../lib_vs6/LIB/DXGUID.LIB:
      Searching ../../lib_vs6/LIB/DXMRTPID.LIB:
      Searching ../../lib_vs6/LIB/EDBBCLI.LIB:
      Searching ../../lib_vs6/LIB/EDKCFG.LIB:
      Searching ../../lib_vs6/LIB/EDKDEBUG.LIB:
      Searching ../../lib_vs6/LIB/EDKEVENT.LIB:
      Searching ../../lib_vs6/LIB/EDKGUID.LIB:
      Searching ../../lib_vs6/LIB/EDKMAPI.LIB:
      Searching ../../lib_vs6/LIB/EDKMSG.LIB:
      Searching ../../lib_vs6/LIB/EDKSETUP.LIB:
      Searching ../../lib_vs6/LIB/EDKTRACK.LIB:
      Searching ../../lib_vs6/LIB/EDKUTILS.LIB:
      Searching ../../lib_vs6/LIB/EXADMIN.LIB:
      Searching ../../lib_vs6/LIB/EXCHINST.LIB:
      Searching ../../lib_vs6/LIB/EXCHSDK.LIB:
      Searching ../../lib_vs6/LIB/FASTFILE.LIB:
      Searching ../../lib_vs6/LIB/FDI.LIB:
      Searching ../../lib_vs6/LIB/FILTER.LIB:
      Searching ../../lib_vs6/LIB/FMISTR32.LIB:
      Searching ../../lib_vs6/LIB/FRIENDLY.LIB:
      Searching ../../lib_vs6/LIB/GDI32.LIB:
      Searching ../../lib_vs6/LIB/GLAUX.LIB:
      Searching ../../lib_vs6/LIB/GLU32.LIB:
      Searching ../../lib_vs6/LIB/GTRTST32.LIB:
      Searching ../../lib_vs6/LIB/GUIDS.LIB:
      Searching ../../lib_vs6/LIB/GWMAIN.LIB:
      Searching ../../lib_vs6/LIB/GWPERF.LIB:
      Searching ../../lib_vs6/LIB/GWREPORT.LIB:
      Searching ../../lib_vs6/LIB/HEXEDIT.LIB:
      Searching ../../lib_vs6/LIB/HLINK.LIB:
      Searching ../../lib_vs6/LIB/ICMUI.LIB:
      Searching ../../lib_vs6/LIB/IHVLINK.LIB:
      Searching ../../lib_vs6/LIB/IMAGEHLP.LIB:
      Searching ../../lib_vs6/LIB/IMM32.LIB:
      Searching ../../lib_vs6/LIB/JAVADBG.LIB:
      Searching ../../lib_vs6/LIB/KERNEL32.LIB:
      Searching ../../lib_vs6/LIB/KSGUID.LIB:
      Searching ../../lib_vs6/LIB/LARGEINT.LIB:
      Searching ../../lib_vs6/LIB/LIBC.LIB:
        Found __strlwr
          Referenced in OLDNAMES.LIB(strlwr.obj)
          Loaded LIBC.LIB(strlwr.obj)
  module 'LIBC.LIB(strlwr.obj)' unsafe for SAFESEH image.
        Found __strnicmp
          Referenced in OLDNAMES.LIB(strnicmp.obj)
          Loaded LIBC.LIB(strnicmp.obj)
  module 'LIBC.LIB(strnicmp.obj)' unsafe for SAFESEH image.
        Found __unlink
          Referenced in OLDNAMES.LIB(unlink.obj)
          Loaded LIBC.LIB(unlink.obj)
  module 'LIBC.LIB(unlink.obj)' unsafe for SAFESEH image.
      Searching ../../lib_vs6/LIB/LIBCI.LIB:
      Searching ../../lib_vs6/LIB/LIBCID.LIB:
      Searching ../../lib_vs6/LIB/LIBCIMT.LIB:
      Searching ../../lib_vs6/LIB/LIBCIMTD.LIB:
      Searching ../../lib_vs6/LIB/LIBCMT.LIB:
      Searching ../../lib_vs6/LIB/LIBCP.LIB:
      Searching ../../lib_vs6/LIB/LIBCPD.LIB:
      Searching ../../lib_vs6/LIB/LIBCPMT.LIB:
      Searching ../../lib_vs6/LIB/LIBCPMTD.LIB:
      Searching ../../lib_vs6/LIB/LOADPERF.LIB:
      Searching ../../lib_vs6/LIB/LOGMGR.LIB:
      Searching ../../lib_vs6/LIB/LSAPI32.LIB:
      Searching ../../lib_vs6/LIB/LZ32.LIB:
      Searching ../../lib_vs6/LIB/MAPI32.LIB:
      Searching ../../lib_vs6/LIB/MBLOGON.LIB:
      Searching ../../lib_vs6/LIB/MEASURE.LIB:
      Searching ../../lib_vs6/LIB/MESGXLAT.LIB:
      Searching ../../lib_vs6/LIB/MFCAPWZ.LIB:
      Searching ../../lib_vs6/LIB/MFCCLWZ.LIB:
      Searching ../../lib_vs6/LIB/MFCUIA32.LIB:
      Searching ../../lib_vs6/LIB/MGMTAPI.LIB:
      Searching ../../lib_vs6/LIB/MMC.LIB:
      Searching ../../lib_vs6/LIB/MONITOR.LIB:
      Searching ../../lib_vs6/LIB/MPR.LIB:
      Searching ../../lib_vs6/LIB/MPRAPI.LIB:
      Searching ../../lib_vs6/LIB/MQOA.LIB:
      Searching ../../lib_vs6/LIB/MQRT.LIB:
      Searching ../../lib_vs6/LIB/MSACM32.LIB:
      Searching ../../lib_vs6/LIB/MSCMS.LIB:
      Searching ../../lib_vs6/LIB/MSCOMSTF.LIB:
      Searching ../../lib_vs6/LIB/MSCONF.LIB:
      Searching ../../lib_vs6/LIB/MSDASC.LIB:
      Searching ../../lib_vs6/LIB/MSDETSTF.LIB:
      Searching ../../lib_vs6/LIB/MSDTCPRX.LIB:
      Searching ../../lib_vs6/LIB/MSDTCTM.LIB:
      Searching ../../lib_vs6/LIB/MSGEMIT.LIB:
      Searching ../../lib_vs6/LIB/MSI.LIB:
      Searching ../../lib_vs6/LIB/MSIMG32.LIB:
      Searching ../../lib_vs6/LIB/MSINSSTF.LIB:
      Searching ../../lib_vs6/LIB/MSJAVA.LIB:
      Searching ../../lib_vs6/LIB/MSLSP32.LIB:
      Searching ../../lib_vs6/LIB/MSRATING.LIB:
      Searching ../../lib_vs6/LIB/MSSHLSTF.LIB:
      Searching ../../lib_vs6/LIB/MSTASK.LIB:
      Searching ../../lib_vs6/LIB/MSUILSTF.LIB:
      Searching ../../lib_vs6/LIB/MSVCIRT.LIB:
      Searching ../../lib_vs6/LIB/MSVCIRTD.LIB:
      Searching ../../lib_vs6/LIB/MSVCPRT.LIB:
      Searching ../../lib_vs6/LIB/MSVCPRTD.LIB:
      Searching ../../lib_vs6/LIB/MSVCRT.LIB:
      Searching ../../lib_vs6/LIB/MSVCRTD.LIB:
      Searching ../../lib_vs6/LIB/MSWSOCK.LIB:
      Searching ../../lib_vs6/LIB/MTX.LIB:
      Searching ../../lib_vs6/LIB/MTXDM.LIB:
      Searching ../../lib_vs6/LIB/MTXGUID.LIB:
      Searching ../../lib_vs6/LIB/MTXIH.LIB:
      Searching ../../lib_vs6/LIB/MTXOCI.LIB:
      Searching ../../lib_vs6/LIB/NAL.LIB:
      Searching ../../lib_vs6/LIB/NDDEAPI.LIB:
      Searching ../../lib_vs6/LIB/NETAPI32.LIB:
      Searching ../../lib_vs6/LIB/NEWPST.LIB:
      Searching ../../lib_vs6/LIB/NMAPI.LIB:
      Searching ../../lib_vs6/LIB/NTMSAPI.LIB:
      Searching ../../lib_vs6/LIB/NTQUERY.LIB:
      Searching ../../lib_vs6/LIB/NTWDBLIB.LIB:
      Searching ../../lib_vs6/LIB/OBJECTTY.LIB:
      Searching ../../lib_vs6/LIB/OCX96.LIB:
      Searching ../../lib_vs6/LIB/ODBC32.LIB:
      Searching ../../lib_vs6/LIB/ODBCCP32.LIB:
      Searching ../../lib_vs6/LIB/OLDNAMES.LIB:
      Searching ../../lib_vs6/LIB/OLE32.LIB:
      Searching ../../lib_vs6/LIB/OLEACC.LIB:
      Searching ../../lib_vs6/LIB/OLEAUT32.LIB:
      Searching ../../lib_vs6/LIB/OLEDB.LIB:
      Searching ../../lib_vs6/LIB/OLEDBD.LIB:
      Searching ../../lib_vs6/LIB/OLEDLG.LIB:
      Searching ../../lib_vs6/LIB/OLEPRO32.LIB:
      Searching ../../lib_vs6/LIB/OPENDS60.LIB:
      Searching ../../lib_vs6/LIB/OPENGL32.LIB:
      Searching ../../lib_vs6/LIB/OSPTK.LIB:
      Searching ../../lib_vs6/LIB/PARSER.LIB:
      Searching ../../lib_vs6/LIB/PDH.LIB:
      Searching ../../lib_vs6/LIB/PENTER.LIB:
      Searching ../../lib_vs6/LIB/PENWIN32.LIB:
      Searching ../../lib_vs6/LIB/PKPD32.LIB:
      Searching ../../lib_vs6/LIB/PROPTAG.LIB:
      Searching ../../lib_vs6/LIB/QUARTZ.LIB:
      Searching ../../lib_vs6/LIB/RASAPI32.LIB:
      Searching ../../lib_vs6/LIB/RASDLG.LIB:
      Searching ../../lib_vs6/LIB/RASSAPI.LIB:
      Searching ../../lib_vs6/LIB/RENDID.LIB:
      Searching ../../lib_vs6/LIB/RESUTILS.LIB:
      Searching ../../lib_vs6/LIB/RNDNOTID.LIB:
      Searching ../../lib_vs6/LIB/RPCNDR.LIB:
      Searching ../../lib_vs6/LIB/RPCNS4.LIB:
      Searching ../../lib_vs6/LIB/RPCRT4.LIB:
      Searching ../../lib_vs6/LIB/RTFLIB32.LIB:
      Searching ../../lib_vs6/LIB/RTM.LIB:
      Searching ../../lib_vs6/LIB/RTUTILS.LIB:
      Searching ../../lib_vs6/LIB/RULECLS.LIB:
      Searching ../../lib_vs6/LIB/SADAPI.LIB:
      Searching ../../lib_vs6/LIB/SAMPRM.LIB:
      Searching ../../lib_vs6/LIB/SCARDDLG.LIB:
      Searching ../../lib_vs6/LIB/SCRNSAVE.LIB:
      Searching ../../lib_vs6/LIB/SCRNSAVW.LIB:
      Searching ../../lib_vs6/LIB/SDKUTIL.LIB:
      Searching ../../lib_vs6/LIB/SDPBLBID.LIB:
      Searching ../../lib_vs6/LIB/SETUPAPI.LIB:
      Searching ../../lib_vs6/LIB/SHELL32.LIB:
      Searching ../../lib_vs6/LIB/SHLWAPI.LIB:
      Searching ../../lib_vs6/LIB/SLBS.LIB:
      Searching ../../lib_vs6/LIB/SMSAPI.LIB:
      Searching ../../lib_vs6/LIB/SNACLI.LIB:
      Searching ../../lib_vs6/LIB/SNANLS.LIB:
      Searching ../../lib_vs6/LIB/SNMPAPI.LIB:
      Searching ../../lib_vs6/LIB/SPORDER.LIB:
      Searching ../../lib_vs6/LIB/STATS.LIB:
      Searching ../../lib_vs6/LIB/STRMBASD.LIB:
      Searching ../../lib_vs6/LIB/STRMBASE.LIB:
      Searching ../../lib_vs6/LIB/STRMIIDS.LIB:
      Searching ../../lib_vs6/LIB/SVCSRVL.LIB:
      Searching ../../lib_vs6/LIB/SVRAPI.LIB:
      Searching ../../lib_vs6/LIB/T3IID.LIB:
      Searching ../../lib_vs6/LIB/TAPI32.LIB:
      Searching ../../lib_vs6/LIB/TH32.LIB:
      Searching ../../lib_vs6/LIB/THUNK32.LIB:
      Searching ../../lib_vs6/LIB/TOOLBAR.LIB:
      Searching ../../lib_vs6/LIB/TRNSDT.LIB:
      Searching ../../lib_vs6/LIB/TSSQSEC.LIB:
      Searching ../../lib_vs6/LIB/TSSUTIL.LIB:
      Searching ../../lib_vs6/LIB/URL.LIB:
      Searching ../../lib_vs6/LIB/URLHLINK.LIB:
      Searching ../../lib_vs6/LIB/URLMON.LIB:
      Searching ../../lib_vs6/LIB/USER32.LIB:
      Searching ../../lib_vs6/LIB/UTIL.LIB:
      Searching ../../lib_vs6/LIB/UUID.LIB:
      Searching ../../lib_vs6/LIB/VDMDBG.LIB:
      Searching ../../lib_vs6/LIB/VERSION.LIB:
      Searching ../../lib_vs6/LIB/VFW32.LIB:
      Searching ../../lib_vs6/LIB/WAPPC32.LIB:
      Searching ../../lib_vs6/LIB/WCPIC32.LIB:
      Searching ../../lib_vs6/LIB/WEBPOST.LIB:
      Searching ../../lib_vs6/LIB/WIN32SPL.LIB:
      Searching ../../lib_vs6/LIB/WINCSV32.LIB:
      Searching ../../lib_vs6/LIB/WININET.LIB:
      Searching ../../lib_vs6/LIB/WINMM.LIB:
      Searching ../../lib_vs6/LIB/WINRUI32.LIB:
      Searching ../../lib_vs6/LIB/WINSCARD.LIB:
      Searching ../../lib_vs6/LIB/WINSLI32.LIB:
      Searching ../../lib_vs6/LIB/WINSPOOL.LIB:
      Searching ../../lib_vs6/LIB/WINSTRM.LIB:
      Searching ../../lib_vs6/LIB/WINTRUST.LIB:
      Searching ../../lib_vs6/LIB/WINWRAP.LIB:
      Searching ../../lib_vs6/LIB/WLDAP32.LIB:
      Searching ../../lib_vs6/LIB/WOW32.LIB:
      Searching ../../lib_vs6/LIB/WS2_32.LIB:
      Searching ../../lib_vs6/LIB/WSNMP32.LIB:
      Searching ../../lib_vs6/LIB/WSOCK32.LIB:
      Searching ../../lib_vs6/LIB/WST.LIB:
      Searching ../../lib_vs6/LIB/XASWITCH.LIB:
      Searching ../../lib_vs6/LIB/XOLEHLP.LIB:
      Searching ../../lib/public/vstdlib.lib:
      Searching ../../lib/public/tier0.lib:
      Searching C:\Program Files (x86)\Microsoft SDKs\Windows\v7.0A\lib\kernel32.lib:
        Found __imp__DeleteFileA@4
          Referenced in LIBC.LIB(unlink.obj)
          Loaded kernel32.lib(KERNEL32.dll)
      Searching C:\Program Files (x86)\Microsoft SDKs\Windows\v7.0A\lib\user32.lib:
      Searching C:\Program Files (x86)\Microsoft SDKs\Windows\v7.0A\lib\gdi32.lib:
      Searching C:\Program Files (x86)\Microsoft SDKs\Windows\v7.0A\lib\winspool.lib:
      Searching C:\Program Files (x86)\Microsoft SDKs\Windows\v7.0A\lib\comdlg32.lib:
      Searching C:\Program Files (x86)\Microsoft SDKs\Windows\v7.0A\lib\advapi32.lib:
      Searching C:\Program Files (x86)\Microsoft SDKs\Windows\v7.0A\lib\shell32.lib:
      Searching C:\Program Files (x86)\Microsoft SDKs\Windows\v7.0A\lib\ole32.lib:
      Searching C:\Program Files (x86)\Microsoft SDKs\Windows\v7.0A\lib\oleaut32.lib:
      Searching C:\Program Files (x86)\Microsoft SDKs\Windows\v7.0A\lib\uuid.lib:
      Searching C:\Program Files (x86)\Microsoft SDKs\Windows\v7.0A\lib\odbc32.lib:
      Searching C:\Program Files (x86)\Microsoft SDKs\Windows\v7.0A\lib\odbccp32.lib:
      Searching ../../lib_vs6/LIB/ACLCLS.LIB:
      Searching ../../lib_vs6/LIB/ACTIVEDS.LIB:
      Searching ../../lib_vs6/LIB/ADDRLKUP.LIB:
      Searching ../../lib_vs6/LIB/ADME.LIB:
      Searching ../../lib_vs6/LIB/ADOID.LIB:
      Searching ../../lib_vs6/LIB/ADPTIF.LIB:
      Searching ../../lib_vs6/LIB/ADSIID.LIB:
      Searching ../../lib_vs6/LIB/ADVAPI32.LIB:
      Searching ../../lib_vs6/LIB/AFTPAPI.LIB:
      Searching ../../lib_vs6/LIB/AMSTRMID.LIB:
      Searching ../../lib_vs6/LIB/ATL.LIB:
      Searching ../../lib_vs6/LIB/BDNAPI.LIB:
      Searching ../../lib_vs6/LIB/BHMON.LIB:
      Searching ../../lib_vs6/LIB/BHSUPP.LIB:
      Searching ../../lib_vs6/LIB/CAP.LIB:
      Searching ../../lib_vs6/LIB/CERTIDL.LIB:
      Searching ../../lib_vs6/LIB/CIUUID.LIB:
      Searching ../../lib_vs6/LIB/CLUADMEX.LIB:
      Searching ../../lib_vs6/LIB/CLUSAPI.LIB:
      Searching ../../lib_vs6/LIB/COMCTL32.LIB:
      Searching ../../lib_vs6/LIB/COMDLG32.LIB:
      Searching ../../lib_vs6/LIB/COMPMGR.LIB:
      Searching ../../lib_vs6/LIB/COMSUPP.LIB:
      Searching ../../lib_vs6/LIB/CRYPT32.LIB:
      Searching ../../lib_vs6/LIB/CTL3D32.LIB:
      Searching ../../lib_vs6/LIB/CTL3D32S.LIB:
      Searching ../../lib_vs6/LIB/D3DRM.LIB:
      Searching ../../lib_vs6/LIB/DACDLL.LIB:
      Searching ../../lib_vs6/LIB/DAGUID.LIB:
      Searching ../../lib_vs6/LIB/DANIM.LIB:
      Searching ../../lib_vs6/LIB/DAOUUID.LIB:
      Searching ../../lib_vs6/LIB/DAPI.LIB:
      Searching ../../lib_vs6/LIB/DBCS.LIB:
      Searching ../../lib_vs6/LIB/DBSETS.LIB:
      Searching ../../lib_vs6/LIB/DDAO35.LIB:
      Searching ../../lib_vs6/LIB/DDAO35D.LIB:
      Searching ../../lib_vs6/LIB/DDAO35U.LIB:
      Searching ../../lib_vs6/LIB/DDAO35UD.LIB:
      Searching ../../lib_vs6/LIB/DDRAW.LIB:
      Searching ../../lib_vs6/LIB/DELAYIMP.LIB:
      Searching ../../lib_vs6/LIB/DFLAYOUT.LIB:
      Searching ../../lib_vs6/LIB/DINPUT.LIB:
      Searching ../../lib_vs6/LIB/DLCAPI.LIB:
      Searching ../../lib_vs6/LIB/DMAPIW32.LIB:
      Searching ../../lib_vs6/LIB/DPLAY.LIB:
      Searching ../../lib_vs6/LIB/DPLAYX.LIB:
      Searching ../../lib_vs6/LIB/DSCERT.LIB:
      Searching ../../lib_vs6/LIB/DSETUP.LIB:
      Searching ../../lib_vs6/LIB/DSOUND.LIB:
      Searching ../../lib_vs6/LIB/DTCCFG.LIB:
      Searching ../../lib_vs6/LIB/DTCCM.LIB:
      Searching ../../lib_vs6/LIB/DTCHELP.LIB:
      Searching ../../lib_vs6/LIB/DTCTRACE.LIB:
      Searching ../../lib_vs6/LIB/DTCUIC.LIB:
      Searching ../../lib_vs6/LIB/DTCUIS.LIB:
      Searching ../../lib_vs6/LIB/DTCUTIL.LIB:
      Searching ../../lib_vs6/LIB/DXGUID.LIB:
      Searching ../../lib_vs6/LIB/DXMRTPID.LIB:
      Searching ../../lib_vs6/LIB/EDBBCLI.LIB:
      Searching ../../lib_vs6/LIB/EDKCFG.LIB:
      Searching ../../lib_vs6/LIB/EDKDEBUG.LIB:
      Searching ../../lib_vs6/LIB/EDKEVENT.LIB:
      Searching ../../lib_vs6/LIB/EDKGUID.LIB:
      Searching ../../lib_vs6/LIB/EDKMAPI.LIB:
      Searching ../../lib_vs6/LIB/EDKMSG.LIB:
      Searching ../../lib_vs6/LIB/EDKSETUP.LIB:
      Searching ../../lib_vs6/LIB/EDKTRACK.LIB:
      Searching ../../lib_vs6/LIB/EDKUTILS.LIB:
      Searching ../../lib_vs6/LIB/EXADMIN.LIB:
      Searching ../../lib_vs6/LIB/EXCHINST.LIB:
      Searching ../../lib_vs6/LIB/EXCHSDK.LIB:
      Searching ../../lib_vs6/LIB/FASTFILE.LIB:
      Searching ../../lib_vs6/LIB/FDI.LIB:
      Searching ../../lib_vs6/LIB/FILTER.LIB:
      Searching ../../lib_vs6/LIB/FMISTR32.LIB:
      Searching ../../lib_vs6/LIB/FRIENDLY.LIB:
      Searching ../../lib_vs6/LIB/GDI32.LIB:
      Searching ../../lib_vs6/LIB/GLAUX.LIB:
      Searching ../../lib_vs6/LIB/GLU32.LIB:
      Searching ../../lib_vs6/LIB/GTRTST32.LIB:
      Searching ../../lib_vs6/LIB/GUIDS.LIB:
      Searching ../../lib_vs6/LIB/GWMAIN.LIB:
      Searching ../../lib_vs6/LIB/GWPERF.LIB:
      Searching ../../lib_vs6/LIB/GWREPORT.LIB:
      Searching ../../lib_vs6/LIB/HEXEDIT.LIB:
      Searching ../../lib_vs6/LIB/HLINK.LIB:
      Searching ../../lib_vs6/LIB/ICMUI.LIB:
      Searching ../../lib_vs6/LIB/IHVLINK.LIB:
      Searching ../../lib_vs6/LIB/IMAGEHLP.LIB:
      Searching ../../lib_vs6/LIB/IMM32.LIB:
      Searching ../../lib_vs6/LIB/JAVADBG.LIB:
      Searching ../../lib_vs6/LIB/KERNEL32.LIB:
      Searching ../../lib_vs6/LIB/KSGUID.LIB:
      Searching ../../lib_vs6/LIB/LARGEINT.LIB:
  
  Finished searching libraries
  
  Generating .exp file
     Creating library .\Release\filesystem_stdio.lib and object .\Release\filesystem_stdio.exp
  
  Finished generating .exp file
  
  Searching libraries
      Searching C:\Program Files (x86)\Microsoft SDKs\Windows\v7.0A\lib\kernel32.lib:
      Searching C:\Program Files (x86)\Microsoft SDKs\Windows\v7.0A\lib\user32.lib:
      Searching C:\Program Files (x86)\Microsoft SDKs\Windows\v7.0A\lib\gdi32.lib:
      Searching C:\Program Files (x86)\Microsoft SDKs\Windows\v7.0A\lib\winspool.lib:
      Searching C:\Program Files (x86)\Microsoft SDKs\Windows\v7.0A\lib\comdlg32.lib:
      Searching C:\Program Files (x86)\Microsoft SDKs\Windows\v7.0A\lib\advapi32.lib:
      Searching C:\Program Files (x86)\Microsoft SDKs\Windows\v7.0A\lib\shell32.lib:
      Searching C:\Program Files (x86)\Microsoft SDKs\Windows\v7.0A\lib\ole32.lib:
      Searching C:\Program Files (x86)\Microsoft SDKs\Windows\v7.0A\lib\oleaut32.lib:
      Searching C:\Program Files (x86)\Microsoft SDKs\Windows\v7.0A\lib\uuid.lib:
      Searching C:\Program Files (x86)\Microsoft SDKs\Windows\v7.0A\lib\odbc32.lib:
      Searching C:\Program Files (x86)\Microsoft SDKs\Windows\v7.0A\lib\odbccp32.lib:
      Searching ../../lib_vs6/LIB/ACLCLS.LIB:
      Searching ../../lib_vs6/LIB/ACTIVEDS.LIB:
      Searching ../../lib_vs6/LIB/ADDRLKUP.LIB:
      Searching ../../lib_vs6/LIB/ADME.LIB:
      Searching ../../lib_vs6/LIB/ADOID.LIB:
      Searching ../../lib_vs6/LIB/ADPTIF.LIB:
      Searching ../../lib_vs6/LIB/ADSIID.LIB:
      Searching ../../lib_vs6/LIB/ADVAPI32.LIB:
      Searching ../../lib_vs6/LIB/AFTPAPI.LIB:
      Searching ../../lib_vs6/LIB/AMSTRMID.LIB:
      Searching ../../lib_vs6/LIB/ATL.LIB:
      Searching ../../lib_vs6/LIB/BDNAPI.LIB:
      Searching ../../lib_vs6/LIB/BHMON.LIB:
      Searching ../../lib_vs6/LIB/BHSUPP.LIB:
      Searching ../../lib_vs6/LIB/CAP.LIB:
      Searching ../../lib_vs6/LIB/CERTIDL.LIB:
      Searching ../../lib_vs6/LIB/CIUUID.LIB:
      Searching ../../lib_vs6/LIB/CLUADMEX.LIB:
      Searching ../../lib_vs6/LIB/CLUSAPI.LIB:
      Searching ../../lib_vs6/LIB/COMCTL32.LIB:
      Searching ../../lib_vs6/LIB/COMDLG32.LIB:
      Searching ../../lib_vs6/LIB/COMPMGR.LIB:
      Searching ../../lib_vs6/LIB/COMSUPP.LIB:
      Searching ../../lib_vs6/LIB/CRYPT32.LIB:
      Searching ../../lib_vs6/LIB/CTL3D32.LIB:
      Searching ../../lib_vs6/LIB/CTL3D32S.LIB:
      Searching ../../lib_vs6/LIB/D3DRM.LIB:
      Searching ../../lib_vs6/LIB/DACDLL.LIB:
      Searching ../../lib_vs6/LIB/DAGUID.LIB:
      Searching ../../lib_vs6/LIB/DANIM.LIB:
      Searching ../../lib_vs6/LIB/DAOUUID.LIB:
      Searching ../../lib_vs6/LIB/DAPI.LIB:
      Searching ../../lib_vs6/LIB/DBCS.LIB:
      Searching ../../lib_vs6/LIB/DBSETS.LIB:
      Searching ../../lib_vs6/LIB/DDAO35.LIB:
      Searching ../../lib_vs6/LIB/DDAO35D.LIB:
      Searching ../../lib_vs6/LIB/DDAO35U.LIB:
      Searching ../../lib_vs6/LIB/DDAO35UD.LIB:
      Searching ../../lib_vs6/LIB/DDRAW.LIB:
      Searching ../../lib_vs6/LIB/DELAYIMP.LIB:
      Searching ../../lib_vs6/LIB/DFLAYOUT.LIB:
      Searching ../../lib_vs6/LIB/DINPUT.LIB:
      Searching ../../lib_vs6/LIB/DLCAPI.LIB:
      Searching ../../lib_vs6/LIB/DMAPIW32.LIB:
      Searching ../../lib_vs6/LIB/DPLAY.LIB:
      Searching ../../lib_vs6/LIB/DPLAYX.LIB:
      Searching ../../lib_vs6/LIB/DSCERT.LIB:
      Searching ../../lib_vs6/LIB/DSETUP.LIB:
      Searching ../../lib_vs6/LIB/DSOUND.LIB:
      Searching ../../lib_vs6/LIB/DTCCFG.LIB:
      Searching ../../lib_vs6/LIB/DTCCM.LIB:
      Searching ../../lib_vs6/LIB/DTCHELP.LIB:
      Searching ../../lib_vs6/LIB/DTCTRACE.LIB:
      Searching ../../lib_vs6/LIB/DTCUIC.LIB:
      Searching ../../lib_vs6/LIB/DTCUIS.LIB:
      Searching ../../lib_vs6/LIB/DTCUTIL.LIB:
      Searching ../../lib_vs6/LIB/DXGUID.LIB:
      Searching ../../lib_vs6/LIB/DXMRTPID.LIB:
      Searching ../../lib_vs6/LIB/EDBBCLI.LIB:
      Searching ../../lib_vs6/LIB/EDKCFG.LIB:
      Searching ../../lib_vs6/LIB/EDKDEBUG.LIB:
      Searching ../../lib_vs6/LIB/EDKEVENT.LIB:
      Searching ../../lib_vs6/LIB/EDKGUID.LIB:
      Searching ../../lib_vs6/LIB/EDKMAPI.LIB:
      Searching ../../lib_vs6/LIB/EDKMSG.LIB:
      Searching ../../lib_vs6/LIB/EDKSETUP.LIB:
      Searching ../../lib_vs6/LIB/EDKTRACK.LIB:
      Searching ../../lib_vs6/LIB/EDKUTILS.LIB:
      Searching ../../lib_vs6/LIB/EXADMIN.LIB:
      Searching ../../lib_vs6/LIB/EXCHINST.LIB:
      Searching ../../lib_vs6/LIB/EXCHSDK.LIB:
      Searching ../../lib_vs6/LIB/FASTFILE.LIB:
      Searching ../../lib_vs6/LIB/FDI.LIB:
      Searching ../../lib_vs6/LIB/FILTER.LIB:
      Searching ../../lib_vs6/LIB/FMISTR32.LIB:
      Searching ../../lib_vs6/LIB/FRIENDLY.LIB:
      Searching ../../lib_vs6/LIB/GDI32.LIB:
      Searching ../../lib_vs6/LIB/GLAUX.LIB:
      Searching ../../lib_vs6/LIB/GLU32.LIB:
      Searching ../../lib_vs6/LIB/GTRTST32.LIB:
      Searching ../../lib_vs6/LIB/GUIDS.LIB:
      Searching ../../lib_vs6/LIB/GWMAIN.LIB:
      Searching ../../lib_vs6/LIB/GWPERF.LIB:
      Searching ../../lib_vs6/LIB/GWREPORT.LIB:
      Searching ../../lib_vs6/LIB/HEXEDIT.LIB:
      Searching ../../lib_vs6/LIB/HLINK.LIB:
      Searching ../../lib_vs6/LIB/ICMUI.LIB:
      Searching ../../lib_vs6/LIB/IHVLINK.LIB:
      Searching ../../lib_vs6/LIB/IMAGEHLP.LIB:
      Searching ../../lib_vs6/LIB/IMM32.LIB:
      Searching ../../lib_vs6/LIB/JAVADBG.LIB:
      Searching ../../lib_vs6/LIB/KERNEL32.LIB:
      Searching ../../lib_vs6/LIB/KSGUID.LIB:
      Searching ../../lib_vs6/LIB/LARGEINT.LIB:
      Searching ../../lib_vs6/LIB/LIBC.LIB:
      Searching ../../lib_vs6/LIB/LIBCI.LIB:
      Searching ../../lib_vs6/LIB/LIBCID.LIB:
      Searching ../../lib_vs6/LIB/LIBCIMT.LIB:
      Searching ../../lib_vs6/LIB/LIBCIMTD.LIB:
      Searching ../../lib_vs6/LIB/LIBCMT.LIB:
      Searching ../../lib_vs6/LIB/LIBCP.LIB:
      Searching ../../lib_vs6/LIB/LIBCPD.LIB:
      Searching ../../lib_vs6/LIB/LIBCPMT.LIB:
      Searching ../../lib_vs6/LIB/LIBCPMTD.LIB:
      Searching ../../lib_vs6/LIB/LOADPERF.LIB:
      Searching ../../lib_vs6/LIB/LOGMGR.LIB:
      Searching ../../lib_vs6/LIB/LSAPI32.LIB:
      Searching ../../lib_vs6/LIB/LZ32.LIB:
      Searching ../../lib_vs6/LIB/MAPI32.LIB:
      Searching ../../lib_vs6/LIB/MBLOGON.LIB:
      Searching ../../lib_vs6/LIB/MEASURE.LIB:
      Searching ../../lib_vs6/LIB/MESGXLAT.LIB:
      Searching ../../lib_vs6/LIB/MFCAPWZ.LIB:
      Searching ../../lib_vs6/LIB/MFCCLWZ.LIB:
      Searching ../../lib_vs6/LIB/MFCUIA32.LIB:
      Searching ../../lib_vs6/LIB/MGMTAPI.LIB:
      Searching ../../lib_vs6/LIB/MMC.LIB:
      Searching ../../lib_vs6/LIB/MONITOR.LIB:
      Searching ../../lib_vs6/LIB/MPR.LIB:
      Searching ../../lib_vs6/LIB/MPRAPI.LIB:
      Searching ../../lib_vs6/LIB/MQOA.LIB:
      Searching ../../lib_vs6/LIB/MQRT.LIB:
      Searching ../../lib_vs6/LIB/MSACM32.LIB:
      Searching ../../lib_vs6/LIB/MSCMS.LIB:
      Searching ../../lib_vs6/LIB/MSCOMSTF.LIB:
      Searching ../../lib_vs6/LIB/MSCONF.LIB:
      Searching ../../lib_vs6/LIB/MSDASC.LIB:
      Searching ../../lib_vs6/LIB/MSDETSTF.LIB:
      Searching ../../lib_vs6/LIB/MSDTCPRX.LIB:
      Searching ../../lib_vs6/LIB/MSDTCTM.LIB:
      Searching ../../lib_vs6/LIB/MSGEMIT.LIB:
      Searching ../../lib_vs6/LIB/MSI.LIB:
      Searching ../../lib_vs6/LIB/MSIMG32.LIB:
      Searching ../../lib_vs6/LIB/MSINSSTF.LIB:
      Searching ../../lib_vs6/LIB/MSJAVA.LIB:
      Searching ../../lib_vs6/LIB/MSLSP32.LIB:
      Searching ../../lib_vs6/LIB/MSRATING.LIB:
      Searching ../../lib_vs6/LIB/MSSHLSTF.LIB:
      Searching ../../lib_vs6/LIB/MSTASK.LIB:
      Searching ../../lib_vs6/LIB/MSUILSTF.LIB:
      Searching ../../lib_vs6/LIB/MSVCIRT.LIB:
      Searching ../../lib_vs6/LIB/MSVCIRTD.LIB:
      Searching ../../lib_vs6/LIB/MSVCPRT.LIB:
      Searching ../../lib_vs6/LIB/MSVCPRTD.LIB:
      Searching ../../lib_vs6/LIB/MSVCRT.LIB:
      Searching ../../lib_vs6/LIB/MSVCRTD.LIB:
      Searching ../../lib_vs6/LIB/MSWSOCK.LIB:
      Searching ../../lib_vs6/LIB/MTX.LIB:
      Searching ../../lib_vs6/LIB/MTXDM.LIB:
      Searching ../../lib_vs6/LIB/MTXGUID.LIB:
      Searching ../../lib_vs6/LIB/MTXIH.LIB:
      Searching ../../lib_vs6/LIB/MTXOCI.LIB:
      Searching ../../lib_vs6/LIB/NAL.LIB:
      Searching ../../lib_vs6/LIB/NDDEAPI.LIB:
      Searching ../../lib_vs6/LIB/NETAPI32.LIB:
      Searching ../../lib_vs6/LIB/NEWPST.LIB:
      Searching ../../lib_vs6/LIB/NMAPI.LIB:
      Searching ../../lib_vs6/LIB/NTMSAPI.LIB:
      Searching ../../lib_vs6/LIB/NTQUERY.LIB:
      Searching ../../lib_vs6/LIB/NTWDBLIB.LIB:
      Searching ../../lib_vs6/LIB/OBJECTTY.LIB:
      Searching ../../lib_vs6/LIB/OCX96.LIB:
      Searching ../../lib_vs6/LIB/ODBC32.LIB:
      Searching ../../lib_vs6/LIB/ODBCCP32.LIB:
      Searching ../../lib_vs6/LIB/OLDNAMES.LIB:
      Searching ../../lib_vs6/LIB/OLE32.LIB:
      Searching ../../lib_vs6/LIB/OLEACC.LIB:
      Searching ../../lib_vs6/LIB/OLEAUT32.LIB:
      Searching ../../lib_vs6/LIB/OLEDB.LIB:
      Searching ../../lib_vs6/LIB/OLEDBD.LIB:
      Searching ../../lib_vs6/LIB/OLEDLG.LIB:
      Searching ../../lib_vs6/LIB/OLEPRO32.LIB:
      Searching ../../lib_vs6/LIB/OPENDS60.LIB:
      Searching ../../lib_vs6/LIB/OPENGL32.LIB:
      Searching ../../lib_vs6/LIB/OSPTK.LIB:
      Searching ../../lib_vs6/LIB/PARSER.LIB:
      Searching ../../lib_vs6/LIB/PDH.LIB:
      Searching ../../lib_vs6/LIB/PENTER.LIB:
      Searching ../../lib_vs6/LIB/PENWIN32.LIB:
      Searching ../../lib_vs6/LIB/PKPD32.LIB:
      Searching ../../lib_vs6/LIB/PROPTAG.LIB:
      Searching ../../lib_vs6/LIB/QUARTZ.LIB:
      Searching ../../lib_vs6/LIB/RASAPI32.LIB:
      Searching ../../lib_vs6/LIB/RASDLG.LIB:
      Searching ../../lib_vs6/LIB/RASSAPI.LIB:
      Searching ../../lib_vs6/LIB/RENDID.LIB:
      Searching ../../lib_vs6/LIB/RESUTILS.LIB:
      Searching ../../lib_vs6/LIB/RNDNOTID.LIB:
      Searching ../../lib_vs6/LIB/RPCNDR.LIB:
      Searching ../../lib_vs6/LIB/RPCNS4.LIB:
      Searching ../../lib_vs6/LIB/RPCRT4.LIB:
      Searching ../../lib_vs6/LIB/RTFLIB32.LIB:
      Searching ../../lib_vs6/LIB/RTM.LIB:
      Searching ../../lib_vs6/LIB/RTUTILS.LIB:
      Searching ../../lib_vs6/LIB/RULECLS.LIB:
      Searching ../../lib_vs6/LIB/SADAPI.LIB:
      Searching ../../lib_vs6/LIB/SAMPRM.LIB:
      Searching ../../lib_vs6/LIB/SCARDDLG.LIB:
      Searching ../../lib_vs6/LIB/SCRNSAVE.LIB:
      Searching ../../lib_vs6/LIB/SCRNSAVW.LIB:
      Searching ../../lib_vs6/LIB/SDKUTIL.LIB:
      Searching ../../lib_vs6/LIB/SDPBLBID.LIB:
      Searching ../../lib_vs6/LIB/SETUPAPI.LIB:
      Searching ../../lib_vs6/LIB/SHELL32.LIB:
      Searching ../../lib_vs6/LIB/SHLWAPI.LIB:
      Searching ../../lib_vs6/LIB/SLBS.LIB:
      Searching ../../lib_vs6/LIB/SMSAPI.LIB:
      Searching ../../lib_vs6/LIB/SNACLI.LIB:
      Searching ../../lib_vs6/LIB/SNANLS.LIB:
      Searching ../../lib_vs6/LIB/SNMPAPI.LIB:
      Searching ../../lib_vs6/LIB/SPORDER.LIB:
      Searching ../../lib_vs6/LIB/STATS.LIB:
      Searching ../../lib_vs6/LIB/STRMBASD.LIB:
      Searching ../../lib_vs6/LIB/STRMBASE.LIB:
      Searching ../../lib_vs6/LIB/STRMIIDS.LIB:
      Searching ../../lib_vs6/LIB/SVCSRVL.LIB:
      Searching ../../lib_vs6/LIB/SVRAPI.LIB:
      Searching ../../lib_vs6/LIB/T3IID.LIB:
      Searching ../../lib_vs6/LIB/TAPI32.LIB:
      Searching ../../lib_vs6/LIB/TH32.LIB:
      Searching ../../lib_vs6/LIB/THUNK32.LIB:
      Searching ../../lib_vs6/LIB/TOOLBAR.LIB:
      Searching ../../lib_vs6/LIB/TRNSDT.LIB:
      Searching ../../lib_vs6/LIB/TSSQSEC.LIB:
      Searching ../../lib_vs6/LIB/TSSUTIL.LIB:
      Searching ../../lib_vs6/LIB/URL.LIB:
      Searching ../../lib_vs6/LIB/URLHLINK.LIB:
      Searching ../../lib_vs6/LIB/URLMON.LIB:
      Searching ../../lib_vs6/LIB/USER32.LIB:
      Searching ../../lib_vs6/LIB/UTIL.LIB:
      Searching ../../lib_vs6/LIB/UUID.LIB:
      Searching ../../lib_vs6/LIB/VDMDBG.LIB:
      Searching ../../lib_vs6/LIB/VERSION.LIB:
      Searching ../../lib_vs6/LIB/VFW32.LIB:
      Searching ../../lib_vs6/LIB/WAPPC32.LIB:
      Searching ../../lib_vs6/LIB/WCPIC32.LIB:
      Searching ../../lib_vs6/LIB/WEBPOST.LIB:
      Searching ../../lib_vs6/LIB/WIN32SPL.LIB:
      Searching ../../lib_vs6/LIB/WINCSV32.LIB:
      Searching ../../lib_vs6/LIB/WININET.LIB:
      Searching ../../lib_vs6/LIB/WINMM.LIB:
      Searching ../../lib_vs6/LIB/WINRUI32.LIB:
      Searching ../../lib_vs6/LIB/WINSCARD.LIB:
      Searching ../../lib_vs6/LIB/WINSLI32.LIB:
      Searching ../../lib_vs6/LIB/WINSPOOL.LIB:
      Searching ../../lib_vs6/LIB/WINSTRM.LIB:
      Searching ../../lib_vs6/LIB/WINTRUST.LIB:
      Searching ../../lib_vs6/LIB/WINWRAP.LIB:
      Searching ../../lib_vs6/LIB/WLDAP32.LIB:
      Searching ../../lib_vs6/LIB/WOW32.LIB:
      Searching ../../lib_vs6/LIB/WS2_32.LIB:
      Searching ../../lib_vs6/LIB/WSNMP32.LIB:
      Searching ../../lib_vs6/LIB/WSOCK32.LIB:
      Searching ../../lib_vs6/LIB/WST.LIB:
      Searching ../../lib_vs6/LIB/XASWITCH.LIB:
      Searching ../../lib_vs6/LIB/XOLEHLP.LIB:
      Searching ../../lib/public/vstdlib.lib:
      Searching ../../lib/public/tier0.lib:
  
  Finished searching libraries
  
  Finished pass 1
  
  Generating non-SAFESEH image.
LIBC.LIB(crt0init.obj) : warning LNK4254: section '.CRT' (40000040) merged into '.data' (C0000040) with different attributes
  Starting pass 2
       filesystem_stdio.exp
       filesystem_stdio.obj
       BaseFileSystem.obj
       utlsymbol.obj
       interface.obj
       characterset.obj
       kernel32.lib(KERNEL32.dll)
       kernel32.lib(KERNEL32.dll)
       kernel32.lib(KERNEL32.dll)
       kernel32.lib(KERNEL32.dll)
       kernel32.lib(KERNEL32.dll)
       kernel32.lib(KERNEL32.dll)
       kernel32.lib(KERNEL32.dll)
       kernel32.lib(KERNEL32.dll)
       kernel32.lib(KERNEL32.dll)
       kernel32.lib(KERNEL32.dll)
       kernel32.lib(KERNEL32.dll)
       kernel32.lib(KERNEL32.dll)
       kernel32.lib(KERNEL32.dll)
       kernel32.lib(KERNEL32.dll)
       kernel32.lib(KERNEL32.dll)
       kernel32.lib(KERNEL32.dll)
       kernel32.lib(KERNEL32.dll)
       kernel32.lib(KERNEL32.dll)
       kernel32.lib(KERNEL32.dll)
       kernel32.lib(KERNEL32.dll)
       kernel32.lib(KERNEL32.dll)
       kernel32.lib(KERNEL32.dll)
       kernel32.lib(KERNEL32.dll)
       kernel32.lib(KERNEL32.dll)
       kernel32.lib(KERNEL32.dll)
       kernel32.lib(KERNEL32.dll)
       kernel32.lib(KERNEL32.dll)
       kernel32.lib(KERNEL32.dll)
       kernel32.lib(KERNEL32.dll)
       kernel32.lib(KERNEL32.dll)
       kernel32.lib(KERNEL32.dll)
       kernel32.lib(KERNEL32.dll)
       kernel32.lib(KERNEL32.dll)
       kernel32.lib(KERNEL32.dll)
       kernel32.lib(KERNEL32.dll)
       kernel32.lib(KERNEL32.dll)
       kernel32.lib(KERNEL32.dll)
       kernel32.lib(KERNEL32.dll)
       kernel32.lib(KERNEL32.dll)
       kernel32.lib(KERNEL32.dll)
       kernel32.lib(KERNEL32.dll)
       kernel32.lib(KERNEL32.dll)
       kernel32.lib(KERNEL32.dll)
       kernel32.lib(KERNEL32.dll)
       kernel32.lib(KERNEL32.dll)
       kernel32.lib(KERNEL32.dll)
       kernel32.lib(KERNEL32.dll)
       kernel32.lib(KERNEL32.dll)
       kernel32.lib(KERNEL32.dll)
       kernel32.lib(KERNEL32.dll)
       kernel32.lib(KERNEL32.dll)
       kernel32.lib(KERNEL32.dll)
       kernel32.lib(KERNEL32.dll)
       kernel32.lib(KERNEL32.dll)
       kernel32.lib(KERNEL32.dll)
       kernel32.lib(KERNEL32.dll)
       kernel32.lib(KERNEL32.dll)
       kernel32.lib(KERNEL32.dll)
       kernel32.lib(KERNEL32.dll)
       kernel32.lib(KERNEL32.dll)
       kernel32.lib(KERNEL32.dll)
       kernel32.lib(KERNEL32.dll)
       kernel32.lib(KERNEL32.dll)
       kernel32.lib(KERNEL32.dll)
       kernel32.lib(KERNEL32.dll)
       kernel32.lib(KERNEL32.dll)
       kernel32.lib(KERNEL32.dll)
       kernel32.lib(KERNEL32.dll)
       LIBC.LIB(testfdiv.obj)
       LIBC.LIB(ieee87.obj)
       LIBC.LIB(x10fout.obj)
       LIBC.LIB(tenpow.obj)
       LIBC.LIB(strgtold.obj)
       LIBC.LIB(mantold.obj)
       LIBC.LIB(intrncvt.obj)
       LIBC.LIB(fpinit.obj)
       LIBC.LIB(cvt.obj)
       LIBC.LIB(constpow.obj)
       LIBC.LIB(cfout.obj)
       LIBC.LIB(tzset.obj)
       LIBC.LIB(timeset.obj)
       LIBC.LIB(localtim.obj)
       LIBC.LIB(gmtime.obj)
       LIBC.LIB(dtoxtime.obj)
       LIBC.LIB(days.obj)
       LIBC.LIB(ctime.obj)
       LIBC.LIB(asctime.obj)
       LIBC.LIB(strlwr.obj)
       LIBC.LIB(strstr.obj)
       LIBC.LIB(strrchr.obj)
       LIBC.LIB(strpbrk.obj)
       LIBC.LIB(strnicmp.obj)
       LIBC.LIB(strncpy.obj)
       LIBC.LIB(strncmp.obj)
       LIBC.LIB(strlen.obj)
       LIBC.LIB(stricmp.obj)
       LIBC.LIB(strdup.obj)
       LIBC.LIB(strcmp.obj)
       LIBC.LIB(strchr.obj)
       LIBC.LIB(strcat.obj)
       LIBC.LIB(memset.obj)
       LIBC.LIB(memmove.obj)
       LIBC.LIB(memcpy.obj)
       LIBC.LIB(ncommode.obj)
       LIBC.LIB(vsnprint.obj)
       LIBC.LIB(vfprintf.obj)
       LIBC.LIB(stream.obj)
       LIBC.LIB(sprintf.obj)
       LIBC.LIB(setvbuf.obj)
       LIBC.LIB(printf.obj)
       LIBC.LIB(output.obj)
       LIBC.LIB(fwrite.obj)
       LIBC.LIB(ftell.obj)
       LIBC.LIB(fseek.obj)
       LIBC.LIB(fread.obj)
       LIBC.LIB(fprintf.obj)
       LIBC.LIB(fopen.obj)
       LIBC.LIB(fflush.obj)
       LIBC.LIB(fclose.obj)
       LIBC.LIB(closeall.obj)
       LIBC.LIB(_sftbuf.obj)
       LIBC.LIB(_open.obj)
       LIBC.LIB(_getbuf.obj)
       LIBC.LIB(_freebuf.obj)
       LIBC.LIB(_flsbuf.obj)
       LIBC.LIB(_file.obj)
       LIBC.LIB(_filbuf.obj)
       LIBC.LIB(fgets.obj)
       LIBC.LIB(feoferr.obj)
       LIBC.LIB(fp8.obj)
       LIBC.LIB(stdenvp.obj)
       LIBC.LIB(stdargv.obj)
       LIBC.LIB(dllmain.obj)
       LIBC.LIB(dllcrt0.obj)
       LIBC.LIB(crt0msg.obj)
       LIBC.LIB(crt0init.obj)
       LIBC.LIB(crt0fp.obj)
       LIBC.LIB(crt0dat.obj)
       LIBC.LIB(chkstk.obj)
       LIBC.LIB(wtombenv.obj)
       LIBC.LIB(winxfltr.obj)
       LIBC.LIB(syserr.obj)
       LIBC.LIB(setenv.obj)
       LIBC.LIB(purevirt.obj)
       LIBC.LIB(perror.obj)
       LIBC.LIB(nlsdata2.obj)
       LIBC.LIB(nlsdata1.obj)
       LIBC.LIB(onexit.obj)
       LIBC.LIB(getenv.obj)
       LIBC.LIB(ctype.obj)
       LIBC.LIB(crtmbox.obj)
       LIBC.LIB(cmiscdat.obj)
       LIBC.LIB(a_str.obj)
       LIBC.LIB(a_map.obj)
       LIBC.LIB(a_env.obj)
       LIBC.LIB(a_cmp.obj)
       LIBC.LIB(exsup3.obj)
       LIBC.LIB(exsup.obj)
       LIBC.LIB(mbtolwr.obj)
       LIBC.LIB(mbsrchr.obj)
       LIBC.LIB(mbspbrk.obj)
       LIBC.LIB(mbsnbico.obj)
       LIBC.LIB(mbsicmp.obj)
       LIBC.LIB(mbschr.obj)
       LIBC.LIB(mbctype.obj)
       LIBC.LIB(write.obj)
       LIBC.LIB(txtmode.obj)
       LIBC.LIB(setmode.obj)
       LIBC.LIB(read.obj)
       LIBC.LIB(osfinfo.obj)
       LIBC.LIB(open.obj)
       LIBC.LIB(lseek.obj)
       LIBC.LIB(isatty.obj)
       LIBC.LIB(ioinit.obj)
       LIBC.LIB(commit.obj)
       LIBC.LIB(close.obj)
       LIBC.LIB(chsize.obj)
       LIBC.LIB(ullrem.obj)
       LIBC.LIB(ulldiv.obj)
       LIBC.LIB(llmul.obj)
       LIBC.LIB(new.obj)
       LIBC.LIB(_newmode.obj)
       LIBC.LIB(delete.obj)
       LIBC.LIB(handler.obj)
       LIBC.LIB(sbheap.obj)
       LIBC.LIB(realloc.obj)
       LIBC.LIB(msize.obj)
       LIBC.LIB(malloc.obj)
       LIBC.LIB(heapinit.obj)
       LIBC.LIB(free.obj)
       LIBC.LIB(calloc.obj)
       LIBC.LIB(typinfo.obj)
       LIBC.LIB(unlink.obj)
       LIBC.LIB(stat.obj)
       LIBC.LIB(rename.obj)
       LIBC.LIB(mkdir.obj)
       LIBC.LIB(getcwd.obj)
       LIBC.LIB(fullpath.obj)
       LIBC.LIB(drive.obj)
       LIBC.LIB(dosmap.obj)
       LIBC.LIB(wctomb.obj)
       LIBC.LIB(toupper.obj)
       LIBC.LIB(tolower.obj)
       LIBC.LIB(isctype.obj)
       LIBC.LIB(atox.obj)
       LIBC.LIB(_fptostr.obj)
       OLDNAMES.LIB(unlink.obj)
       OLDNAMES.LIB(strcmpi.obj)
       OLDNAMES.LIB(strlwr.obj)
       OLDNAMES.LIB(strnicmp.obj)
       vstdlib.lib(vstdlib.dll)
       vstdlib.lib(vstdlib.dll)
       vstdlib.lib(vstdlib.dll)
       vstdlib.lib(vstdlib.dll)
       tier0.lib(tier0.dll)
       tier0.lib(tier0.dll)
       tier0.lib(tier0.dll)
       tier0.lib(tier0.dll)
       tier0.lib(tier0.dll)
       tier0.lib(tier0.dll)
       tier0.lib(tier0.dll)
       tier0.lib(tier0.dll)
  Finished pass 2
  filesystem_stdio.vcxproj -> C:\Users\blue2\Desktop\SM\HLS1 AZ - gameui dlll SECOND BAKKUPO\filesystem\filesystem_stdio\.\Release\filesystem_stdio.dll
          1 file(s) copied.
