c:\program files (x86)\half-life\half-life 2\hls_fix\src\sp\game\client\release_mod_hl1\client.pch
c:\program files (x86)\half-life\half-life 2\hls_fix\src\sp\game\client\release_mod_hl1\vc120.pdb
c:\program files (x86)\half-life\half-life 2\hls_fix\src\sp\game\client\release_mod_hl1\stdafx.obj
c:\program files (x86)\half-life\half-life 2\hls_fix\src\sp\game\client\release_mod_hl1\mp3player.obj
c:\program files (x86)\half-life\half-life 2\hls_fix\src\sp\game\client\release_mod_hl1\baseachievement.obj
c:\program files (x86)\half-life\half-life 2\hls_fix\src\sp\game\client\release_mod_hl1\c_env_fog_controller.obj
c:\program files (x86)\half-life\half-life 2\hls_fix\src\sp\game\client\release_mod_hl1\c_fish.obj
c:\program files (x86)\half-life\half-life 2\hls_fix\src\sp\game\client\release_mod_hl1\c_func_smokevolume.obj
c:\program files (x86)\half-life\half-life 2\hls_fix\src\sp\game\client\release_mod_hl1\c_playerresource.obj
c:\program files (x86)\half-life\half-life 2\hls_fix\src\sp\game\client\release_mod_hl1\c_slideshow_display.obj
c:\program files (x86)\half-life\half-life 2\hls_fix\src\sp\game\client\release_mod_hl1\c_vote_controller.obj
c:\program files (x86)\half-life\half-life 2\hls_fix\src\sp\game\client\release_mod_hl1\clientsideeffects_test.obj
c:\program files (x86)\half-life\half-life 2\hls_fix\src\sp\game\client\release_mod_hl1\entityoriginmaterialproxy.obj
c:\program files (x86)\half-life\half-life 2\hls_fix\src\sp\game\client\release_mod_hl1\flashlighteffect.obj
c:\program files (x86)\half-life\half-life 2\hls_fix\src\sp\game\client\release_mod_hl1\fx_cube.obj
c:\program files (x86)\half-life\half-life 2\hls_fix\src\sp\game\client\release_mod_hl1\fx_staticline.obj
c:\program files (x86)\half-life\half-life 2\hls_fix\src\sp\game\client\release_mod_hl1\gamerules_register.obj
c:\program files (x86)\half-life\half-life 2\hls_fix\src\sp\game\client\release_mod_hl1\gamevars_shared.obj
c:\program files (x86)\half-life\half-life 2\hls_fix\src\sp\game\client\release_mod_hl1\haptic_msgs.obj
c:\program files (x86)\half-life\half-life 2\hls_fix\src\sp\game\client\release_mod_hl1\hud_animationinfo.obj
c:\program files (x86)\half-life\half-life 2\hls_fix\src\sp\game\client\release_mod_hl1\hud_pdump.obj
c:\program files (x86)\half-life\half-life 2\hls_fix\src\sp\game\client\release_mod_hl1\lampbeamproxy.obj
c:\program files (x86)\half-life\half-life 2\hls_fix\src\sp\game\client\release_mod_hl1\message.obj
c:\program files (x86)\half-life\half-life 2\hls_fix\src\sp\game\client\release_mod_hl1\physpropclientside.obj
c:\program files (x86)\half-life\half-life 2\hls_fix\src\sp\game\client\release_mod_hl1\saverestore.obj
c:\program files (x86)\half-life\half-life 2\hls_fix\src\sp\game\client\release_mod_hl1\vgui_basepanel.obj
c:\program files (x86)\half-life\half-life 2\hls_fix\src\sp\game\client\release_mod_hl1\vgui_netgraphpanel.obj
c:\program files (x86)\half-life\half-life 2\hls_fix\src\sp\game\client\release_mod_hl1\voice_banmgr.obj
c:\program files (x86)\half-life\half-life 2\hls_fix\src\sp\game\client\release_mod_hl1\weapons_resource.obj
c:\program files (x86)\half-life\half-life 2\hls_fix\src\sp\game\client\release_mod_hl1\spectatorgui.obj
c:\program files (x86)\half-life\half-life 2\hls_fix\src\sp\game\client\release_mod_hl1\hl1_weapon_egon.obj
c:\program files (x86)\half-life\half-life 2\hls_fix\src\sp\game\client\release_mod_hl1\hud_hl1_flashlight.obj
c:\program files (x86)\half-life\half-life 2\hls_fix\src\sp\game\client\release_mod_hl1\c_antlion_dust.obj
c:\program files (x86)\half-life\half-life 2\hls_fix\src\sp\game\client\release_mod_hl1\sedit_modelrender.obj
c:\program files (x86)\half-life\half-life 2\hls_fix\src\sp\game\client\release_mod_hl1\c_smokestack.obj
c:\program files (x86)\half-life\half-life 2\hls_fix\src\sp\game\client\release_mod_hl1\c_te_beamring.obj
c:\program files (x86)\half-life\half-life 2\hls_fix\src\sp\game\client\release_mod_hl1\c_te_decal.obj
c:\program files (x86)\half-life\half-life 2\hls_fix\src\sp\game\client\release_mod_hl1\c_te_legacytempents.obj
c:\program files (x86)\half-life\half-life 2\hls_fix\src\sp\game\client\release_mod_hl1\animatedentitytextureproxy.obj
c:\program files (x86)\half-life\half-life 2\hls_fix\src\sp\game\client\release_mod_hl1\baseanimatedtextureproxy.obj
c:\program files (x86)\half-life\half-life 2\hls_fix\src\sp\game\client\release_mod_hl1\baseplayer_shared.obj
c:\program files (x86)\half-life\half-life 2\hls_fix\src\sp\game\client\release_mod_hl1\c_basedoor.obj
c:\program files (x86)\half-life\half-life 2\hls_fix\src\sp\game\client\release_mod_hl1\c_baseviewmodel.obj
c:\program files (x86)\half-life\half-life 2\hls_fix\src\sp\game\client\release_mod_hl1\c_colorcorrectionvolume.obj
c:\program files (x86)\half-life\half-life 2\hls_fix\src\sp\game\client\release_mod_hl1\c_env_screenoverlay.obj
c:\program files (x86)\half-life\half-life 2\hls_fix\src\sp\game\client\release_mod_hl1\c_func_lod.obj
c:\program files (x86)\half-life\half-life 2\hls_fix\src\sp\game\client\release_mod_hl1\c_func_reflective_glass.obj
c:\program files (x86)\half-life\half-life 2\hls_fix\src\sp\game\client\release_mod_hl1\c_particle_system.obj
c:\program files (x86)\half-life\half-life 2\hls_fix\src\sp\game\client\release_mod_hl1\c_props.obj
c:\program files (x86)\half-life\half-life 2\hls_fix\src\sp\game\client\release_mod_hl1\c_sprite.obj
c:\program files (x86)\half-life\half-life 2\hls_fix\src\sp\game\client\release_mod_hl1\c_vguiscreen.obj
c:\program files (x86)\half-life\half-life 2\hls_fix\src\sp\game\client\release_mod_hl1\death_pose.obj
c:\program files (x86)\half-life\half-life 2\hls_fix\src\sp\game\client\release_mod_hl1\detailobjectsystem.obj
c:\program files (x86)\half-life\half-life 2\hls_fix\src\sp\game\client\release_mod_hl1\haptic_utils.obj
c:\program files (x86)\half-life\half-life 2\hls_fix\src\sp\game\client\release_mod_hl1\hud_basetimer.obj
c:\program files (x86)\half-life\half-life 2\hls_fix\src\sp\game\client\release_mod_hl1\hud_msg.obj
c:\program files (x86)\half-life\half-life 2\hls_fix\src\sp\game\client\release_mod_hl1\igamesystem.obj
c:\program files (x86)\half-life\half-life 2\hls_fix\src\sp\game\client\release_mod_hl1\mapentities_shared.obj
c:\program files (x86)\half-life\half-life 2\hls_fix\src\sp\game\client\release_mod_hl1\movehelper_client.obj
c:\program files (x86)\half-life\half-life 2\hls_fix\src\sp\game\client\release_mod_hl1\particles_ez.obj
c:\program files (x86)\half-life\half-life 2\hls_fix\src\sp\game\client\release_mod_hl1\physics_main_shared.obj
c:\program files (x86)\half-life\half-life 2\hls_fix\src\sp\game\client\release_mod_hl1\text_message.obj
c:\program files (x86)\half-life\half-life 2\hls_fix\src\sp\game\client\release_mod_hl1\vehicle_viewblend_shared.obj
c:\program files (x86)\half-life\half-life 2\hls_fix\src\sp\game\client\release_mod_hl1\vgui_consolepanel.obj
c:\program files (x86)\half-life\half-life 2\hls_fix\src\sp\game\client\release_mod_hl1\vgui_game_viewport.obj
c:\program files (x86)\half-life\half-life 2\hls_fix\src\sp\game\client\release_mod_hl1\vgui_loadingdiscpanel.obj
c:\program files (x86)\half-life\half-life 2\hls_fix\src\sp\game\client\release_mod_hl1\viewconeimage.obj
c:\program files (x86)\half-life\half-life 2\hls_fix\src\sp\game\client\release_mod_hl1\basemodelpanel.obj
c:\program files (x86)\half-life\half-life 2\hls_fix\src\sp\game\client\release_mod_hl1\hl1_baseweapon_shared.obj
c:\program files (x86)\half-life\half-life 2\hls_fix\src\sp\game\client\release_mod_hl1\hl1_gamemovement.obj
c:\program files (x86)\half-life\half-life 2\hls_fix\src\sp\game\client\release_mod_hl1\hl1_weapon_357.obj
c:\program files (x86)\half-life\half-life 2\hls_fix\src\sp\game\client\release_mod_hl1\hl1_weapon_hornetgun.obj
c:\program files (x86)\half-life\half-life 2\hls_fix\src\sp\game\client\release_mod_hl1\hud_hl1_damageindicator.obj
c:\program files (x86)\half-life\half-life 2\hls_fix\src\sp\game\client\release_mod_hl1\c_basehelicopter.obj
c:\program files (x86)\half-life\half-life 2\hls_fix\src\sp\game\client\release_mod_hl1\in_sixense_gesture_bindings.obj
c:\program files (x86)\half-life\half-life 2\hls_fix\src\sp\game\client\release_mod_hl1\c_effects.obj
c:\program files (x86)\half-life\half-life 2\hls_fix\src\sp\game\client\release_mod_hl1\c_te_bloodsprite.obj
c:\program files (x86)\half-life\half-life 2\hls_fix\src\sp\game\client\release_mod_hl1\c_te_footprint.obj
c:\program files (x86)\half-life\half-life 2\hls_fix\src\sp\game\client\release_mod_hl1\c_te_physicsprop.obj
c:\program files (x86)\half-life\half-life 2\hls_fix\src\sp\game\client\release_mod_hl1\fx.obj
c:\program files (x86)\half-life\half-life 2\hls_fix\src\sp\game\client\release_mod_hl1\achievements_hlx.obj
c:\program files (x86)\half-life\half-life 2\hls_fix\src\sp\game\client\release_mod_hl1\animation.obj
c:\program files (x86)\half-life\half-life 2\hls_fix\src\sp\game\client\release_mod_hl1\basepresence.obj
c:\program files (x86)\half-life\half-life 2\hls_fix\src\sp\game\client\release_mod_hl1\bone_merge_cache.obj
c:\program files (x86)\half-life\half-life 2\hls_fix\src\sp\game\client\release_mod_hl1\c_basecombatweapon.obj
c:\program files (x86)\half-life\half-life 2\hls_fix\src\sp\game\client\release_mod_hl1\c_env_projectedtexture.obj
c:\program files (x86)\half-life\half-life 2\hls_fix\src\sp\game\client\release_mod_hl1\c_func_conveyor.obj
c:\program files (x86)\half-life\half-life 2\hls_fix\src\sp\game\client\release_mod_hl1\c_func_rotating.obj
c:\program files (x86)\half-life\half-life 2\hls_fix\src\sp\game\client\release_mod_hl1\c_lightglow.obj
c:\program files (x86)\half-life\half-life 2\hls_fix\src\sp\game\client\release_mod_hl1\c_pixel_visibility.obj
c:\program files (x86)\half-life\half-life 2\hls_fix\src\sp\game\client\release_mod_hl1\c_vehicle_choreo_generic.obj
c:\program files (x86)\half-life\half-life 2\hls_fix\src\sp\game\client\release_mod_hl1\cdll_bounded_cvars.obj
c:\program files (x86)\half-life\half-life 2\hls_fix\src\sp\game\client\release_mod_hl1\clientshadowmgr.obj
c:\program files (x86)\half-life\half-life 2\hls_fix\src\sp\game\client\release_mod_hl1\fx_shelleject.obj
c:\program files (x86)\half-life\half-life 2\hls_fix\src\sp\game\client\release_mod_hl1\gamerules.obj
c:\program files (x86)\half-life\half-life 2\hls_fix\src\sp\game\client\release_mod_hl1\hud_autoaim.obj
c:\program files (x86)\half-life\half-life 2\hls_fix\src\sp\game\client\release_mod_hl1\hud_redraw.obj
c:\program files (x86)\half-life\half-life 2\hls_fix\src\sp\game\client\release_mod_hl1\interpolatedvar.obj
c:\program files (x86)\half-life\half-life 2\hls_fix\src\sp\game\client\release_mod_hl1\particle_collision.obj
c:\program files (x86)\half-life\half-life 2\hls_fix\src\sp\game\client\release_mod_hl1\particle_simple3d.obj
c:\program files (x86)\half-life\half-life 2\hls_fix\src\sp\game\client\release_mod_hl1\physics.obj
c:\program files (x86)\half-life\half-life 2\hls_fix\src\sp\game\client\release_mod_hl1\proxypupil.obj
c:\program files (x86)\half-life\half-life 2\hls_fix\src\sp\game\client\release_mod_hl1\screenspaceeffects.obj
c:\program files (x86)\half-life\half-life 2\hls_fix\src\sp\game\client\release_mod_hl1\soundparametersinternal.obj
c:\program files (x86)\half-life\half-life 2\hls_fix\src\sp\game\client\release_mod_hl1\studio_stats.obj
c:\program files (x86)\half-life\half-life 2\hls_fix\src\sp\game\client\release_mod_hl1\vgui_centerstringpanel.obj
c:\program files (x86)\half-life\half-life 2\hls_fix\src\sp\game\client\release_mod_hl1\view.obj
c:\program files (x86)\half-life\half-life 2\hls_fix\src\sp\game\client\release_mod_hl1\weapon_parse.obj
c:\program files (x86)\half-life\half-life 2\hls_fix\src\sp\game\client\release_mod_hl1\intromenu.obj
c:\program files (x86)\half-life\half-life 2\hls_fix\src\sp\game\client\release_mod_hl1\hl1_fx_gauss.obj
c:\program files (x86)\half-life\half-life 2\hls_fix\src\sp\game\client\release_mod_hl1\hl1_menu_rm.obj
c:\program files (x86)\half-life\half-life 2\hls_fix\src\sp\game\client\release_mod_hl1\hud_hl1_ammo.obj
c:\program files (x86)\half-life\half-life 2\hls_fix\src\sp\game\client\release_mod_hl1\hud_numbers.obj
c:\program files (x86)\half-life\half-life 2\hls_fix\src\sp\game\client\release_mod_hl1\c_te_beamentpoint.obj
c:\program files (x86)\half-life\half-life 2\hls_fix\src\sp\game\client\release_mod_hl1\c_te_bspdecal.obj
c:\program files (x86)\half-life\half-life 2\hls_fix\src\sp\game\client\release_mod_hl1\c_te_fizz.obj
c:\program files (x86)\half-life\half-life 2\hls_fix\src\sp\game\client\release_mod_hl1\c_te_playerdecal.obj
c:\program files (x86)\half-life\half-life 2\hls_fix\src\sp\game\client\release_mod_hl1\bonelist.obj
c:\program files (x86)\half-life\half-life 2\hls_fix\src\sp\game\client\release_mod_hl1\replaycamera.obj
c:\program files (x86)\half-life\half-life 2\hls_fix\src\sp\game\client\release_mod_hl1\animatespecifictextureproxy.obj
c:\program files (x86)\half-life\half-life 2\hls_fix\src\sp\game\client\release_mod_hl1\basegrenade_shared.obj
c:\program files (x86)\half-life\half-life 2\hls_fix\src\sp\game\client\release_mod_hl1\beam_shared.obj
c:\program files (x86)\half-life\half-life 2\hls_fix\src\sp\game\client\release_mod_hl1\c_breakableprop.obj
c:\program files (x86)\half-life\half-life 2\hls_fix\src\sp\game\client\release_mod_hl1\c_entitydissolve.obj
c:\program files (x86)\half-life\half-life 2\hls_fix\src\sp\game\client\release_mod_hl1\c_func_dust.obj
c:\program files (x86)\half-life\half-life 2\hls_fix\src\sp\game\client\release_mod_hl1\c_materialmodifycontrol.obj
c:\program files (x86)\half-life\half-life 2\hls_fix\src\sp\game\client\release_mod_hl1\c_ragdoll_manager.obj
c:\program files (x86)\half-life\half-life 2\hls_fix\src\sp\game\client\release_mod_hl1\c_shadowcontrol.obj
c:\program files (x86)\half-life\half-life 2\hls_fix\src\sp\game\client\release_mod_hl1\c_team_objectiveresource.obj
c:\program files (x86)\half-life\half-life 2\hls_fix\src\sp\game\client\release_mod_hl1\camomaterialproxy.obj
c:\program files (x86)\half-life\half-life 2\hls_fix\src\sp\game\client\release_mod_hl1\client_factorylist.obj
c:\program files (x86)\half-life\half-life 2\hls_fix\src\sp\game\client\release_mod_hl1\clienteffectprecachesystem.obj
c:\program files (x86)\half-life\half-life 2\hls_fix\src\sp\game\client\release_mod_hl1\clientmode_shared.obj
c:\program files (x86)\half-life\half-life 2\hls_fix\src\sp\game\client\release_mod_hl1\hud_element_helper.obj
c:\program files (x86)\half-life\half-life 2\hls_fix\src\sp\game\client\release_mod_hl1\hud_filmdemo.obj
c:\program files (x86)\half-life\half-life 2\hls_fix\src\sp\game\client\release_mod_hl1\in_camera.obj
c:\program files (x86)\half-life\half-life 2\hls_fix\src\sp\game\client\release_mod_hl1\matrixproxy.obj
c:\program files (x86)\half-life\half-life 2\hls_fix\src\sp\game\client\release_mod_hl1\obstacle_pushaway.obj
c:\program files (x86)\half-life\half-life 2\hls_fix\src\sp\game\client\release_mod_hl1\particlemgr.obj
c:\program files (x86)\half-life\half-life 2\hls_fix\src\sp\game\client\release_mod_hl1\simtimer.obj
c:\program files (x86)\half-life\half-life 2\hls_fix\src\sp\game\client\release_mod_hl1\spritetrail.obj
c:\program files (x86)\half-life\half-life 2\hls_fix\src\sp\game\client\release_mod_hl1\usercmd.obj
c:\program files (x86)\half-life\half-life 2\hls_fix\src\sp\game\client\release_mod_hl1\vgui_bitmappanel.obj
c:\program files (x86)\half-life\half-life 2\hls_fix\src\sp\game\client\release_mod_hl1\vgui_messagechars.obj
c:\program files (x86)\half-life\half-life 2\hls_fix\src\sp\game\client\release_mod_hl1\viewangleanim.obj
c:\program files (x86)\half-life\half-life 2\hls_fix\src\sp\game\client\release_mod_hl1\warp_overlay.obj
c:\program files (x86)\half-life\half-life 2\hls_fix\src\sp\game\client\release_mod_hl1\commandmenu.obj
c:\program files (x86)\half-life\half-life 2\hls_fix\src\sp\game\client\release_mod_hl1\c_hl1_legacytempents.obj
c:\program files (x86)\half-life\half-life 2\hls_fix\src\sp\game\client\release_mod_hl1\c_hl1_rpg_rocket.obj
c:\program files (x86)\half-life\half-life 2\hls_fix\src\sp\game\client\release_mod_hl1\hl1_fx_impacts.obj
c:\program files (x86)\half-life\half-life 2\hls_fix\src\sp\game\client\release_mod_hl1\hl1_gamerules.obj
c:\program files (x86)\half-life\half-life 2\hls_fix\src\sp\game\client\release_mod_hl1\hl1_weapon_crossbow.obj
c:\program files (x86)\half-life\half-life 2\hls_fix\src\sp\game\client\release_mod_hl1\hl1_weapon_mp5.obj
c:\program files (x86)\half-life\half-life 2\hls_fix\src\sp\game\client\release_mod_hl1\hud_hl1_damagetiles.obj
c:\program files (x86)\half-life\half-life 2\hls_fix\src\sp\game\client\release_mod_hl1\hl_prediction.obj
c:\program files (x86)\half-life\half-life 2\hls_fix\src\sp\game\client\release_mod_hl1\c_movie_explosion.obj
c:\program files (x86)\half-life\half-life 2\hls_fix\src\sp\game\client\release_mod_hl1\c_recipientfilter.obj
c:\program files (x86)\half-life\half-life 2\hls_fix\src\sp\game\client\release_mod_hl1\c_te_beaments.obj
c:\program files (x86)\half-life\half-life 2\hls_fix\src\sp\game\client\release_mod_hl1\c_te_breakmodel.obj
c:\program files (x86)\half-life\half-life 2\hls_fix\src\sp\game\client\release_mod_hl1\c_te_glowsprite.obj
c:\program files (x86)\half-life\half-life 2\hls_fix\src\sp\game\client\release_mod_hl1\c_te_smoke.obj
c:\program files (x86)\half-life\half-life 2\hls_fix\src\sp\game\client\release_mod_hl1\fx_sparks.obj
c:\program files (x86)\half-life\half-life 2\hls_fix\src\sp\game\client\release_mod_hl1\ammodef.obj
c:\program files (x86)\half-life\half-life 2\hls_fix\src\sp\game\client\release_mod_hl1\basecombatweapon_shared.obj
c:\program files (x86)\half-life\half-life 2\hls_fix\src\sp\game\client\release_mod_hl1\bone_accessor.obj
c:\program files (x86)\half-life\half-life 2\hls_fix\src\sp\game\client\release_mod_hl1\c_ai_basenpc.obj
c:\program files (x86)\half-life\half-life 2\hls_fix\src\sp\game\client\release_mod_hl1\c_baseentity.obj
c:\program files (x86)\half-life\half-life 2\hls_fix\src\sp\game\client\release_mod_hl1\c_func_tracktrain.obj
c:\program files (x86)\half-life\half-life 2\hls_fix\src\sp\game\client\release_mod_hl1\c_plasma.obj
c:\program files (x86)\half-life\half-life 2\hls_fix\src\sp\game\client\release_mod_hl1\c_soundscape.obj
c:\program files (x86)\half-life\half-life 2\hls_fix\src\sp\game\client\release_mod_hl1\c_world.obj
c:\program files (x86)\half-life\half-life 2\hls_fix\src\sp\game\client\release_mod_hl1\cl_mat_stub.obj
c:\program files (x86)\half-life\half-life 2\hls_fix\src\sp\game\client\release_mod_hl1\client_thinklist.obj
c:\program files (x86)\half-life\half-life 2\hls_fix\src\sp\game\client\release_mod_hl1\clientleafsystem.obj
c:\program files (x86)\half-life\half-life 2\hls_fix\src\sp\game\client\release_mod_hl1\fx_explosion.obj
c:\program files (x86)\half-life\half-life 2\hls_fix\src\sp\game\client\release_mod_hl1\glow_outline_effect.obj
c:\program files (x86)\half-life\half-life 2\hls_fix\src\sp\game\client\release_mod_hl1\hltvcamera.obj
c:\program files (x86)\half-life\half-life 2\hls_fix\src\sp\game\client\release_mod_hl1\hud_crosshair.obj
c:\program files (x86)\half-life\half-life 2\hls_fix\src\sp\game\client\release_mod_hl1\hud_vehicle.obj
c:\program files (x86)\half-life\half-life 2\hls_fix\src\sp\game\client\release_mod_hl1\mp_shareddefs.obj
c:\program files (x86)\half-life\half-life 2\hls_fix\src\sp\game\client\release_mod_hl1\particle_litsmokeemitter.obj
c:\program files (x86)\half-life\half-life 2\hls_fix\src\sp\game\client\release_mod_hl1\particles_attractor.obj
c:\program files (x86)\half-life\half-life 2\hls_fix\src\sp\game\client\release_mod_hl1\particles_simple.obj
c:\program files (x86)\half-life\half-life 2\hls_fix\src\sp\game\client\release_mod_hl1\point_bonusmaps_accessor.obj
c:\program files (x86)\half-life\half-life 2\hls_fix\src\sp\game\client\release_mod_hl1\prediction.obj
c:\program files (x86)\half-life\half-life 2\hls_fix\src\sp\game\client\release_mod_hl1\teamplay_gamerules.obj
c:\program files (x86)\half-life\half-life 2\hls_fix\src\sp\game\client\release_mod_hl1\test_ehandle.obj
c:\program files (x86)\half-life\half-life 2\hls_fix\src\sp\game\client\release_mod_hl1\timematerialproxy.obj
c:\program files (x86)\half-life\half-life 2\hls_fix\src\sp\game\client\release_mod_hl1\vgui_avatarimage.obj
c:\program files (x86)\half-life\half-life 2\hls_fix\src\sp\game\client\release_mod_hl1\view_effects.obj
c:\program files (x86)\half-life\half-life 2\hls_fix\src\sp\game\client\release_mod_hl1\baseviewport.obj
c:\program files (x86)\half-life\half-life 2\hls_fix\src\sp\game\client\release_mod_hl1\hl1_weapon_glock.obj
c:\program files (x86)\half-life\half-life 2\hls_fix\src\sp\game\client\release_mod_hl1\hl1_weapon_satchel.obj
c:\program files (x86)\half-life\half-life 2\hls_fix\src\sp\game\client\release_mod_hl1\c_corpse.obj
c:\program files (x86)\half-life\half-life 2\hls_fix\src\sp\game\client\release_mod_hl1\vgui_rootpanel_hl2.obj
c:\program files (x86)\half-life\half-life 2\hls_fix\src\sp\game\client\release_mod_hl1\c_basetempentity.obj
c:\program files (x86)\half-life\half-life 2\hls_fix\src\sp\game\client\release_mod_hl1\c_stickybolt.obj
c:\program files (x86)\half-life\half-life 2\hls_fix\src\sp\game\client\release_mod_hl1\c_te_beamlaser.obj
c:\program files (x86)\half-life\half-life 2\hls_fix\src\sp\game\client\release_mod_hl1\c_te_bubbletrail.obj
c:\program files (x86)\half-life\half-life 2\hls_fix\src\sp\game\client\release_mod_hl1\c_te_killplayerattachments.obj
c:\program files (x86)\half-life\half-life 2\hls_fix\src\sp\game\client\release_mod_hl1\c_te_worlddecal.obj
c:\program files (x86)\half-life\half-life 2\hls_fix\src\sp\game\client\release_mod_hl1\entity_client_tools.obj
c:\program files (x86)\half-life\half-life 2\hls_fix\src\sp\game\client\release_mod_hl1\alphamaterialproxy.obj
c:\program files (x86)\half-life\half-life 2\hls_fix\src\sp\game\client\release_mod_hl1\baseclientrendertargets.obj
c:\program files (x86)\half-life\half-life 2\hls_fix\src\sp\game\client\release_mod_hl1\baseparticleentity.obj
c:\program files (x86)\half-life\half-life 2\hls_fix\src\sp\game\client\release_mod_hl1\baseprojectile.obj
c:\program files (x86)\half-life\half-life 2\hls_fix\src\sp\game\client\release_mod_hl1\c_ai_basehumanoid.obj
c:\program files (x86)\half-life\half-life 2\hls_fix\src\sp\game\client\release_mod_hl1\c_baseanimatingoverlay.obj
c:\program files (x86)\half-life\half-life 2\hls_fix\src\sp\game\client\release_mod_hl1\c_dynamiclight.obj
c:\program files (x86)\half-life\half-life 2\hls_fix\src\sp\game\client\release_mod_hl1\c_env_tonemap_controller.obj
c:\program files (x86)\half-life\half-life 2\hls_fix\src\sp\game\client\release_mod_hl1\c_func_breakablesurf.obj
c:\program files (x86)\half-life\half-life 2\hls_fix\src\sp\game\client\release_mod_hl1\c_physbox.obj
c:\program files (x86)\half-life\half-life 2\hls_fix\src\sp\game\client\release_mod_hl1\c_point_commentary_node.obj
c:\program files (x86)\half-life\half-life 2\hls_fix\src\sp\game\client\release_mod_hl1\classmap.obj
c:\program files (x86)\half-life\half-life 2\hls_fix\src\sp\game\client\release_mod_hl1\clientsideeffects.obj
c:\program files (x86)\half-life\half-life 2\hls_fix\src\sp\game\client\release_mod_hl1\collisionproperty.obj
c:\program files (x86)\half-life\half-life 2\hls_fix\src\sp\game\client\release_mod_hl1\dummyproxy.obj
c:\program files (x86)\half-life\half-life 2\hls_fix\src\sp\game\client\release_mod_hl1\effect_dispatch_data.obj
c:\program files (x86)\half-life\half-life 2\hls_fix\src\sp\game\client\release_mod_hl1\env_detail_controller.obj
c:\program files (x86)\half-life\half-life 2\hls_fix\src\sp\game\client\release_mod_hl1\fx_impact.obj
c:\program files (x86)\half-life\half-life 2\hls_fix\src\sp\game\client\release_mod_hl1\gamemovement.obj
c:\program files (x86)\half-life\half-life 2\hls_fix\src\sp\game\client\release_mod_hl1\hud_basechat.obj
c:\program files (x86)\half-life\half-life 2\hls_fix\src\sp\game\client\release_mod_hl1\isnpcproxy.obj
c:\program files (x86)\half-life\half-life 2\hls_fix\src\sp\game\client\release_mod_hl1\menu.obj
c:\program files (x86)\half-life\half-life 2\hls_fix\src\sp\game\client\release_mod_hl1\predictableid.obj
c:\program files (x86)\half-life\half-life 2\hls_fix\src\sp\game\client\release_mod_hl1\props_shared.obj
c:\program files (x86)\half-life\half-life 2\hls_fix\src\sp\game\client\release_mod_hl1\spritemodel.obj
c:\program files (x86)\half-life\half-life 2\hls_fix\src\sp\game\client\release_mod_hl1\vgui_bitmapimage.obj
c:\program files (x86)\half-life\half-life 2\hls_fix\src\sp\game\client\release_mod_hl1\vgui_slideshow_display_screen.obj
c:\program files (x86)\half-life\half-life 2\hls_fix\src\sp\game\client\release_mod_hl1\viewdebug.obj
c:\program files (x86)\half-life\half-life 2\hls_fix\src\sp\game\client\release_mod_hl1\clientscoreboarddialog.obj
c:\program files (x86)\half-life\half-life 2\hls_fix\src\sp\game\client\release_mod_hl1\hl1_clientmode.obj
c:\program files (x86)\half-life\half-life 2\hls_fix\src\sp\game\client\release_mod_hl1\hud_hl1_train.obj
c:\program files (x86)\half-life\half-life 2\hls_fix\src\sp\game\client\release_mod_hl1\c_particle_fire.obj
c:\program files (x86)\half-life\half-life 2\hls_fix\src\sp\game\client\release_mod_hl1\c_steamjet.obj
c:\program files (x86)\half-life\half-life 2\hls_fix\src\sp\game\client\release_mod_hl1\c_te_beamringpoint.obj
c:\program files (x86)\half-life\half-life 2\hls_fix\src\sp\game\client\release_mod_hl1\c_te_dynamiclight.obj
c:\program files (x86)\half-life\half-life 2\hls_fix\src\sp\game\client\release_mod_hl1\c_te_muzzleflash.obj
c:\program files (x86)\half-life\half-life 2\hls_fix\src\sp\game\client\release_mod_hl1\c_tracer.obj
c:\program files (x86)\half-life\half-life 2\hls_fix\src\sp\game\client\release_mod_hl1\particlesphererenderer.obj
c:\program files (x86)\half-life\half-life 2\hls_fix\src\sp\game\client\release_mod_hl1\achievement_saverestore.obj
c:\program files (x86)\half-life\half-life 2\hls_fix\src\sp\game\client\release_mod_hl1\animatedtextureproxy.obj
c:\program files (x86)\half-life\half-life 2\hls_fix\src\sp\game\client\release_mod_hl1\baseentity_shared.obj
c:\program files (x86)\half-life\half-life 2\hls_fix\src\sp\game\client\release_mod_hl1\c_baseanimating.obj
c:\program files (x86)\half-life\half-life 2\hls_fix\src\sp\game\client\release_mod_hl1\c_sun.obj
c:\program files (x86)\half-life\half-life 2\hls_fix\src\sp\game\client\release_mod_hl1\c_user_message_register.obj
c:\program files (x86)\half-life\half-life 2\hls_fix\src\sp\game\client\release_mod_hl1\cam_thirdperson.obj
c:\program files (x86)\half-life\half-life 2\hls_fix\src\sp\game\client\release_mod_hl1\commentary_modelviewer.obj
c:\program files (x86)\half-life\half-life 2\hls_fix\src\sp\game\client\release_mod_hl1\hud.obj
c:\program files (x86)\half-life\half-life 2\hls_fix\src\sp\game\client\release_mod_hl1\in_joystick.obj
c:\program files (x86)\half-life\half-life 2\hls_fix\src\sp\game\client\release_mod_hl1\panelmetaclassmgr.obj
c:\program files (x86)\half-life\half-life 2\hls_fix\src\sp\game\client\release_mod_hl1\proxyhealth.obj
c:\program files (x86)\half-life\half-life 2\hls_fix\src\sp\game\client\release_mod_hl1\rope_helpers.obj
c:\program files (x86)\half-life\half-life 2\hls_fix\src\sp\game\client\release_mod_hl1\sequence_transitioner.obj
c:\program files (x86)\half-life\half-life 2\hls_fix\src\sp\game\client\release_mod_hl1\singleplay_gamerules.obj
c:\program files (x86)\half-life\half-life 2\hls_fix\src\sp\game\client\release_mod_hl1\sprite.obj
c:\program files (x86)\half-life\half-life 2\hls_fix\src\sp\game\client\release_mod_hl1\usermessages.obj
c:\program files (x86)\half-life\half-life 2\hls_fix\src\sp\game\client\release_mod_hl1\vgui_debugoverlaypanel.obj
c:\program files (x86)\half-life\half-life 2\hls_fix\src\sp\game\client\release_mod_hl1\vgui_video_player.obj
c:\program files (x86)\half-life\half-life 2\hls_fix\src\sp\game\client\release_mod_hl1\waterlodmaterialproxy.obj
c:\program files (x86)\half-life\half-life 2\hls_fix\src\sp\game\client\release_mod_hl1\basemodel_panel.obj
c:\program files (x86)\half-life\half-life 2\hls_fix\src\sp\game\client\release_mod_hl1\c_hl1_player.obj
c:\program files (x86)\half-life\half-life 2\hls_fix\src\sp\game\client\release_mod_hl1\c_hl1_weapon_stubs.obj
c:\program files (x86)\half-life\half-life 2\hls_fix\src\sp\game\client\release_mod_hl1\hl1_fx_shelleject.obj
c:\program files (x86)\half-life\half-life 2\hls_fix\src\sp\game\client\release_mod_hl1\hl1_menu_hls.obj
c:\program files (x86)\half-life\half-life 2\hls_fix\src\sp\game\client\release_mod_hl1\hud_hl1_geiger.obj
c:\program files (x86)\half-life\half-life 2\hls_fix\src\sp\game\client\release_mod_hl1\c_rotorwash.obj
c:\program files (x86)\half-life\half-life 2\hls_fix\src\sp\game\client\release_mod_hl1\c_prop_vehicle.obj
c:\program files (x86)\half-life\half-life 2\hls_fix\src\sp\game\client\release_mod_hl1\c_te_bubbles.obj
c:\program files (x86)\half-life\half-life 2\hls_fix\src\sp\game\client\release_mod_hl1\c_te_impact.obj
c:\program files (x86)\half-life\half-life 2\hls_fix\src\sp\game\client\release_mod_hl1\c_te_showline.obj
c:\program files (x86)\half-life\half-life 2\hls_fix\src\sp\game\client\release_mod_hl1\fx_discreetline.obj
c:\program files (x86)\half-life\half-life 2\hls_fix\src\sp\game\client\release_mod_hl1\achievementmgr.obj
c:\program files (x86)\half-life\half-life 2\hls_fix\src\sp\game\client\release_mod_hl1\c_func_monitor.obj
c:\program files (x86)\half-life\half-life 2\hls_fix\src\sp\game\client\release_mod_hl1\c_gib.obj
c:\program files (x86)\half-life\half-life 2\hls_fix\src\sp\game\client\release_mod_hl1\c_physicsprop.obj
c:\program files (x86)\half-life\half-life 2\hls_fix\src\sp\game\client\release_mod_hl1\c_spotlight_end.obj
c:\program files (x86)\half-life\half-life 2\hls_fix\src\sp\game\client\release_mod_hl1\c_tesla.obj
c:\program files (x86)\half-life\half-life 2\hls_fix\src\sp\game\client\release_mod_hl1\c_waterbullet.obj
c:\program files (x86)\half-life\half-life 2\hls_fix\src\sp\game\client\release_mod_hl1\cdll_client_int.obj
c:\program files (x86)\half-life\half-life 2\hls_fix\src\sp\game\client\release_mod_hl1\hud_hdrdemo.obj
c:\program files (x86)\half-life\half-life 2\hls_fix\src\sp\game\client\release_mod_hl1\in_main.obj
c:\program files (x86)\half-life\half-life 2\hls_fix\src\sp\game\client\release_mod_hl1\playerandobjectenumerator.obj
c:\program files (x86)\half-life\half-life 2\hls_fix\src\sp\game\client\release_mod_hl1\predicted_viewmodel.obj
c:\program files (x86)\half-life\half-life 2\hls_fix\src\sp\game\client\release_mod_hl1\ragdoll_shared.obj
c:\program files (x86)\half-life\half-life 2\hls_fix\src\sp\game\client\release_mod_hl1\takedamageinfo.obj
c:\program files (x86)\half-life\half-life 2\hls_fix\src\sp\game\client\release_mod_hl1\texturescrollmaterialproxy.obj
c:\program files (x86)\half-life\half-life 2\hls_fix\src\sp\game\client\release_mod_hl1\util_shared.obj
c:\program files (x86)\half-life\half-life 2\hls_fix\src\sp\game\client\release_mod_hl1\vgui_grid.obj
c:\program files (x86)\half-life\half-life 2\hls_fix\src\sp\game\client\release_mod_hl1\view_beams.obj
c:\program files (x86)\half-life\half-life 2\hls_fix\src\sp\game\client\release_mod_hl1\weapon_parse_default.obj
c:\program files (x86)\half-life\half-life 2\hls_fix\src\sp\game\client\release_mod_hl1\worlddimsproxy.obj
c:\program files (x86)\half-life\half-life 2\hls_fix\src\sp\game\client\release_mod_hl1\iconpanel.obj
c:\program files (x86)\half-life\half-life 2\hls_fix\src\sp\game\client\release_mod_hl1\vguitextwindow.obj
c:\program files (x86)\half-life\half-life 2\hls_fix\src\sp\game\client\release_mod_hl1\hl1_weapon_shotgun.obj
c:\program files (x86)\half-life\half-life 2\hls_fix\src\sp\game\client\release_mod_hl1\hud_hl1_history.obj
c:\program files (x86)\half-life\half-life 2\hls_fix\src\sp\game\client\release_mod_hl1\in_sixense.obj
c:\program files (x86)\half-life\half-life 2\hls_fix\src\sp\game\client\release_mod_hl1\c_te_basebeam.obj
c:\program files (x86)\half-life\half-life 2\hls_fix\src\sp\game\client\release_mod_hl1\c_te_bloodstream.obj
c:\program files (x86)\half-life\half-life 2\hls_fix\src\sp\game\client\release_mod_hl1\c_te_glassshatter.obj
c:\program files (x86)\half-life\half-life 2\hls_fix\src\sp\game\client\release_mod_hl1\c_te_sparks.obj
c:\program files (x86)\half-life\half-life 2\hls_fix\src\sp\game\client\release_mod_hl1\fx_line.obj
c:\program files (x86)\half-life\half-life 2\hls_fix\src\sp\game\client\release_mod_hl1\cdll_replay.obj
c:\program files (x86)\half-life\half-life 2\hls_fix\src\sp\game\client\release_mod_hl1\base_playeranimstate.obj
c:\program files (x86)\half-life\half-life 2\hls_fix\src\sp\game\client\release_mod_hl1\beamdraw.obj
c:\program files (x86)\half-life\half-life 2\hls_fix\src\sp\game\client\release_mod_hl1\c_baseflex.obj
c:\program files (x86)\half-life\half-life 2\hls_fix\src\sp\game\client\release_mod_hl1\c_sceneentity.obj
c:\program files (x86)\half-life\half-life 2\hls_fix\src\sp\game\client\release_mod_hl1\clientsteamcontext.obj
c:\program files (x86)\half-life\half-life 2\hls_fix\src\sp\game\client\release_mod_hl1\entitylist_base.obj
c:\program files (x86)\half-life\half-life 2\hls_fix\src\sp\game\client\release_mod_hl1\eventlist.obj
c:\program files (x86)\half-life\half-life 2\hls_fix\src\sp\game\client\release_mod_hl1\fx_blood.obj
c:\program files (x86)\half-life\half-life 2\hls_fix\src\sp\game\client\release_mod_hl1\fx_water.obj
c:\program files (x86)\half-life\half-life 2\hls_fix\src\sp\game\client\release_mod_hl1\hintsystem.obj
c:\program files (x86)\half-life\half-life 2\hls_fix\src\sp\game\client\release_mod_hl1\hud_closecaption.obj
c:\program files (x86)\half-life\half-life 2\hls_fix\src\sp\game\client\release_mod_hl1\particle_parse.obj
c:\program files (x86)\half-life\half-life 2\hls_fix\src\sp\game\client\release_mod_hl1\particlesystemquery.obj
c:\program files (x86)\half-life\half-life 2\hls_fix\src\sp\game\client\release_mod_hl1\physics_shared.obj
c:\program files (x86)\half-life\half-life 2\hls_fix\src\sp\game\client\release_mod_hl1\proxyplayer.obj
c:\program files (x86)\half-life\half-life 2\hls_fix\src\sp\game\client\release_mod_hl1\soundenvelope.obj
c:\program files (x86)\half-life\half-life 2\hls_fix\src\sp\game\client\release_mod_hl1\toggletextureproxy.obj
c:\program files (x86)\half-life\half-life 2\hls_fix\src\sp\game\client\release_mod_hl1\vgui_bitmapbutton.obj
c:\program files (x86)\half-life\half-life 2\hls_fix\src\sp\game\client\release_mod_hl1\vgui_schemevisualizer.obj
c:\program files (x86)\half-life\half-life 2\hls_fix\src\sp\game\client\release_mod_hl1\weapon_selection.obj
c:\program files (x86)\half-life\half-life 2\hls_fix\src\sp\game\client\release_mod_hl1\teammenu.obj
c:\program files (x86)\half-life\half-life 2\hls_fix\src\sp\game\client\release_mod_hl1\hl1_weapon_rpg.obj
c:\program files (x86)\half-life\half-life 2\hls_fix\src\sp\game\client\release_mod_hl1\hud_hl1_health.obj
c:\program files (x86)\half-life\half-life 2\hls_fix\src\sp\game\client\release_mod_hl1\hl_in_main.obj
c:\program files (x86)\half-life\half-life 2\hls_fix\src\sp\game\client\release_mod_hl1\shadereditorsystem.obj
c:\program files (x86)\half-life\half-life 2\hls_fix\src\sp\game\client\release_mod_hl1\c_te_beamfollow.obj
c:\program files (x86)\half-life\half-life 2\hls_fix\src\sp\game\client\release_mod_hl1\c_te_clientprojectile.obj
c:\program files (x86)\half-life\half-life 2\hls_fix\src\sp\game\client\release_mod_hl1\c_te_largefunnel.obj
c:\program files (x86)\half-life\half-life 2\hls_fix\src\sp\game\client\release_mod_hl1\c_te_spritespray.obj
c:\program files (x86)\half-life\half-life 2\hls_fix\src\sp\game\client\release_mod_hl1\smoke_fog_overlay.obj
c:\program files (x86)\half-life\half-life 2\hls_fix\src\sp\game\client\release_mod_hl1\achievement_notification_panel.obj
c:\program files (x86)\half-life\half-life 2\hls_fix\src\sp\game\client\release_mod_hl1\c_entityparticletrail.obj
c:\program files (x86)\half-life\half-life 2\hls_fix\src\sp\game\client\release_mod_hl1\c_fire_smoke.obj
c:\program files (x86)\half-life\half-life 2\hls_fix\src\sp\game\client\release_mod_hl1\c_info_overlay_accessor.obj
c:\program files (x86)\half-life\half-life 2\hls_fix\src\sp\game\client\release_mod_hl1\c_physmagnet.obj
c:\program files (x86)\half-life\half-life 2\hls_fix\src\sp\game\client\release_mod_hl1\c_rope.obj
c:\program files (x86)\half-life\half-life 2\hls_fix\src\sp\game\client\release_mod_hl1\client_virtualreality.obj
c:\program files (x86)\half-life\half-life 2\hls_fix\src\sp\game\client\release_mod_hl1\ehandle.obj
c:\program files (x86)\half-life\half-life 2\hls_fix\src\sp\game\client\release_mod_hl1\entityparticletrail_shared.obj
c:\program files (x86)\half-life\half-life 2\hls_fix\src\sp\game\client\release_mod_hl1\func_ladder.obj
c:\program files (x86)\half-life\half-life 2\hls_fix\src\sp\game\client\release_mod_hl1\fx_trail.obj
c:\program files (x86)\half-life\half-life 2\hls_fix\src\sp\game\client\release_mod_hl1\gametrace_client.obj
c:\program files (x86)\half-life\half-life 2\hls_fix\src\sp\game\client\release_mod_hl1\glow_overlay.obj
c:\program files (x86)\half-life\half-life 2\hls_fix\src\sp\game\client\release_mod_hl1\hud_bitmapnumericdisplay.obj
c:\program files (x86)\half-life\half-life 2\hls_fix\src\sp\game\client\release_mod_hl1\hud_numericdisplay.obj
c:\program files (x86)\half-life\half-life 2\hls_fix\src\sp\game\client\release_mod_hl1\initializer.obj
c:\program files (x86)\half-life\half-life 2\hls_fix\src\sp\game\client\release_mod_hl1\lamphaloproxy.obj
c:\program files (x86)\half-life\half-life 2\hls_fix\src\sp\game\client\release_mod_hl1\movevars_shared.obj
c:\program files (x86)\half-life\half-life 2\hls_fix\src\sp\game\client\release_mod_hl1\particle_property.obj
c:\program files (x86)\half-life\half-life 2\hls_fix\src\sp\game\client\release_mod_hl1\perfvisualbenchmark.obj
c:\program files (x86)\half-life\half-life 2\hls_fix\src\sp\game\client\release_mod_hl1\physics_saverestore.obj
c:\program files (x86)\half-life\half-life 2\hls_fix\src\sp\game\client\release_mod_hl1\soundemittersystem.obj
c:\program files (x86)\half-life\half-life 2\hls_fix\src\sp\game\client\release_mod_hl1\vgui_int.obj
c:\program files (x86)\half-life\half-life 2\hls_fix\src\sp\game\client\release_mod_hl1\view_scene.obj
c:\program files (x86)\half-life\half-life 2\hls_fix\src\sp\game\client\release_mod_hl1\voice_status.obj
c:\program files (x86)\half-life\half-life 2\hls_fix\src\sp\game\client\release_mod_hl1\navprogress.obj
c:\program files (x86)\half-life\half-life 2\hls_fix\src\sp\game\client\release_mod_hl1\hl1_fx_gibs.obj
c:\program files (x86)\half-life\half-life 2\hls_fix\src\sp\game\client\release_mod_hl1\hl1_usermessages.obj
c:\program files (x86)\half-life\half-life 2\hls_fix\src\sp\game\client\release_mod_hl1\hl1_weapon_gauss.obj
c:\program files (x86)\half-life\half-life 2\hls_fix\src\sp\game\client\release_mod_hl1\hud_hl1_battery.obj
c:\program files (x86)\half-life\half-life 2\hls_fix\src\sp\game\client\release_mod_hl1\hud_hl1_weapons.obj
c:\program files (x86)\half-life\half-life 2\hls_fix\src\sp\game\client\release_mod_hl1\c_smoke_trail.obj
c:\program files (x86)\half-life\half-life 2\hls_fix\src\sp\game\client\release_mod_hl1\c_te_effect_dispatch.obj
c:\program files (x86)\half-life\half-life 2\hls_fix\src\sp\game\client\release_mod_hl1\c_te_projecteddecal.obj
c:\program files (x86)\half-life\half-life 2\hls_fix\src\sp\game\client\release_mod_hl1\fx_envelope.obj
c:\program files (x86)\half-life\half-life 2\hls_fix\src\sp\game\client\release_mod_hl1\activitylist.obj
c:\program files (x86)\half-life\half-life 2\hls_fix\src\sp\game\client\release_mod_hl1\c_colorcorrection.obj
c:\program files (x86)\half-life\half-life 2\hls_fix\src\sp\game\client\release_mod_hl1\c_env_particlescript.obj
c:\program files (x86)\half-life\half-life 2\hls_fix\src\sp\game\client\release_mod_hl1\c_func_areaportalwindow.obj
c:\program files (x86)\half-life\half-life 2\hls_fix\src\sp\game\client\release_mod_hl1\c_func_occluder.obj
c:\program files (x86)\half-life\half-life 2\hls_fix\src\sp\game\client\release_mod_hl1\c_hairball.obj
c:\program files (x86)\half-life\half-life 2\hls_fix\src\sp\game\client\release_mod_hl1\c_point_camera.obj
c:\program files (x86)\half-life\half-life 2\hls_fix\src\sp\game\client\release_mod_hl1\c_rumble.obj
c:\program files (x86)\half-life\half-life 2\hls_fix\src\sp\game\client\release_mod_hl1\c_sprite_perfmonitor.obj
c:\program files (x86)\half-life\half-life 2\hls_fix\src\sp\game\client\release_mod_hl1\c_test_proxytoggle.obj
c:\program files (x86)\half-life\half-life 2\hls_fix\src\sp\game\client\release_mod_hl1\c_vehicle_jeep.obj
c:\program files (x86)\half-life\half-life 2\hls_fix\src\sp\game\client\release_mod_hl1\cdll_util.obj
c:\program files (x86)\half-life\half-life 2\hls_fix\src\sp\game\client\release_mod_hl1\colorcorrectionmgr.obj
c:\program files (x86)\half-life\half-life 2\hls_fix\src\sp\game\client\release_mod_hl1\decals.obj
c:\program files (x86)\half-life\half-life 2\hls_fix\src\sp\game\client\release_mod_hl1\functionproxy.obj
c:\program files (x86)\half-life\half-life 2\hls_fix\src\sp\game\client\release_mod_hl1\fx_fleck.obj
c:\program files (x86)\half-life\half-life 2\hls_fix\src\sp\game\client\release_mod_hl1\fx_tracer.obj
c:\program files (x86)\half-life\half-life 2\hls_fix\src\sp\game\client\release_mod_hl1\gamestats.obj
c:\program files (x86)\half-life\half-life 2\hls_fix\src\sp\game\client\release_mod_hl1\hud_hintdisplay.obj
c:\program files (x86)\half-life\half-life 2\hls_fix\src\sp\game\client\release_mod_hl1\mathproxy.obj
c:\program files (x86)\half-life\half-life 2\hls_fix\src\sp\game\client\release_mod_hl1\particle_proxies.obj
c:\program files (x86)\half-life\half-life 2\hls_fix\src\sp\game\client\release_mod_hl1\particles_localspace.obj
c:\program files (x86)\half-life\half-life 2\hls_fix\src\sp\game\client\release_mod_hl1\physics_main_client.obj
c:\program files (x86)\half-life\half-life 2\hls_fix\src\sp\game\client\release_mod_hl1\point_posecontroller.obj
c:\program files (x86)\half-life\half-life 2\hls_fix\src\sp\game\client\release_mod_hl1\proxyentity.obj
c:\program files (x86)\half-life\half-life 2\hls_fix\src\sp\game\client\release_mod_hl1\ragdoll.obj
c:\program files (x86)\half-life\half-life 2\hls_fix\src\sp\game\client\release_mod_hl1\vgui_fpspanel.obj
c:\program files (x86)\half-life\half-life 2\hls_fix\src\sp\game\client\release_mod_hl1\viewpostprocess.obj
c:\program files (x86)\half-life\half-life 2\hls_fix\src\sp\game\client\release_mod_hl1\mapoverview.obj
c:\program files (x86)\half-life\half-life 2\hls_fix\src\sp\game\client\release_mod_hl1\hl1_weapon_handgrenade.obj
c:\program files (x86)\half-life\half-life 2\hls_fix\src\sp\game\client\release_mod_hl1\fx_bugbait.obj
c:\program files (x86)\half-life\half-life 2\hls_fix\src\sp\game\client\release_mod_hl1\sixense_convars.obj
c:\program files (x86)\half-life\half-life 2\hls_fix\src\sp\game\client\release_mod_hl1\c_impact_effects.obj
c:\program files (x86)\half-life\half-life 2\hls_fix\src\sp\game\client\release_mod_hl1\c_te.obj
c:\program files (x86)\half-life\half-life 2\hls_fix\src\sp\game\client\release_mod_hl1\c_te_beampoints.obj
c:\program files (x86)\half-life\half-life 2\hls_fix\src\sp\game\client\release_mod_hl1\c_te_energysplash.obj
c:\program files (x86)\half-life\half-life 2\hls_fix\src\sp\game\client\release_mod_hl1\c_te_particlesystem.obj
c:\program files (x86)\half-life\half-life 2\hls_fix\src\sp\game\client\release_mod_hl1\c_testtraceline.obj
c:\program files (x86)\half-life\half-life 2\hls_fix\src\sp\game\client\release_mod_hl1\animatedoffsettextureproxy.obj
c:\program files (x86)\half-life\half-life 2\hls_fix\src\sp\game\client\release_mod_hl1\basecombatcharacter_shared.obj
c:\program files (x86)\half-life\half-life 2\hls_fix\src\sp\game\client\release_mod_hl1\baseviewmodel_shared.obj
c:\program files (x86)\half-life\half-life 2\hls_fix\src\sp\game\client\release_mod_hl1\c_basecombatcharacter.obj
c:\program files (x86)\half-life\half-life 2\hls_fix\src\sp\game\client\release_mod_hl1\c_baseplayer.obj
c:\program files (x86)\half-life\half-life 2\hls_fix\src\sp\game\client\release_mod_hl1\c_team.obj
c:\program files (x86)\half-life\half-life 2\hls_fix\src\sp\game\client\release_mod_hl1\c_waterlodcontrol.obj
c:\program files (x86)\half-life\half-life 2\hls_fix\src\sp\game\client\release_mod_hl1\cliententitylist.obj
c:\program files (x86)\half-life\half-life 2\hls_fix\src\sp\game\client\release_mod_hl1\debugoverlay_shared.obj
c:\program files (x86)\half-life\half-life 2\hls_fix\src\sp\game\client\release_mod_hl1\effectsclient.obj
c:\program files (x86)\half-life\half-life 2\hls_fix\src\sp\game\client\release_mod_hl1\env_wind_shared.obj
c:\program files (x86)\half-life\half-life 2\hls_fix\src\sp\game\client\release_mod_hl1\fx_interpvalue.obj
c:\program files (x86)\half-life\half-life 2\hls_fix\src\sp\game\client\release_mod_hl1\fx_quad.obj
c:\program files (x86)\half-life\half-life 2\hls_fix\src\sp\game\client\release_mod_hl1\gamestringpool.obj
c:\program files (x86)\half-life\half-life 2\hls_fix\src\sp\game\client\release_mod_hl1\hintmessage.obj
c:\program files (x86)\half-life\half-life 2\hls_fix\src\sp\game\client\release_mod_hl1\hud_chat.obj
c:\program files (x86)\half-life\half-life 2\hls_fix\src\sp\game\client\release_mod_hl1\hud_weapon.obj
c:\program files (x86)\half-life\half-life 2\hls_fix\src\sp\game\client\release_mod_hl1\multiplay_gamerules.obj
c:\program files (x86)\half-life\half-life 2\hls_fix\src\sp\game\client\release_mod_hl1\particles_new.obj
c:\program files (x86)\half-life\half-life 2\hls_fix\src\sp\game\client\release_mod_hl1\playerspawncache.obj
c:\program files (x86)\half-life\half-life 2\hls_fix\src\sp\game\client\release_mod_hl1\precache_register.obj
c:\program files (x86)\half-life\half-life 2\hls_fix\src\sp\game\client\release_mod_hl1\predictioncopy.obj
c:\program files (x86)\half-life\half-life 2\hls_fix\src\sp\game\client\release_mod_hl1\recvproxy.obj
c:\program files (x86)\half-life\half-life 2\hls_fix\src\sp\game\client\release_mod_hl1\sceneentity_shared.obj
c:\program files (x86)\half-life\half-life 2\hls_fix\src\sp\game\client\release_mod_hl1\simple_keys.obj
c:\program files (x86)\half-life\half-life 2\hls_fix\src\sp\game\client\release_mod_hl1\splinepatch.obj
c:\program files (x86)\half-life\half-life 2\hls_fix\src\sp\game\client\release_mod_hl1\studio_shared.obj
c:\program files (x86)\half-life\half-life 2\hls_fix\src\sp\game\client\release_mod_hl1\teamplayroundbased_gamerules.obj
c:\program files (x86)\half-life\half-life 2\hls_fix\src\sp\game\client\release_mod_hl1\vgui_video.obj
c:\program files (x86)\half-life\half-life 2\hls_fix\src\sp\game\client\release_mod_hl1\viewrender.obj
c:\program files (x86)\half-life\half-life 2\hls_fix\src\sp\game\client\release_mod_hl1\c_particle_smokegrenade.obj
c:\program files (x86)\half-life\half-life 2\hls_fix\src\sp\game\client\release_mod_hl1\c_te_armorricochet.obj
c:\program files (x86)\half-life\half-life 2\hls_fix\src\sp\game\client\release_mod_hl1\c_te_beamspline.obj
c:\program files (x86)\half-life\half-life 2\hls_fix\src\sp\game\client\release_mod_hl1\c_te_explosion.obj
c:\program files (x86)\half-life\half-life 2\hls_fix\src\sp\game\client\release_mod_hl1\c_te_sprite.obj
c:\program files (x86)\half-life\half-life 2\hls_fix\src\sp\game\client\release_mod_hl1\toolframework_client.obj
c:\program files (x86)\half-life\half-life 2\hls_fix\src\sp\game\client\release_mod_hl1\interpolatortypes.obj
c:\program files (x86)\half-life\half-life 2\hls_fix\src\sp\game\client\release_mod_hl1\jigglebones.obj
c:\program files (x86)\half-life\half-life 2\hls_fix\src\sp\game\client\release_mod_hl1\dt_recv.obj
c:\program files (x86)\half-life\half-life 2\hls_fix\src\sp\game\client\release_mod_hl1\mumble.obj
c:\program files (x86)\half-life\half-life 2\hls_fix\src\sp\game\client\release_mod_hl1\hud_lcd.obj
c:\program files (x86)\half-life\half-life 2\hls_fix\src\sp\game\client\release_mod_hl1\filesystem_helpers.obj
c:\program files (x86)\half-life\half-life 2\hls_fix\src\sp\game\client\release_mod_hl1\networkvar.obj
c:\program files (x86)\half-life\half-life 2\hls_fix\src\sp\game\client\release_mod_hl1\randoverride.obj
c:\program files (x86)\half-life\half-life 2\hls_fix\src\sp\game\client\release_mod_hl1\sentence.obj
c:\program files (x86)\half-life\half-life 2\hls_fix\src\sp\game\client\release_mod_hl1\dt_utlvector_recv.obj
c:\program files (x86)\half-life\half-life 2\hls_fix\src\sp\game\client\release_mod_hl1\language.obj
c:\program files (x86)\half-life\half-life 2\hls_fix\src\sp\game\client\release_mod_hl1\rope_physics.obj
c:\program files (x86)\half-life\half-life 2\hls_fix\src\sp\game\client\release_mod_hl1\sheetsimulator.obj
c:\program files (x86)\half-life\half-life 2\hls_fix\src\sp\game\client\release_mod_hl1\compiledcaptionswap.obj
c:\program files (x86)\half-life\half-life 2\hls_fix\src\sp\game\client\release_mod_hl1\renamed_recvtable_compat.obj
c:\program files (x86)\half-life\half-life 2\hls_fix\src\sp\game\client\release_mod_hl1\scratchpadutils.obj
c:\program files (x86)\half-life\half-life 2\hls_fix\src\sp\game\client\release_mod_hl1\vallocator.obj
c:\program files (x86)\half-life\half-life 2\hls_fix\src\sp\game\client\release_mod_hl1\bone_setup.obj
c:\program files (x86)\half-life\half-life 2\hls_fix\src\sp\game\client\release_mod_hl1\simple_physics.obj
c:\program files (x86)\half-life\half-life 2\hls_fix\src\sp\game\client\release_mod_hl1\collisionutils.obj
c:\program files (x86)\half-life\half-life 2\hls_fix\src\sp\game\client\release_mod_hl1\rendertexture.obj
c:\program files (x86)\half-life\half-life 2\hls_fix\src\sp\game\client\release_mod_hl1\studio.obj
c:\program files (x86)\half-life\half-life 2\hls_fix\src\sp\game\client\release_mod_hl1\client_class.obj
c:\program files (x86)\half-life\half-life 2\hls_fix\src\sp\game\client\release_mod_hl1\scratchpad3d.obj
c:\program files (x86)\half-life\half-life 2\hls_fix\src\sp\game\client\release_mod_hl1\vgui_controls.obj
c:\program files (x86)\half-life\half-life 2\hls_fix\src\sp\game\client\release_mod_hl1\in_mouse.obj
c:\program files (x86)\half-life\half-life 2\hls_fix\src\sp\game\client\release_mod_hl1\crtmemdebug.obj
c:\program files (x86)\half-life\half-life 2\hls_fix\src\sp\game\client\release_mod_hl1\interval.obj
c:\program files (x86)\half-life\half-life 2\hls_fix\src\sp\game\client\release_mod_hl1\posedebugger.obj
c:\program files (x86)\half-life\half-life 2\hls_fix\src\sp\game\client\release_mod_hl1\dt_utlvector_common.obj
c:\program files (x86)\half-life\half-life 2\hls_fix\src\sp\game\client\release_mod_hl1\memoverride.obj
c:\program files (x86)\half-life\half-life 2\hls_fix\src\sp\game\client\release_mod_hl1\stringregistry.obj
c:\program files (x86)\steam\steamapps\sourcemods\hls_fix\bin\client.lib
c:\program files (x86)\steam\steamapps\sourcemods\hls_fix\bin\client.exp
c:\program files (x86)\half-life\half-life 2\hls_fix\bin\client.lib
c:\program files (x86)\half-life\half-life 2\hls_fix\bin\client.exp
c:\program files (x86)\half-life\half-life 2\hls_fix\src\sp\game\client\release_mod_hl1\pointeroverride.obj
c:\program files (x86)\half-life\half-life 2\hls_fix\src\sp\game\client\client_hl2.vpc.sentinel
c:\program files (x86)\half-life\half-life 2\hls_fix\bin\client.dll
c:\program files (x86)\half-life\half-life 2\hls_fix\src\sp\game\client\release_mod_hl1\client.pdb
c:\program files (x86)\half-life\half-life 2\hls_fix\src\sp\game\client\..\..\..\..\bin\client.dll
c:\program files (x86)\half-life\half-life 2\hls_fix\src\sp\game\client\release_mod_hl1\client (hl1).tlog\cl.command.1.tlog
c:\program files (x86)\half-life\half-life 2\hls_fix\src\sp\game\client\release_mod_hl1\client (hl1).tlog\cl.read.1.tlog
c:\program files (x86)\half-life\half-life 2\hls_fix\src\sp\game\client\release_mod_hl1\client (hl1).tlog\cl.write.1.tlog
c:\program files (x86)\half-life\half-life 2\hls_fix\src\sp\game\client\release_mod_hl1\client (hl1).tlog\client (hl1).write.1u.tlog
c:\program files (x86)\half-life\half-life 2\hls_fix\src\sp\game\client\release_mod_hl1\client (hl1).tlog\custombuild.command.1.tlog
c:\program files (x86)\half-life\half-life 2\hls_fix\src\sp\game\client\release_mod_hl1\client (hl1).tlog\custombuild.read.1.tlog
c:\program files (x86)\half-life\half-life 2\hls_fix\src\sp\game\client\release_mod_hl1\client (hl1).tlog\custombuild.write.1.tlog
c:\program files (x86)\half-life\half-life 2\hls_fix\src\sp\game\client\release_mod_hl1\client (hl1).tlog\link.command.1.tlog
c:\program files (x86)\half-life\half-life 2\hls_fix\src\sp\game\client\release_mod_hl1\client (hl1).tlog\link.read.1.tlog
c:\program files (x86)\half-life\half-life 2\hls_fix\src\sp\game\client\release_mod_hl1\client (hl1).tlog\link.write.1.tlog
