c:\program files (x86)\half-life\half-life 2\hls_fix\src\sp\game\server\release_mod_hl1\server.pch
c:\program files (x86)\half-life\half-life 2\hls_fix\src\sp\game\server\release_mod_hl1\vc120.pdb
c:\program files (x86)\half-life\half-life 2\hls_fix\src\sp\game\server\release_mod_hl1\stdafx.obj
c:\program files (x86)\half-life\half-life 2\hls_fix\src\sp\game\server\release_mod_hl1\ai_baseactor.obj
c:\program files (x86)\half-life\half-life 2\hls_fix\src\sp\game\server\release_mod_hl1\ai_condition.obj
c:\program files (x86)\half-life\half-life 2\hls_fix\src\sp\game\server\release_mod_hl1\ai_goalentity.obj
c:\program files (x86)\half-life\half-life 2\hls_fix\src\sp\game\server\release_mod_hl1\ai_namespaces.obj
c:\program files (x86)\half-life\half-life 2\hls_fix\src\sp\game\server\release_mod_hl1\ai_node.obj
c:\program files (x86)\half-life\half-life 2\hls_fix\src\sp\game\server\release_mod_hl1\ai_route.obj
c:\program files (x86)\half-life\half-life 2\hls_fix\src\sp\game\server\release_mod_hl1\ai_squadslot.obj
c:\program files (x86)\half-life\half-life 2\hls_fix\src\sp\game\server\release_mod_hl1\ammodef.obj
c:\program files (x86)\half-life\half-life 2\hls_fix\src\sp\game\server\release_mod_hl1\base_playeranimstate.obj
c:\program files (x86)\half-life\half-life 2\hls_fix\src\sp\game\server\release_mod_hl1\baseflex.obj
c:\program files (x86)\half-life\half-life 2\hls_fix\src\sp\game\server\release_mod_hl1\ehandle.obj
c:\program files (x86)\half-life\half-life 2\hls_fix\src\sp\game\server\release_mod_hl1\entityparticletrail_shared.obj
c:\program files (x86)\half-life\half-life 2\hls_fix\src\sp\game\server\release_mod_hl1\env_entity_maker.obj
c:\program files (x86)\half-life\half-life 2\hls_fix\src\sp\game\server\release_mod_hl1\envlaser.obj
c:\program files (x86)\half-life\half-life 2\hls_fix\src\sp\game\server\release_mod_hl1\func_break.obj
c:\program files (x86)\half-life\half-life 2\hls_fix\src\sp\game\server\release_mod_hl1\game_ui.obj
c:\program files (x86)\half-life\half-life 2\hls_fix\src\sp\game\server\release_mod_hl1\genericmonster.obj
c:\program files (x86)\half-life\half-life 2\hls_fix\src\sp\game\server\release_mod_hl1\materialmodifycontrol.obj
c:\program files (x86)\half-life\half-life 2\hls_fix\src\sp\game\server\release_mod_hl1\ndebugoverlay.obj
c:\program files (x86)\half-life\half-life 2\hls_fix\src\sp\game\server\release_mod_hl1\pathcorner.obj
c:\program files (x86)\half-life\half-life 2\hls_fix\src\sp\game\server\release_mod_hl1\physconstraint.obj
c:\program files (x86)\half-life\half-life 2\hls_fix\src\sp\game\server\release_mod_hl1\player_command.obj
c:\program files (x86)\half-life\half-life 2\hls_fix\src\sp\game\server\release_mod_hl1\player_resource.obj
c:\program files (x86)\half-life\half-life 2\hls_fix\src\sp\game\server\release_mod_hl1\point_bonusmaps_accessor.obj
c:\program files (x86)\half-life\half-life 2\hls_fix\src\sp\game\server\release_mod_hl1\pointhurt.obj
c:\program files (x86)\half-life\half-life 2\hls_fix\src\sp\game\server\release_mod_hl1\props_shared.obj
c:\program files (x86)\half-life\half-life 2\hls_fix\src\sp\game\server\release_mod_hl1\sequence_transitioner.obj
c:\program files (x86)\half-life\half-life 2\hls_fix\src\sp\game\server\release_mod_hl1\singleplay_gamerules.obj
c:\program files (x86)\half-life\half-life 2\hls_fix\src\sp\game\server\release_mod_hl1\soundenvelope.obj
c:\program files (x86)\half-life\half-life 2\hls_fix\src\sp\game\server\release_mod_hl1\tanktrain.obj
c:\program files (x86)\half-life\half-life 2\hls_fix\src\sp\game\server\release_mod_hl1\textstatsmgr.obj
c:\program files (x86)\half-life\half-life 2\hls_fix\src\sp\game\server\release_mod_hl1\vguiscreen.obj
c:\program files (x86)\half-life\half-life 2\hls_fix\src\sp\game\server\release_mod_hl1\weapon_parse_default.obj
c:\program files (x86)\half-life\half-life 2\hls_fix\src\sp\game\server\release_mod_hl1\weight_button.obj
c:\program files (x86)\half-life\half-life 2\hls_fix\src\sp\game\server\release_mod_hl1\hl1_baseweapon_shared.obj
c:\program files (x86)\half-life\half-life 2\hls_fix\src\sp\game\server\release_mod_hl1\hl1_item_battery.obj
c:\program files (x86)\half-life\half-life 2\hls_fix\src\sp\game\server\release_mod_hl1\hl1_monster_apache.obj
c:\program files (x86)\half-life\half-life 2\hls_fix\src\sp\game\server\release_mod_hl1\hl1_monster_ichthyosaur.obj
c:\program files (x86)\half-life\half-life 2\hls_fix\src\sp\game\server\release_mod_hl1\hl1_monster_tripmine.obj
c:\program files (x86)\half-life\half-life 2\hls_fix\src\sp\game\server\release_mod_hl1\hl1_prop_ragdoll.obj
c:\program files (x86)\half-life\half-life 2\hls_fix\src\sp\game\server\release_mod_hl1\hl1_weapon_glock.obj
c:\program files (x86)\half-life\half-life 2\hls_fix\src\sp\game\server\release_mod_hl1\hl1_weapon_shotgun.obj
c:\program files (x86)\half-life\half-life 2\hls_fix\src\sp\game\server\release_mod_hl1\monster_dummy.obj
c:\program files (x86)\half-life\half-life 2\hls_fix\src\sp\game\server\release_mod_hl1\te_beampoints.obj
c:\program files (x86)\half-life\half-life 2\hls_fix\src\sp\game\server\release_mod_hl1\te_clientprojectile.obj
c:\program files (x86)\half-life\half-life 2\hls_fix\src\sp\game\server\release_mod_hl1\te_glowsprite.obj
c:\program files (x86)\half-life\half-life 2\hls_fix\src\sp\game\server\release_mod_hl1\te_sparks.obj
c:\program files (x86)\half-life\half-life 2\hls_fix\src\sp\game\server\release_mod_hl1\achievements_hlx.obj
c:\program files (x86)\half-life\half-life 2\hls_fix\src\sp\game\server\release_mod_hl1\ai_basenpc_physicsflyer.obj
c:\program files (x86)\half-life\half-life 2\hls_fix\src\sp\game\server\release_mod_hl1\ai_behavior_follow.obj
c:\program files (x86)\half-life\half-life 2\hls_fix\src\sp\game\server\release_mod_hl1\ai_hint.obj
c:\program files (x86)\half-life\half-life 2\hls_fix\src\sp\game\server\release_mod_hl1\ai_pathfinder.obj
c:\program files (x86)\half-life\half-life 2\hls_fix\src\sp\game\server\release_mod_hl1\ai_senses.obj
c:\program files (x86)\half-life\half-life 2\hls_fix\src\sp\game\server\release_mod_hl1\ai_waypoint.obj
c:\program files (x86)\half-life\half-life 2\hls_fix\src\sp\game\server\release_mod_hl1\base_gameinterface.obj
c:\program files (x86)\half-life\half-life 2\hls_fix\src\sp\game\server\release_mod_hl1\basecombatcharacter.obj
c:\program files (x86)\half-life\half-life 2\hls_fix\src\sp\game\server\release_mod_hl1\dynamiclight.obj
c:\program files (x86)\half-life\half-life 2\hls_fix\src\sp\game\server\release_mod_hl1\entityflame.obj
c:\program files (x86)\half-life\half-life 2\hls_fix\src\sp\game\server\release_mod_hl1\explode.obj
c:\program files (x86)\half-life\half-life 2\hls_fix\src\sp\game\server\release_mod_hl1\gameinterface.obj
c:\program files (x86)\half-life\half-life 2\hls_fix\src\sp\game\server\release_mod_hl1\physics_impact_damage.obj
c:\program files (x86)\half-life\half-life 2\hls_fix\src\sp\game\server\release_mod_hl1\player.obj
c:\program files (x86)\half-life\half-life 2\hls_fix\src\sp\game\server\release_mod_hl1\vehicle_baseserver.obj
c:\program files (x86)\half-life\half-life 2\hls_fix\src\sp\game\server\release_mod_hl1\hl1_monster_barnacle.obj
c:\program files (x86)\half-life\half-life 2\hls_fix\src\sp\game\server\release_mod_hl1\hl1_monster_gman.obj
c:\program files (x86)\half-life\half-life 2\hls_fix\src\sp\game\server\release_mod_hl1\hl1_monster_talker.obj
c:\program files (x86)\half-life\half-life 2\hls_fix\src\sp\game\server\release_mod_hl1\plasma.obj
c:\program files (x86)\half-life\half-life 2\hls_fix\src\sp\game\server\release_mod_hl1\te_basebeam.obj
c:\program files (x86)\half-life\half-life 2\hls_fix\src\sp\game\server\release_mod_hl1\te_beamring.obj
c:\program files (x86)\half-life\half-life 2\hls_fix\src\sp\game\server\release_mod_hl1\te_explosion.obj
c:\program files (x86)\half-life\half-life 2\hls_fix\src\sp\game\server\release_mod_hl1\te_projecteddecal.obj
c:\program files (x86)\half-life\half-life 2\hls_fix\src\sp\game\server\release_mod_hl1\toolframework_server.obj
c:\program files (x86)\half-life\half-life 2\hls_fix\src\sp\game\server\release_mod_hl1\ai_basenpc_flyer_new.obj
c:\program files (x86)\half-life\half-life 2\hls_fix\src\sp\game\server\release_mod_hl1\ai_behavior_assault.obj
c:\program files (x86)\half-life\half-life 2\hls_fix\src\sp\game\server\release_mod_hl1\ai_dynamiclink.obj
c:\program files (x86)\half-life\half-life 2\hls_fix\src\sp\game\server\release_mod_hl1\ai_looktarget.obj
c:\program files (x86)\half-life\half-life 2\hls_fix\src\sp\game\server\release_mod_hl1\ai_motor.obj
c:\program files (x86)\half-life\half-life 2\hls_fix\src\sp\game\server\release_mod_hl1\ai_relationship.obj
c:\program files (x86)\half-life\half-life 2\hls_fix\src\sp\game\server\release_mod_hl1\ai_scriptconditions.obj
c:\program files (x86)\half-life\half-life 2\hls_fix\src\sp\game\server\release_mod_hl1\animation.obj
c:\program files (x86)\half-life\half-life 2\hls_fix\src\sp\game\server\release_mod_hl1\baseanimating.obj
c:\program files (x86)\half-life\half-life 2\hls_fix\src\sp\game\server\release_mod_hl1\controlentities.obj
c:\program files (x86)\half-life\half-life 2\hls_fix\src\sp\game\server\release_mod_hl1\decals.obj
c:\program files (x86)\half-life\half-life 2\hls_fix\src\sp\game\server\release_mod_hl1\env_effectsscript.obj
c:\program files (x86)\half-life\half-life 2\hls_fix\src\sp\game\server\release_mod_hl1\env_screenoverlay.obj
c:\program files (x86)\half-life\half-life 2\hls_fix\src\sp\game\server\release_mod_hl1\env_zoom.obj
c:\program files (x86)\half-life\half-life 2\hls_fix\src\sp\game\server\release_mod_hl1\envshake.obj
c:\program files (x86)\half-life\half-life 2\hls_fix\src\sp\game\server\release_mod_hl1\func_areaportal.obj
c:\program files (x86)\half-life\half-life 2\hls_fix\src\sp\game\server\release_mod_hl1\func_ladder.obj
c:\program files (x86)\half-life\half-life 2\hls_fix\src\sp\game\server\release_mod_hl1\gamemovement.obj
c:\program files (x86)\half-life\half-life 2\hls_fix\src\sp\game\server\release_mod_hl1\haptic_utils.obj
c:\program files (x86)\half-life\half-life 2\hls_fix\src\sp\game\server\release_mod_hl1\info_camera_link.obj
c:\program files (x86)\half-life\half-life 2\hls_fix\src\sp\game\server\release_mod_hl1\logicauto.obj
c:\program files (x86)\half-life\half-life 2\hls_fix\src\sp\game\server\release_mod_hl1\monstermaker.obj
c:\program files (x86)\half-life\half-life 2\hls_fix\src\sp\game\server\release_mod_hl1\physics_main.obj
c:\program files (x86)\half-life\half-life 2\hls_fix\src\sp\game\server\release_mod_hl1\point_template.obj
c:\program files (x86)\half-life\half-life 2\hls_fix\src\sp\game\server\release_mod_hl1\saverestore.obj
c:\program files (x86)\half-life\half-life 2\hls_fix\src\sp\game\server\release_mod_hl1\soundemittersystem.obj
c:\program files (x86)\half-life\half-life 2\hls_fix\src\sp\game\server\release_mod_hl1\sprite_perfmonitor.obj
c:\program files (x86)\half-life\half-life 2\hls_fix\src\sp\game\server\release_mod_hl1\team.obj
c:\program files (x86)\half-life\half-life 2\hls_fix\src\sp\game\server\release_mod_hl1\timedeventmgr.obj
c:\program files (x86)\half-life\half-life 2\hls_fix\src\sp\game\server\release_mod_hl1\vehicle_viewblend_shared.obj
c:\program files (x86)\half-life\half-life 2\hls_fix\src\sp\game\server\release_mod_hl1\weapon_parse.obj
c:\program files (x86)\half-life\half-life 2\hls_fix\src\sp\game\server\release_mod_hl1\hl1_eventlog.obj
c:\program files (x86)\half-life\half-life 2\hls_fix\src\sp\game\server\release_mod_hl1\hl1_gamerules.obj
c:\program files (x86)\half-life\half-life 2\hls_fix\src\sp\game\server\release_mod_hl1\hl1_monster_controller.obj
c:\program files (x86)\half-life\half-life 2\hls_fix\src\sp\game\server\release_mod_hl1\hl1_monster_osprey.obj
c:\program files (x86)\half-life\half-life 2\hls_fix\src\sp\game\server\release_mod_hl1\hl1_weapon_357.obj
c:\program files (x86)\half-life\half-life 2\hls_fix\src\sp\game\server\release_mod_hl1\hl1_weapon_hornetgun.obj
c:\program files (x86)\half-life\half-life 2\hls_fix\src\sp\game\server\release_mod_hl1\particle_smokegrenade.obj
c:\program files (x86)\half-life\half-life 2\hls_fix\src\sp\game\server\release_mod_hl1\te.obj
c:\program files (x86)\half-life\half-life 2\hls_fix\src\sp\game\server\release_mod_hl1\te_beaments.obj
c:\program files (x86)\half-life\half-life 2\hls_fix\src\sp\game\server\release_mod_hl1\te_beamspline.obj
c:\program files (x86)\half-life\half-life 2\hls_fix\src\sp\game\server\release_mod_hl1\te_decal.obj
c:\program files (x86)\half-life\half-life 2\hls_fix\src\sp\game\server\release_mod_hl1\te_muzzleflash.obj
c:\program files (x86)\half-life\half-life 2\hls_fix\src\sp\game\server\release_mod_hl1\te_spritespray.obj
c:\program files (x86)\half-life\half-life 2\hls_fix\src\sp\game\server\release_mod_hl1\gamedll_replay.obj
c:\program files (x86)\half-life\half-life 2\hls_fix\src\sp\game\server\release_mod_hl1\ai_basenpc_schedule.obj
c:\program files (x86)\half-life\half-life 2\hls_fix\src\sp\game\server\release_mod_hl1\ai_default.obj
c:\program files (x86)\half-life\half-life 2\hls_fix\src\sp\game\server\release_mod_hl1\ai_moveshoot.obj
c:\program files (x86)\half-life\half-life 2\hls_fix\src\sp\game\server\release_mod_hl1\ai_planesolver.obj
c:\program files (x86)\half-life\half-life 2\hls_fix\src\sp\game\server\release_mod_hl1\ai_sentence.obj
c:\program files (x86)\half-life\half-life 2\hls_fix\src\sp\game\server\release_mod_hl1\ai_trackpather.obj
c:\program files (x86)\half-life\half-life 2\hls_fix\src\sp\game\server\release_mod_hl1\baseentity_shared.obj
c:\program files (x86)\half-life\half-life 2\hls_fix\src\sp\game\server\release_mod_hl1\bitstring.obj
c:\program files (x86)\half-life\half-life 2\hls_fix\src\sp\game\server\release_mod_hl1\client.obj
c:\program files (x86)\half-life\half-life 2\hls_fix\src\sp\game\server\release_mod_hl1\env_wind_shared.obj
c:\program files (x86)\half-life\half-life 2\hls_fix\src\sp\game\server\release_mod_hl1\eventlist.obj
c:\program files (x86)\half-life\half-life 2\hls_fix\src\sp\game\server\release_mod_hl1\fish.obj
c:\program files (x86)\half-life\half-life 2\hls_fix\src\sp\game\server\release_mod_hl1\game.obj
c:\program files (x86)\half-life\half-life 2\hls_fix\src\sp\game\server\release_mod_hl1\gamerules_register.obj
c:\program files (x86)\half-life\half-life 2\hls_fix\src\sp\game\server\release_mod_hl1\gametrace_dll.obj
c:\program files (x86)\half-life\half-life 2\hls_fix\src\sp\game\server\release_mod_hl1\globalstate.obj
c:\program files (x86)\half-life\half-life 2\hls_fix\src\sp\game\server\release_mod_hl1\hltvdirector.obj
c:\program files (x86)\half-life\half-life 2\hls_fix\src\sp\game\server\release_mod_hl1\logic_measure_movement.obj
c:\program files (x86)\half-life\half-life 2\hls_fix\src\sp\game\server\release_mod_hl1\modelentities.obj
c:\program files (x86)\half-life\half-life 2\hls_fix\src\sp\game\server\release_mod_hl1\movevars_shared.obj
c:\program files (x86)\half-life\half-life 2\hls_fix\src\sp\game\server\release_mod_hl1\particle_parse.obj
c:\program files (x86)\half-life\half-life 2\hls_fix\src\sp\game\server\release_mod_hl1\physics_shared.obj
c:\program files (x86)\half-life\half-life 2\hls_fix\src\sp\game\server\release_mod_hl1\player_pickup.obj
c:\program files (x86)\half-life\half-life 2\hls_fix\src\sp\game\server\release_mod_hl1\playerlocaldata.obj
c:\program files (x86)\half-life\half-life 2\hls_fix\src\sp\game\server\release_mod_hl1\pointanglesensor.obj
c:\program files (x86)\half-life\half-life 2\hls_fix\src\sp\game\server\release_mod_hl1\ragdoll_manager.obj
c:\program files (x86)\half-life\half-life 2\hls_fix\src\sp\game\server\release_mod_hl1\servernetworkproperty.obj
c:\program files (x86)\half-life\half-life 2\hls_fix\src\sp\game\server\release_mod_hl1\sound.obj
c:\program files (x86)\half-life\half-life 2\hls_fix\src\sp\game\server\release_mod_hl1\subs.obj
c:\program files (x86)\half-life\half-life 2\hls_fix\src\sp\game\server\release_mod_hl1\team_spawnpoint.obj
c:\program files (x86)\half-life\half-life 2\hls_fix\src\sp\game\server\release_mod_hl1\testfunctions.obj
c:\program files (x86)\half-life\half-life 2\hls_fix\src\sp\game\server\release_mod_hl1\vehicle_choreo_generic.obj
c:\program files (x86)\half-life\half-life 2\hls_fix\src\sp\game\server\release_mod_hl1\hl1_client.obj
c:\program files (x86)\half-life\half-life 2\hls_fix\src\sp\game\server\release_mod_hl1\hl1_item_healthkit.obj
c:\program files (x86)\half-life\half-life 2\hls_fix\src\sp\game\server\release_mod_hl1\hl1_monster_alien_slave.obj
c:\program files (x86)\half-life\half-life 2\hls_fix\src\sp\game\server\release_mod_hl1\hl1_monster_houndeye.obj
c:\program files (x86)\half-life\half-life 2\hls_fix\src\sp\game\server\release_mod_hl1\hl1_monster_turrets.obj
c:\program files (x86)\half-life\half-life 2\hls_fix\src\sp\game\server\release_mod_hl1\hl1_weapon_snark.obj
c:\program files (x86)\half-life\half-life 2\hls_fix\src\sp\game\server\release_mod_hl1\te_beamentpoint.obj
c:\program files (x86)\half-life\half-life 2\hls_fix\src\sp\game\server\release_mod_hl1\te_breakmodel.obj
c:\program files (x86)\half-life\half-life 2\hls_fix\src\sp\game\server\release_mod_hl1\te_fizz.obj
c:\program files (x86)\half-life\half-life 2\hls_fix\src\sp\game\server\release_mod_hl1\te_physicsprop.obj
c:\program files (x86)\half-life\half-life 2\hls_fix\src\sp\game\server\release_mod_hl1\achievementmgr.obj
c:\program files (x86)\half-life\half-life 2\hls_fix\src\sp\game\server\release_mod_hl1\ai_behavior_rappel.obj
c:\program files (x86)\half-life\half-life 2\hls_fix\src\sp\game\server\release_mod_hl1\ai_event.obj
c:\program files (x86)\half-life\half-life 2\hls_fix\src\sp\game\server\release_mod_hl1\ai_moveprobe.obj
c:\program files (x86)\half-life\half-life 2\hls_fix\src\sp\game\server\release_mod_hl1\ai_saverestore.obj
c:\program files (x86)\half-life\half-life 2\hls_fix\src\sp\game\server\release_mod_hl1\ai_tacticalservices.obj
c:\program files (x86)\half-life\half-life 2\hls_fix\src\sp\game\server\release_mod_hl1\basecombatcharacter_shared.obj
c:\program files (x86)\half-life\half-life 2\hls_fix\src\sp\game\server\release_mod_hl1\basegrenade_concussion.obj
c:\program files (x86)\half-life\half-life 2\hls_fix\src\sp\game\server\release_mod_hl1\basegrenade_timed.obj
c:\program files (x86)\half-life\half-life 2\hls_fix\src\sp\game\server\release_mod_hl1\baseprojectile.obj
c:\program files (x86)\half-life\half-life 2\hls_fix\src\sp\game\server\release_mod_hl1\bmodels.obj
c:\program files (x86)\half-life\half-life 2\hls_fix\src\sp\game\server\release_mod_hl1\commentarysystem.obj
c:\program files (x86)\half-life\half-life 2\hls_fix\src\sp\game\server\release_mod_hl1\env_tonemap_controller.obj
c:\program files (x86)\half-life\half-life 2\hls_fix\src\sp\game\server\release_mod_hl1\envmessage.obj
c:\program files (x86)\half-life\half-life 2\hls_fix\src\sp\game\server\release_mod_hl1\func_breakablesurf.obj
c:\program files (x86)\half-life\half-life 2\hls_fix\src\sp\game\server\release_mod_hl1\h_cycler.obj
c:\program files (x86)\half-life\half-life 2\hls_fix\src\sp\game\server\release_mod_hl1\npc_vehicledriver.obj
c:\program files (x86)\half-life\half-life 2\hls_fix\src\sp\game\server\release_mod_hl1\playerinfomanager.obj
c:\program files (x86)\half-life\half-life 2\hls_fix\src\sp\game\server\release_mod_hl1\point_camera.obj
c:\program files (x86)\half-life\half-life 2\hls_fix\src\sp\game\server\release_mod_hl1\pointteleport.obj
c:\program files (x86)\half-life\half-life 2\hls_fix\src\sp\game\server\release_mod_hl1\props.obj
c:\program files (x86)\half-life\half-life 2\hls_fix\src\sp\game\server\release_mod_hl1\vehicle_base.obj
c:\program files (x86)\half-life\half-life 2\hls_fix\src\sp\game\server\release_mod_hl1\hl1_item_longjump.obj
c:\program files (x86)\half-life\half-life 2\hls_fix\src\sp\game\server\release_mod_hl1\hl1_monster_barney.obj
c:\program files (x86)\half-life\half-life 2\hls_fix\src\sp\game\server\release_mod_hl1\hl1_monstermaker.obj
c:\program files (x86)\half-life\half-life 2\hls_fix\src\sp\game\server\release_mod_hl1\hl1_weapon_gauss.obj
c:\program files (x86)\half-life\half-life 2\hls_fix\src\sp\game\server\release_mod_hl1\hl1_weapon_tripmine.obj
c:\program files (x86)\half-life\half-life 2\hls_fix\src\sp\game\server\release_mod_hl1\npc_talker.obj
c:\program files (x86)\half-life\half-life 2\hls_fix\src\sp\game\server\release_mod_hl1\ai_activity.obj
c:\program files (x86)\half-life\half-life 2\hls_fix\src\sp\game\server\release_mod_hl1\baseviewmodel.obj
c:\program files (x86)\half-life\half-life 2\hls_fix\src\sp\game\server\release_mod_hl1\collisionproperty.obj
c:\program files (x86)\half-life\half-life 2\hls_fix\src\sp\game\server\release_mod_hl1\damagemodifier.obj
c:\program files (x86)\half-life\half-life 2\hls_fix\src\sp\game\server\release_mod_hl1\effects.obj
c:\program files (x86)\half-life\half-life 2\hls_fix\src\sp\game\server\release_mod_hl1\envmicrophone.obj
c:\program files (x86)\half-life\half-life 2\hls_fix\src\sp\game\server\release_mod_hl1\func_areaportalbase.obj
c:\program files (x86)\half-life\half-life 2\hls_fix\src\sp\game\server\release_mod_hl1\func_ladder_endpoint.obj
c:\program files (x86)\half-life\half-life 2\hls_fix\src\sp\game\server\release_mod_hl1\func_reflective_glass.obj
c:\program files (x86)\half-life\half-life 2\hls_fix\src\sp\game\server\release_mod_hl1\gameweaponmanager.obj
c:\program files (x86)\half-life\half-life 2\hls_fix\src\sp\game\server\release_mod_hl1\h_ai.obj
c:\program files (x86)\half-life\half-life 2\hls_fix\src\sp\game\server\release_mod_hl1\hintmessage.obj
c:\program files (x86)\half-life\half-life 2\hls_fix\src\sp\game\server\release_mod_hl1\intermission.obj
c:\program files (x86)\half-life\half-life 2\hls_fix\src\sp\game\server\release_mod_hl1\logic_navigation.obj
c:\program files (x86)\half-life\half-life 2\hls_fix\src\sp\game\server\release_mod_hl1\message_entity.obj
c:\program files (x86)\half-life\half-life 2\hls_fix\src\sp\game\server\release_mod_hl1\mp_shareddefs.obj
c:\program files (x86)\half-life\half-life 2\hls_fix\src\sp\game\server\release_mod_hl1\obstacle_pushaway.obj
c:\program files (x86)\half-life\half-life 2\hls_fix\src\sp\game\server\release_mod_hl1\physics.obj
c:\program files (x86)\half-life\half-life 2\hls_fix\src\sp\game\server\release_mod_hl1\point_spotlight.obj
c:\program files (x86)\half-life\half-life 2\hls_fix\src\sp\game\server\release_mod_hl1\rope.obj
c:\program files (x86)\half-life\half-life 2\hls_fix\src\sp\game\server\release_mod_hl1\scratchpad_gamedll_helpers.obj
c:\program files (x86)\half-life\half-life 2\hls_fix\src\sp\game\server\release_mod_hl1\serverbenchmark_base.obj
c:\program files (x86)\half-life\half-life 2\hls_fix\src\sp\game\server\release_mod_hl1\soundscape.obj
c:\program files (x86)\half-life\half-life 2\hls_fix\src\sp\game\server\release_mod_hl1\tempmonster.obj
c:\program files (x86)\half-life\half-life 2\hls_fix\src\sp\game\server\release_mod_hl1\test_stressentities.obj
c:\program files (x86)\half-life\half-life 2\hls_fix\src\sp\game\server\release_mod_hl1\triggers.obj
c:\program files (x86)\half-life\half-life 2\hls_fix\src\sp\game\server\release_mod_hl1\hl1_monster_gargantua.obj
c:\program files (x86)\half-life\half-life 2\hls_fix\src\sp\game\server\release_mod_hl1\hl1_monster_snark.obj
c:\program files (x86)\half-life\half-life 2\hls_fix\src\sp\game\server\release_mod_hl1\hl1_usermessages.obj
c:\program files (x86)\half-life\half-life 2\hls_fix\src\sp\game\server\release_mod_hl1\hl1_weapon_crossbow.obj
c:\program files (x86)\half-life\half-life 2\hls_fix\src\sp\game\server\release_mod_hl1\hl1_weapon_rpg.obj
c:\program files (x86)\half-life\half-life 2\hls_fix\src\sp\game\server\release_mod_hl1\smoke_trail.obj
c:\program files (x86)\half-life\half-life 2\hls_fix\src\sp\game\server\release_mod_hl1\te_gaussexplosion.obj
c:\program files (x86)\half-life\half-life 2\hls_fix\src\sp\game\server\release_mod_hl1\te_showline.obj
c:\program files (x86)\half-life\half-life 2\hls_fix\src\sp\game\server\release_mod_hl1\achievement_saverestore.obj
c:\program files (x86)\half-life\half-life 2\hls_fix\src\sp\game\server\release_mod_hl1\ai_basenpc_squad.obj
c:\program files (x86)\half-life\half-life 2\hls_fix\src\sp\game\server\release_mod_hl1\ai_blended_movement.obj
c:\program files (x86)\half-life\half-life 2\hls_fix\src\sp\game\server\release_mod_hl1\ai_initutils.obj
c:\program files (x86)\half-life\half-life 2\hls_fix\src\sp\game\server\release_mod_hl1\ai_navigator.obj
c:\program files (x86)\half-life\half-life 2\hls_fix\src\sp\game\server\release_mod_hl1\ai_speech.obj
c:\program files (x86)\half-life\half-life 2\hls_fix\src\sp\game\server\release_mod_hl1\base_transmit_proxy.obj
c:\program files (x86)\half-life\half-life 2\hls_fix\src\sp\game\server\release_mod_hl1\baseanimatingoverlay.obj
c:\program files (x86)\half-life\half-life 2\hls_fix\src\sp\game\server\release_mod_hl1\baseparticleentity.obj
c:\program files (x86)\half-life\half-life 2\hls_fix\src\sp\game\server\release_mod_hl1\baseviewmodel_shared.obj
c:\program files (x86)\half-life\half-life 2\hls_fix\src\sp\game\server\release_mod_hl1\colorcorrection.obj
c:\program files (x86)\half-life\half-life 2\hls_fix\src\sp\game\server\release_mod_hl1\cplane.obj
c:\program files (x86)\half-life\half-life 2\hls_fix\src\sp\game\server\release_mod_hl1\debugoverlay_shared.obj
c:\program files (x86)\half-life\half-life 2\hls_fix\src\sp\game\server\release_mod_hl1\effectsserver.obj
c:\program files (x86)\half-life\half-life 2\hls_fix\src\sp\game\server\release_mod_hl1\entitylist.obj
c:\program files (x86)\half-life\half-life 2\hls_fix\src\sp\game\server\release_mod_hl1\envfade.obj
c:\program files (x86)\half-life\half-life 2\hls_fix\src\sp\game\server\release_mod_hl1\envspark.obj
c:\program files (x86)\half-life\half-life 2\hls_fix\src\sp\game\server\release_mod_hl1\fourwheelvehiclephysics.obj
c:\program files (x86)\half-life\half-life 2\hls_fix\src\sp\game\server\release_mod_hl1\genericactor.obj
c:\program files (x86)\half-life\half-life 2\hls_fix\src\sp\game\server\release_mod_hl1\logicrelay.obj
c:\program files (x86)\half-life\half-life 2\hls_fix\src\sp\game\server\release_mod_hl1\movement.obj
c:\program files (x86)\half-life\half-life 2\hls_fix\src\sp\game\server\release_mod_hl1\particlesystemquery.obj
c:\program files (x86)\half-life\half-life 2\hls_fix\src\sp\game\server\release_mod_hl1\physics_saverestore.obj
c:\program files (x86)\half-life\half-life 2\hls_fix\src\sp\game\server\release_mod_hl1\point_posecontroller.obj
c:\program files (x86)\half-life\half-life 2\hls_fix\src\sp\game\server\release_mod_hl1\predicted_viewmodel.obj
c:\program files (x86)\half-life\half-life 2\hls_fix\src\sp\game\server\release_mod_hl1\rope_helpers.obj
c:\program files (x86)\half-life\half-life 2\hls_fix\src\sp\game\server\release_mod_hl1\scenecache.obj
c:\program files (x86)\half-life\half-life 2\hls_fix\src\sp\game\server\release_mod_hl1\skycamera.obj
c:\program files (x86)\half-life\half-life 2\hls_fix\src\sp\game\server\release_mod_hl1\soundparametersinternal.obj
c:\program files (x86)\half-life\half-life 2\hls_fix\src\sp\game\server\release_mod_hl1\soundscape_system.obj
c:\program files (x86)\half-life\half-life 2\hls_fix\src\sp\game\server\release_mod_hl1\test_ehandle.obj
c:\program files (x86)\half-life\half-life 2\hls_fix\src\sp\game\server\release_mod_hl1\usercmd.obj
c:\program files (x86)\half-life\half-life 2\hls_fix\src\sp\game\server\release_mod_hl1\wcedit.obj
c:\program files (x86)\half-life\half-life 2\hls_fix\src\sp\game\server\release_mod_hl1\hl1_monster_bigmomma.obj
c:\program files (x86)\half-life\half-life 2\hls_fix\src\sp\game\server\release_mod_hl1\hl1_monster_nihilanth.obj
c:\program files (x86)\half-life\half-life 2\hls_fix\src\sp\game\server\release_mod_hl1\hl1_playermove.obj
c:\program files (x86)\half-life\half-life 2\hls_fix\src\sp\game\server\release_mod_hl1\hl1_speaker.obj
c:\program files (x86)\half-life\half-life 2\hls_fix\src\sp\game\server\release_mod_hl1\hl1_weapon_egon.obj
c:\program files (x86)\half-life\half-life 2\hls_fix\src\sp\game\server\release_mod_hl1\cbasespriteprojectile.obj
c:\program files (x86)\half-life\half-life 2\hls_fix\src\sp\game\server\release_mod_hl1\event_tempentity_tester.obj
c:\program files (x86)\half-life\half-life 2\hls_fix\src\sp\game\server\release_mod_hl1\particle_fire.obj
c:\program files (x86)\half-life\half-life 2\hls_fix\src\sp\game\server\release_mod_hl1\spritetrail.obj
c:\program files (x86)\half-life\half-life 2\hls_fix\src\sp\game\server\release_mod_hl1\te_bloodsprite.obj
c:\program files (x86)\half-life\half-life 2\hls_fix\src\sp\game\server\release_mod_hl1\te_dynamiclight.obj
c:\program files (x86)\half-life\half-life 2\hls_fix\src\sp\game\server\release_mod_hl1\te_glassshatter.obj
c:\program files (x86)\half-life\half-life 2\hls_fix\src\sp\game\server\release_mod_hl1\usermessages.obj
c:\program files (x86)\half-life\half-life 2\hls_fix\src\sp\game\server\release_mod_hl1\ai_basenpc_movement.obj
c:\program files (x86)\half-life\half-life 2\hls_fix\src\sp\game\server\release_mod_hl1\ai_behavior.obj
c:\program files (x86)\half-life\half-life 2\hls_fix\src\sp\game\server\release_mod_hl1\ai_concommands.obj
c:\program files (x86)\half-life\half-life 2\hls_fix\src\sp\game\server\release_mod_hl1\ai_hull.obj
c:\program files (x86)\half-life\half-life 2\hls_fix\src\sp\game\server\release_mod_hl1\ai_interest_target.obj
c:\program files (x86)\half-life\half-life 2\hls_fix\src\sp\game\server\release_mod_hl1\ai_localnavigator.obj
c:\program files (x86)\half-life\half-life 2\hls_fix\src\sp\game\server\release_mod_hl1\ai_networkmanager.obj
c:\program files (x86)\half-life\half-life 2\hls_fix\src\sp\game\server\release_mod_hl1\ai_squad.obj
c:\program files (x86)\half-life\half-life 2\hls_fix\src\sp\game\server\release_mod_hl1\basecombatweapon.obj
c:\program files (x86)\half-life\half-life 2\hls_fix\src\sp\game\server\release_mod_hl1\beam_shared.obj
c:\program files (x86)\half-life\half-life 2\hls_fix\src\sp\game\server\release_mod_hl1\colorcorrectionvolume.obj
c:\program files (x86)\half-life\half-life 2\hls_fix\src\sp\game\server\release_mod_hl1\entitydissolve.obj
c:\program files (x86)\half-life\half-life 2\hls_fix\src\sp\game\server\release_mod_hl1\fire.obj
c:\program files (x86)\half-life\half-life 2\hls_fix\src\sp\game\server\release_mod_hl1\func_movelinear.obj
c:\program files (x86)\half-life\half-life 2\hls_fix\src\sp\game\server\release_mod_hl1\gamerules.obj
c:\program files (x86)\half-life\half-life 2\hls_fix\src\sp\game\server\release_mod_hl1\logicentities.obj
c:\program files (x86)\half-life\half-life 2\hls_fix\src\sp\game\server\release_mod_hl1\phys_controller.obj
c:\program files (x86)\half-life\half-life 2\hls_fix\src\sp\game\server\release_mod_hl1\physics_fx.obj
c:\program files (x86)\half-life\half-life 2\hls_fix\src\sp\game\server\release_mod_hl1\physics_main_shared.obj
c:\program files (x86)\half-life\half-life 2\hls_fix\src\sp\game\server\release_mod_hl1\ragdoll_shared.obj
c:\program files (x86)\half-life\half-life 2\hls_fix\src\sp\game\server\release_mod_hl1\scripted.obj
c:\program files (x86)\half-life\half-life 2\hls_fix\src\sp\game\server\release_mod_hl1\takedamageinfo.obj
c:\program files (x86)\half-life\half-life 2\hls_fix\src\sp\game\server\release_mod_hl1\templateentities.obj
c:\program files (x86)\half-life\half-life 2\hls_fix\src\sp\game\server\release_mod_hl1\util.obj
c:\program files (x86)\half-life\half-life 2\hls_fix\src\sp\game\server\release_mod_hl1\hl1_baseweapon.obj
c:\program files (x86)\half-life\half-life 2\hls_fix\src\sp\game\server\release_mod_hl1\hl1_gamemovement.obj
c:\program files (x86)\half-life\half-life 2\hls_fix\src\sp\game\server\release_mod_hl1\hl1_items.obj
c:\program files (x86)\half-life\half-life 2\hls_fix\src\sp\game\server\release_mod_hl1\hl1_monster.obj
c:\program files (x86)\half-life\half-life 2\hls_fix\src\sp\game\server\release_mod_hl1\hl1_monster_flyer_flock.obj
c:\program files (x86)\half-life\half-life 2\hls_fix\src\sp\game\server\release_mod_hl1\hl1_monster_roach.obj
c:\program files (x86)\half-life\half-life 2\hls_fix\src\sp\game\server\release_mod_hl1\hl1_triggers.obj
c:\program files (x86)\half-life\half-life 2\hls_fix\src\sp\game\server\release_mod_hl1\hl1_weapon_crowbar.obj
c:\program files (x86)\half-life\half-life 2\hls_fix\src\sp\game\server\release_mod_hl1\hl1_weapon_satchel.obj
c:\program files (x86)\half-life\half-life 2\hls_fix\src\sp\game\server\release_mod_hl1\grenade_homer.obj
c:\program files (x86)\half-life\half-life 2\hls_fix\src\sp\game\server\release_mod_hl1\te_beamringpoint.obj
c:\program files (x86)\half-life\half-life 2\hls_fix\src\sp\game\server\release_mod_hl1\te_effect_dispatch.obj
c:\program files (x86)\half-life\half-life 2\hls_fix\src\sp\game\server\release_mod_hl1\te_impact.obj
c:\program files (x86)\half-life\half-life 2\hls_fix\src\sp\game\server\release_mod_hl1\te_sprite.obj
c:\program files (x86)\half-life\half-life 2\hls_fix\src\sp\game\server\release_mod_hl1\ai_basenpc_flyer.obj
c:\program files (x86)\half-life\half-life 2\hls_fix\src\sp\game\server\release_mod_hl1\ai_behavior_fear.obj
c:\program files (x86)\half-life\half-life 2\hls_fix\src\sp\game\server\release_mod_hl1\ai_criteria.obj
c:\program files (x86)\half-life\half-life 2\hls_fix\src\sp\game\server\release_mod_hl1\ai_eventresponse.obj
c:\program files (x86)\half-life\half-life 2\hls_fix\src\sp\game\server\release_mod_hl1\ai_movesolver.obj
c:\program files (x86)\half-life\half-life 2\hls_fix\src\sp\game\server\release_mod_hl1\ai_network.obj
c:\program files (x86)\half-life\half-life 2\hls_fix\src\sp\game\server\release_mod_hl1\ai_schedule.obj
c:\program files (x86)\half-life\half-life 2\hls_fix\src\sp\game\server\release_mod_hl1\ai_task.obj
c:\program files (x86)\half-life\half-life 2\hls_fix\src\sp\game\server\release_mod_hl1\baseachievement.obj
c:\program files (x86)\half-life\half-life 2\hls_fix\src\sp\game\server\release_mod_hl1\basegrenade_contact.obj
c:\program files (x86)\half-life\half-life 2\hls_fix\src\sp\game\server\release_mod_hl1\basegrenade_shared.obj
c:\program files (x86)\half-life\half-life 2\hls_fix\src\sp\game\server\release_mod_hl1\buttons.obj
c:\program files (x86)\half-life\half-life 2\hls_fix\src\sp\game\server\release_mod_hl1\cragdollmagnet.obj
c:\program files (x86)\half-life\half-life 2\hls_fix\src\sp\game\server\release_mod_hl1\effect_dispatch_data.obj
c:\program files (x86)\half-life\half-life 2\hls_fix\src\sp\game\server\release_mod_hl1\entityblocker.obj
c:\program files (x86)\half-life\half-life 2\hls_fix\src\sp\game\server\release_mod_hl1\entityparticletrail.obj
c:\program files (x86)\half-life\half-life 2\hls_fix\src\sp\game\server\release_mod_hl1\env_particlescript.obj
c:\program files (x86)\half-life\half-life 2\hls_fix\src\sp\game\server\release_mod_hl1\envhudhint.obj
c:\program files (x86)\half-life\half-life 2\hls_fix\src\sp\game\server\release_mod_hl1\eventlog.obj
c:\program files (x86)\half-life\half-life 2\hls_fix\src\sp\game\server\release_mod_hl1\func_areaportalwindow.obj
c:\program files (x86)\half-life\half-life 2\hls_fix\src\sp\game\server\release_mod_hl1\func_lod.obj
c:\program files (x86)\half-life\half-life 2\hls_fix\src\sp\game\server\release_mod_hl1\func_occluder.obj
c:\program files (x86)\half-life\half-life 2\hls_fix\src\sp\game\server\release_mod_hl1\gamestringpool.obj
c:\program files (x86)\half-life\half-life 2\hls_fix\src\sp\game\server\release_mod_hl1\grenadethrown.obj
c:\program files (x86)\half-life\half-life 2\hls_fix\src\sp\game\server\release_mod_hl1\haptic_msgs.obj
c:\program files (x86)\half-life\half-life 2\hls_fix\src\sp\game\server\release_mod_hl1\hintsystem.obj
c:\program files (x86)\half-life\half-life 2\hls_fix\src\sp\game\server\release_mod_hl1\item_world.obj
c:\program files (x86)\half-life\half-life 2\hls_fix\src\sp\game\server\release_mod_hl1\movehelper_server.obj
c:\program files (x86)\half-life\half-life 2\hls_fix\src\sp\game\server\release_mod_hl1\particle_light.obj
c:\program files (x86)\half-life\half-life 2\hls_fix\src\sp\game\server\release_mod_hl1\pathtrack.obj
c:\program files (x86)\half-life\half-life 2\hls_fix\src\sp\game\server\release_mod_hl1\physics_cannister.obj
c:\program files (x86)\half-life\half-life 2\hls_fix\src\sp\game\server\release_mod_hl1\player_lagcompensation.obj
c:\program files (x86)\half-life\half-life 2\hls_fix\src\sp\game\server\release_mod_hl1\point_playermoveconstraint.obj
c:\program files (x86)\half-life\half-life 2\hls_fix\src\sp\game\server\release_mod_hl1\predictableid.obj
c:\program files (x86)\half-life\half-life 2\hls_fix\src\sp\game\server\release_mod_hl1\ragdollboogie.obj
c:\program files (x86)\half-life\half-life 2\hls_fix\src\sp\game\server\release_mod_hl1\sceneentity.obj
c:\program files (x86)\half-life\half-life 2\hls_fix\src\sp\game\server\release_mod_hl1\variant_t.obj
c:\program files (x86)\half-life\half-life 2\hls_fix\src\sp\game\server\release_mod_hl1\voice_gamemgr.obj
c:\program files (x86)\half-life\half-life 2\hls_fix\src\sp\game\server\release_mod_hl1\waterlodcontrol.obj
c:\program files (x86)\half-life\half-life 2\hls_fix\src\sp\game\server\release_mod_hl1\world.obj
c:\program files (x86)\half-life\half-life 2\hls_fix\src\sp\game\server\release_mod_hl1\hl1_item_suit.obj
c:\program files (x86)\half-life\half-life 2\hls_fix\src\sp\game\server\release_mod_hl1\hl1_monster_assassin.obj
c:\program files (x86)\half-life\half-life 2\hls_fix\src\sp\game\server\release_mod_hl1\hl1_monster_hgrunt.obj
c:\program files (x86)\half-life\half-life 2\hls_fix\src\sp\game\server\release_mod_hl1\hl1_monster_zombie.obj
c:\program files (x86)\half-life\half-life 2\hls_fix\src\sp\game\server\release_mod_hl1\hl1_weapon_handgrenade.obj
c:\program files (x86)\half-life\half-life 2\hls_fix\src\sp\game\server\release_mod_hl1\look_door.obj
c:\program files (x86)\half-life\half-life 2\hls_fix\src\sp\game\server\release_mod_hl1\basetempentity.obj
c:\program files (x86)\half-life\half-life 2\hls_fix\src\sp\game\server\release_mod_hl1\movie_explosion.obj
c:\program files (x86)\half-life\half-life 2\hls_fix\src\sp\game\server\release_mod_hl1\smokestack.obj
c:\program files (x86)\half-life\half-life 2\hls_fix\src\sp\game\server\release_mod_hl1\te_bloodstream.obj
c:\program files (x86)\half-life\half-life 2\hls_fix\src\sp\game\server\release_mod_hl1\te_energysplash.obj
c:\program files (x86)\half-life\half-life 2\hls_fix\src\sp\game\server\release_mod_hl1\te_playerdecal.obj
c:\program files (x86)\half-life\half-life 2\hls_fix\src\sp\game\server\release_mod_hl1\te_worlddecal.obj
c:\program files (x86)\half-life\half-life 2\hls_fix\src\sp\game\server\release_mod_hl1\activitylist.obj
c:\program files (x86)\half-life\half-life 2\hls_fix\src\sp\game\server\release_mod_hl1\ai_behavior_standoff.obj
c:\program files (x86)\half-life\half-life 2\hls_fix\src\sp\game\server\release_mod_hl1\ai_link.obj
c:\program files (x86)\half-life\half-life 2\hls_fix\src\sp\game\server\release_mod_hl1\ai_memory.obj
c:\program files (x86)\half-life\half-life 2\hls_fix\src\sp\game\server\release_mod_hl1\ai_responsesystem.obj
c:\program files (x86)\half-life\half-life 2\hls_fix\src\sp\game\server\release_mod_hl1\ai_utils.obj
c:\program files (x86)\half-life\half-life 2\hls_fix\src\sp\game\server\release_mod_hl1\baseentity.obj
c:\program files (x86)\half-life\half-life 2\hls_fix\src\sp\game\server\release_mod_hl1\filters.obj
c:\program files (x86)\half-life\half-life 2\hls_fix\src\sp\game\server\release_mod_hl1\gib.obj
c:\program files (x86)\half-life\half-life 2\hls_fix\src\sp\game\server\release_mod_hl1\igamesystem.obj
c:\program files (x86)\half-life\half-life 2\hls_fix\src\sp\game\server\release_mod_hl1\logic_achievement.obj
c:\program files (x86)\half-life\half-life 2\hls_fix\src\sp\game\server\release_mod_hl1\mapentities.obj
c:\program files (x86)\half-life\half-life 2\hls_fix\src\sp\game\server\release_mod_hl1\physics_bone_follower.obj
c:\program files (x86)\half-life\half-life 2\hls_fix\src\sp\game\server\release_mod_hl1\physics_npc_solver.obj
c:\program files (x86)\half-life\half-life 2\hls_fix\src\sp\game\server\release_mod_hl1\plugin_check.obj
c:\program files (x86)\half-life\half-life 2\hls_fix\src\sp\game\server\release_mod_hl1\point_devshot_camera.obj
c:\program files (x86)\half-life\half-life 2\hls_fix\src\sp\game\server\release_mod_hl1\precache_register.obj
c:\program files (x86)\half-life\half-life 2\hls_fix\src\sp\game\server\release_mod_hl1\querycache.obj
c:\program files (x86)\half-life\half-life 2\hls_fix\src\sp\game\server\release_mod_hl1\sceneentity_shared.obj
c:\program files (x86)\half-life\half-life 2\hls_fix\src\sp\game\server\release_mod_hl1\sendproxy.obj
c:\program files (x86)\half-life\half-life 2\hls_fix\src\sp\game\server\release_mod_hl1\shadowcontrol.obj
c:\program files (x86)\half-life\half-life 2\hls_fix\src\sp\game\server\release_mod_hl1\soundent.obj
c:\program files (x86)\half-life\half-life 2\hls_fix\src\sp\game\server\release_mod_hl1\sprite.obj
c:\program files (x86)\half-life\half-life 2\hls_fix\src\sp\game\server\release_mod_hl1\tesla.obj
c:\program files (x86)\half-life\half-life 2\hls_fix\src\sp\game\server\release_mod_hl1\testtraceline.obj
c:\program files (x86)\half-life\half-life 2\hls_fix\src\sp\game\server\release_mod_hl1\vote_controller.obj
c:\program files (x86)\half-life\half-life 2\hls_fix\src\sp\game\server\release_mod_hl1\hl1_basegrenade.obj
c:\program files (x86)\half-life\half-life 2\hls_fix\src\sp\game\server\release_mod_hl1\hl1_funcs.obj
c:\program files (x86)\half-life\half-life 2\hls_fix\src\sp\game\server\release_mod_hl1\hl1_monster_headcrab.obj
c:\program files (x86)\half-life\half-life 2\hls_fix\src\sp\game\server\release_mod_hl1\hl1_monster_scientist.obj
c:\program files (x86)\half-life\half-life 2\hls_fix\src\sp\game\server\release_mod_hl1\te_armorricochet.obj
c:\program files (x86)\half-life\half-life 2\hls_fix\src\sp\game\server\release_mod_hl1\te_beamlaser.obj
c:\program files (x86)\half-life\half-life 2\hls_fix\src\sp\game\server\release_mod_hl1\te_bubbletrail.obj
c:\program files (x86)\half-life\half-life 2\hls_fix\src\sp\game\server\release_mod_hl1\te_killplayerattachments.obj
c:\program files (x86)\half-life\half-life 2\hls_fix\src\sp\game\server\release_mod_hl1\te_smoke.obj
c:\program files (x86)\half-life\half-life 2\hls_fix\src\sp\game\server\release_mod_hl1\ai_basenpc.obj
c:\program files (x86)\half-life\half-life 2\hls_fix\src\sp\game\server\release_mod_hl1\ai_speechfilter.obj
c:\program files (x86)\half-life\half-life 2\hls_fix\src\sp\game\server\release_mod_hl1\basemultiplayerplayer.obj
c:\program files (x86)\half-life\half-life 2\hls_fix\src\sp\game\server\release_mod_hl1\cbase.obj
c:\program files (x86)\half-life\half-life 2\hls_fix\src\sp\game\server\release_mod_hl1\death_pose.obj
c:\program files (x86)\half-life\half-life 2\hls_fix\src\sp\game\server\release_mod_hl1\doors.obj
c:\program files (x86)\half-life\half-life 2\hls_fix\src\sp\game\server\release_mod_hl1\env_debughistory.obj
c:\program files (x86)\half-life\half-life 2\hls_fix\src\sp\game\server\release_mod_hl1\env_player_surface_trigger.obj
c:\program files (x86)\half-life\half-life 2\hls_fix\src\sp\game\server\release_mod_hl1\env_texturetoggle.obj
c:\program files (x86)\half-life\half-life 2\hls_fix\src\sp\game\server\release_mod_hl1\fire_smoke.obj
c:\program files (x86)\half-life\half-life 2\hls_fix\src\sp\game\server\release_mod_hl1\func_dust.obj
c:\program files (x86)\half-life\half-life 2\hls_fix\src\sp\game\server\release_mod_hl1\func_smokevolume.obj
c:\program files (x86)\half-life\half-life 2\hls_fix\src\sp\game\server\release_mod_hl1\gamevars_shared.obj
c:\program files (x86)\half-life\half-life 2\hls_fix\src\sp\game\server\release_mod_hl1\globals.obj
c:\program files (x86)\half-life\half-life 2\hls_fix\src\sp\game\server\release_mod_hl1\guntarget.obj
c:\program files (x86)\half-life\half-life 2\hls_fix\src\sp\game\server\release_mod_hl1\hierarchy.obj
c:\program files (x86)\half-life\half-life 2\hls_fix\src\sp\game\server\release_mod_hl1\info_overlay_accessor.obj
c:\program files (x86)\half-life\half-life 2\hls_fix\src\sp\game\server\release_mod_hl1\lights.obj
c:\program files (x86)\half-life\half-life 2\hls_fix\src\sp\game\server\release_mod_hl1\maprules.obj
c:\program files (x86)\half-life\half-life 2\hls_fix\src\sp\game\server\release_mod_hl1\multiplay_gamerules.obj
c:\program files (x86)\half-life\half-life 2\hls_fix\src\sp\game\server\release_mod_hl1\physics_prop_ragdoll.obj
c:\program files (x86)\half-life\half-life 2\hls_fix\src\sp\game\server\release_mod_hl1\simtimer.obj
c:\program files (x86)\half-life\half-life 2\hls_fix\src\sp\game\server\release_mod_hl1\slideshow_display.obj
c:\program files (x86)\half-life\half-life 2\hls_fix\src\sp\game\server\release_mod_hl1\studio_shared.obj
c:\program files (x86)\half-life\half-life 2\hls_fix\src\sp\game\server\release_mod_hl1\survival_gamerules.obj
c:\program files (x86)\half-life\half-life 2\hls_fix\src\sp\game\server\release_mod_hl1\tactical_mission.obj
c:\program files (x86)\half-life\half-life 2\hls_fix\src\sp\game\server\release_mod_hl1\test_proxytoggle.obj
c:\program files (x86)\half-life\half-life 2\hls_fix\src\sp\game\server\release_mod_hl1\trains.obj
c:\program files (x86)\half-life\half-life 2\hls_fix\src\sp\game\server\release_mod_hl1\hl1_grenade_mp5.obj
c:\program files (x86)\half-life\half-life 2\hls_fix\src\sp\game\server\release_mod_hl1\hl1_monster_bullsquid.obj
c:\program files (x86)\half-life\half-life 2\hls_fix\src\sp\game\server\release_mod_hl1\hl1_monster_leech.obj
c:\program files (x86)\half-life\half-life 2\hls_fix\src\sp\game\server\release_mod_hl1\hl1_monster_tentacle.obj
c:\program files (x86)\half-life\half-life 2\hls_fix\src\sp\game\server\release_mod_hl1\hl1_weapon_mp5.obj
c:\program files (x86)\half-life\half-life 2\hls_fix\src\sp\game\server\release_mod_hl1\hl1_weaponbox.obj
c:\program files (x86)\half-life\half-life 2\hls_fix\src\sp\game\server\release_mod_hl1\grenade_beam.obj
c:\program files (x86)\half-life\half-life 2\hls_fix\src\sp\game\server\release_mod_hl1\steamjet.obj
c:\program files (x86)\half-life\half-life 2\hls_fix\src\sp\game\server\release_mod_hl1\te_beamfollow.obj
c:\program files (x86)\half-life\half-life 2\hls_fix\src\sp\game\server\release_mod_hl1\te_bubbles.obj
c:\program files (x86)\half-life\half-life 2\hls_fix\src\sp\game\server\release_mod_hl1\te_largefunnel.obj
c:\program files (x86)\half-life\half-life 2\hls_fix\src\sp\game\server\release_mod_hl1\entity_tools_server.obj
c:\program files (x86)\half-life\half-life 2\hls_fix\src\sp\game\server\release_mod_hl1\ai_basehumanoid.obj
c:\program files (x86)\half-life\half-life 2\hls_fix\src\sp\game\server\release_mod_hl1\ai_behavior_lead.obj
c:\program files (x86)\half-life\half-life 2\hls_fix\src\sp\game\server\release_mod_hl1\ai_playerally.obj
c:\program files (x86)\half-life\half-life 2\hls_fix\src\sp\game\server\release_mod_hl1\basecombatweapon_shared.obj
c:\program files (x86)\half-life\half-life 2\hls_fix\src\sp\game\server\release_mod_hl1\baseplayer_shared.obj
c:\program files (x86)\half-life\half-life 2\hls_fix\src\sp\game\server\release_mod_hl1\entitylist_base.obj
c:\program files (x86)\half-life\half-life 2\hls_fix\src\sp\game\server\release_mod_hl1\env_detail_controller.obj
c:\program files (x86)\half-life\half-life 2\hls_fix\src\sp\game\server\release_mod_hl1\env_projectedtexture.obj
c:\program files (x86)\half-life\half-life 2\hls_fix\src\sp\game\server\release_mod_hl1\envbeam.obj
c:\program files (x86)\half-life\half-life 2\hls_fix\src\sp\game\server\release_mod_hl1\fogcontroller.obj
c:\program files (x86)\half-life\half-life 2\hls_fix\src\sp\game\server\release_mod_hl1\func_monitor.obj
c:\program files (x86)\half-life\half-life 2\hls_fix\src\sp\game\server\release_mod_hl1\gamestats.obj
c:\program files (x86)\half-life\half-life 2\hls_fix\src\sp\game\server\release_mod_hl1\lightglow.obj
c:\program files (x86)\half-life\half-life 2\hls_fix\src\sp\game\server\release_mod_hl1\mapentities_shared.obj
c:\program files (x86)\half-life\half-life 2\hls_fix\src\sp\game\server\release_mod_hl1\modelsoundscache.obj
c:\program files (x86)\half-life\half-life 2\hls_fix\src\sp\game\server\release_mod_hl1\particle_system.obj
c:\program files (x86)\half-life\half-life 2\hls_fix\src\sp\game\server\release_mod_hl1\physobj.obj
c:\program files (x86)\half-life\half-life 2\hls_fix\src\sp\game\server\release_mod_hl1\pointangularvelocitysensor.obj
c:\program files (x86)\half-life\half-life 2\hls_fix\src\sp\game\server\release_mod_hl1\recipientfilter.obj
c:\program files (x86)\half-life\half-life 2\hls_fix\src\sp\game\server\release_mod_hl1\saverestore_gamedll.obj
c:\program files (x86)\half-life\half-life 2\hls_fix\src\sp\game\server\release_mod_hl1\scriptedtarget.obj
c:\program files (x86)\half-life\half-life 2\hls_fix\src\sp\game\server\release_mod_hl1\spotlightend.obj
c:\program files (x86)\half-life\half-life 2\hls_fix\src\sp\game\server\release_mod_hl1\sun.obj
c:\program files (x86)\half-life\half-life 2\hls_fix\src\sp\game\server\release_mod_hl1\teamplay_gamerules.obj
c:\program files (x86)\half-life\half-life 2\hls_fix\src\sp\game\server\release_mod_hl1\util_shared.obj
c:\program files (x86)\half-life\half-life 2\hls_fix\src\sp\game\server\release_mod_hl1\waterbullet.obj
c:\program files (x86)\half-life\half-life 2\hls_fix\src\sp\game\server\release_mod_hl1\weapon_proficiency.obj
c:\program files (x86)\half-life\half-life 2\hls_fix\src\sp\game\server\release_mod_hl1\actanimating.obj
c:\program files (x86)\half-life\half-life 2\hls_fix\src\sp\game\server\release_mod_hl1\hl1_env.obj
c:\program files (x86)\half-life\half-life 2\hls_fix\src\sp\game\server\release_mod_hl1\hl1_item_ammo.obj
c:\program files (x86)\half-life\half-life 2\hls_fix\src\sp\game\server\release_mod_hl1\hl1_monster_alien_grunt.obj
c:\program files (x86)\half-life\half-life 2\hls_fix\src\sp\game\server\release_mod_hl1\hl1_monster_hornet.obj
c:\program files (x86)\half-life\half-life 2\hls_fix\src\sp\game\server\release_mod_hl1\hl1_monster_squad.obj
c:\program files (x86)\half-life\half-life 2\hls_fix\src\sp\game\server\release_mod_hl1\hl1_player.obj
c:\program files (x86)\half-life\half-life 2\hls_fix\src\sp\game\server\release_mod_hl1\hl1_xen.obj
c:\program files (x86)\half-life\half-life 2\hls_fix\src\sp\game\server\release_mod_hl1\te_bspdecal.obj
c:\program files (x86)\half-life\half-life 2\hls_fix\src\sp\game\server\release_mod_hl1\te_footprintdecal.obj
c:\program files (x86)\half-life\half-life 2\hls_fix\src\sp\game\server\release_mod_hl1\te_particlesystem.obj
c:\program files (x86)\half-life\half-life 2\hls_fix\src\sp\game\server\release_mod_hl1\filesystem_helpers.obj
c:\program files (x86)\half-life\half-life 2\hls_fix\src\sp\game\server\release_mod_hl1\randoverride.obj
c:\program files (x86)\half-life\half-life 2\hls_fix\src\sp\game\server\release_mod_hl1\simple_physics.obj
c:\program files (x86)\half-life\half-life 2\hls_fix\src\sp\game\server\release_mod_hl1\dt_utlvector_send.obj
c:\program files (x86)\half-life\half-life 2\hls_fix\src\sp\game\server\release_mod_hl1\memoverride.obj
c:\program files (x86)\half-life\half-life 2\hls_fix\src\sp\game\server\release_mod_hl1\editor_sendcommand.obj
c:\program files (x86)\half-life\half-life 2\hls_fix\src\sp\game\server\release_mod_hl1\server_class.obj
c:\program files (x86)\half-life\half-life 2\hls_fix\src\sp\game\server\release_mod_hl1\init_factory.obj
c:\program files (x86)\half-life\half-life 2\hls_fix\src\sp\game\server\release_mod_hl1\interval.obj
c:\program files (x86)\half-life\half-life 2\hls_fix\src\sp\game\server\release_mod_hl1\scratchpad3d.obj
c:\program files (x86)\half-life\half-life 2\hls_fix\src\sp\game\server\release_mod_hl1\dt_send.obj
c:\program files (x86)\half-life\half-life 2\hls_fix\src\sp\game\server\release_mod_hl1\networkvar.obj
c:\program files (x86)\half-life\half-life 2\hls_fix\src\sp\game\server\release_mod_hl1\registry.obj
c:\program files (x86)\half-life\half-life 2\hls_fix\src\sp\game\server\release_mod_hl1\gamestats_basicstatsfunctions.obj
c:\program files (x86)\half-life\half-life 2\hls_fix\src\sp\game\server\release_mod_hl1\interpolatortypes.obj
c:\program files (x86)\half-life\half-life 2\hls_fix\src\sp\game\server\release_mod_hl1\keyframe.obj
c:\program files (x86)\half-life\half-life 2\hls_fix\src\sp\game\server\release_mod_hl1\studio.obj
c:\program files (x86)\half-life\half-life 2\hls_fix\src\sp\game\server\release_mod_hl1\dt_utlvector_common.obj
c:\program files (x86)\half-life\half-life 2\hls_fix\src\sp\game\server\release_mod_hl1\map_utils.obj
c:\program files (x86)\half-life\half-life 2\hls_fix\src\sp\game\server\release_mod_hl1\stringregistry.obj
c:\program files (x86)\half-life\half-life 2\hls_fix\src\sp\game\server\release_mod_hl1\bone_setup.obj
c:\program files (x86)\half-life\half-life 2\hls_fix\src\sp\game\server\release_mod_hl1\gamehandle.obj
c:\program files (x86)\half-life\half-life 2\hls_fix\src\sp\game\server\release_mod_hl1\language.obj
c:\program files (x86)\half-life\half-life 2\hls_fix\src\sp\game\server\release_mod_hl1\sheetsimulator.obj
c:\program files (x86)\half-life\half-life 2\hls_fix\src\sp\game\server\release_mod_hl1\h_export.obj
c:\program files (x86)\half-life\half-life 2\hls_fix\src\sp\game\server\release_mod_hl1\rope_physics.obj
c:\program files (x86)\half-life\half-life 2\hls_fix\src\sp\game\server\release_mod_hl1\collisionutils.obj
c:\program files (x86)\half-life\half-life 2\hls_fix\src\sp\game\server\release_mod_hl1\scratchpadutils.obj
c:\program files (x86)\half-life\half-life 2\hls_fix\src\sp\game\server\release_mod_hl1\pointeroverride.obj
c:\program files (x86)\half-life\half-life 2\hls_fix\src\sp\game\server\server_hl2.vpc.sentinel
c:\program files (x86)\half-life\half-life 2\hls_fix\bin\server.dll
c:\program files (x86)\half-life\half-life 2\hls_fix\src\sp\game\server\release_mod_hl1\server.pdb
c:\program files (x86)\steam\steamapps\sourcemods\hls_fix\bin\server.lib
c:\program files (x86)\steam\steamapps\sourcemods\hls_fix\bin\server.exp
c:\program files (x86)\half-life\half-life 2\hls_fix\bin\server.lib
c:\program files (x86)\half-life\half-life 2\hls_fix\bin\server.exp
c:\program files (x86)\half-life\half-life 2\hls_fix\src\sp\game\server\..\..\..\..\bin\server.dll
c:\program files (x86)\half-life\half-life 2\hls_fix\src\sp\game\server\release_mod_hl1\server (hl1).tlog\cl.command.1.tlog
c:\program files (x86)\half-life\half-life 2\hls_fix\src\sp\game\server\release_mod_hl1\server (hl1).tlog\cl.read.1.tlog
c:\program files (x86)\half-life\half-life 2\hls_fix\src\sp\game\server\release_mod_hl1\server (hl1).tlog\cl.write.1.tlog
c:\program files (x86)\half-life\half-life 2\hls_fix\src\sp\game\server\release_mod_hl1\server (hl1).tlog\custombuild.command.1.tlog
c:\program files (x86)\half-life\half-life 2\hls_fix\src\sp\game\server\release_mod_hl1\server (hl1).tlog\custombuild.read.1.tlog
c:\program files (x86)\half-life\half-life 2\hls_fix\src\sp\game\server\release_mod_hl1\server (hl1).tlog\custombuild.write.1.tlog
c:\program files (x86)\half-life\half-life 2\hls_fix\src\sp\game\server\release_mod_hl1\server (hl1).tlog\link.command.1.tlog
c:\program files (x86)\half-life\half-life 2\hls_fix\src\sp\game\server\release_mod_hl1\server (hl1).tlog\link.read.1.tlog
c:\program files (x86)\half-life\half-life 2\hls_fix\src\sp\game\server\release_mod_hl1\server (hl1).tlog\link.write.1.tlog
c:\program files (x86)\half-life\half-life 2\hls_fix\src\sp\game\server\release_mod_hl1\server (hl1).tlog\server (hl1).write.1u.tlog
