"p"				"InGameChatClan"
"h"				"+commandmenu"
"k"				"+voicerecord"
"b"				"buy"
","				"buyammo1"
"."				"buyammo2"
"o"				"buyequip"
"F1"			"autobuy"
"F2"			"rebuy"
"F3"			"vote_yes"
"F4"			"vote_no"
"m"				"chooseteam"
"z"				"radio1"
"x"				"radio2"
"c"				"radio3"
"g"				"drop"
"n"				"nightvision"
"u"				"togglenick"
"w"				"+forward"
"UPARROW"		"+forward"
"s"				"+back"
"DOWNARROW"		"+back"
"LEFTARROW"		"+left"
"RIGHTARROW"	"+right"
"a"				"+moveleft"
"d"				"+moveright"
"SPACE"			"+jump"
"CTRL"			"+duck"
"j"			"cheer"
"TAB"			"+showscores"
"i"				"showbriefing"
"e"				"+use"
"'"				"+moveup"
"/"				"+movedown"
"PGUP"			"+lookup"
"PGDN"			"+lookdown"
"END"			"centerview"
"ALT"			"+strafe"
"INS"			"+klook"
";"				"+mlook"
"r"				"+reload"
"SHIFT"			"+speed"
"MOUSE1"		"+attack"
//"ENTER"			"+attack"
"MOUSE2"		"+attack2"
//"\\"			"+attack2"
"f"				"impulse 100"
"t"				"impulse 201"
"1"				"slot1"
"2"				"slot2"
"3"				"slot3"
"4"				"slot4"
"5"				"slot5"
"6"				"slot6"
"7"				"slot7"
"8"				"slot8"
"9"				"slot9"
"0"				"slot10"
"["				"sensitivitydown"
"MWHEELUP"		"invprev"
"]"				"sensitivityup"
"MWHEELDOWN"	"invnext"
"q"				"lastinv"
"F5"			"snapshot"
"F6"			"capturevideo"
"F7"			"livestreaming"
"F10"			"quit prompt"
"PAUSE"			"pause"
"ESCAPE"		"escape"
"~"				"toggleconsole"
"`"				"toggleconsole"
"+"				"sizeup"
"="				"sizeup"
"-"				"sizedown"
"CAPSLOCK" "+showscores2"
"F9"			"InGameChatAll"
"F10"			"InGameChatTeam"
"F11"			"InGameChatClan"
"DEL"			"resetthirdcam"
"y"				"InGameChatReply"